This is pdfTeX, Version 3.14159265-2.6-1.40.16 (TeX Live 2015) (preloaded format=pdflatex 2015.5.24)  13 APR 2016 16:50
entering extended mode
 restricted \write18 enabled.
 file:line:error style messages enabled.
 %&-line parsing enabled.
**Teel_Formation_pmag.tex
(./Teel_Formation_pmag.tex
LaTeX2e <2015/01/01>
Babel <3.9l> and hyphenation patterns for 79 languages loaded.
(/usr/local/texlive/2015/texmf-dist/tex/latex/base/article.cls
Document Class: article 2014/09/29 v1.4h Standard LaTeX document class
(/usr/local/texlive/2015/texmf-dist/tex/latex/base/size11.clo
File: size11.clo 2014/09/29 v1.4h Standard LaTeX file (size option)
)
\c@part=\count79
\c@section=\count80
\c@subsection=\count81
\c@subsubsection=\count82
\c@paragraph=\count83
\c@subparagraph=\count84
\c@figure=\count85
\c@table=\count86
\abovecaptionskip=\skip41
\belowcaptionskip=\skip42
\bibindent=\dimen102
)
(/usr/local/texlive/2015/texmf-dist/tex/latex/graphics/graphicx.sty
Package: graphicx 2014/10/28 v1.0g Enhanced LaTeX Graphics (DPC,SPQR)

(/usr/local/texlive/2015/texmf-dist/tex/latex/graphics/keyval.sty
Package: keyval 2014/10/28 v1.15 key=value parser (DPC)
\KV@toks@=\toks14
)
(/usr/local/texlive/2015/texmf-dist/tex/latex/graphics/graphics.sty
Package: graphics 2014/10/28 v1.0p Standard LaTeX Graphics (DPC,SPQR)

(/usr/local/texlive/2015/texmf-dist/tex/latex/graphics/trig.sty
Package: trig 1999/03/16 v1.09 sin cos tan (DPC)
)
(/usr/local/texlive/2015/texmf-dist/tex/latex/latexconfig/graphics.cfg
File: graphics.cfg 2010/04/23 v1.9 graphics configuration of TeX Live
)
Package graphics Info: Driver file: pdftex.def on input line 94.

(/usr/local/texlive/2015/texmf-dist/tex/latex/pdftex-def/pdftex.def
File: pdftex.def 2011/05/27 v0.06d Graphics/color for pdfTeX

(/usr/local/texlive/2015/texmf-dist/tex/generic/oberdiek/infwarerr.sty
Package: infwarerr 2010/04/08 v1.3 Providing info/warning/error messages (HO)
)
(/usr/local/texlive/2015/texmf-dist/tex/generic/oberdiek/ltxcmds.sty
Package: ltxcmds 2011/11/09 v1.22 LaTeX kernel commands for general use (HO)
)
\Gread@gobject=\count87
))
\Gin@req@height=\dimen103
\Gin@req@width=\dimen104
)
(/usr/local/texlive/2015/texmf-dist/tex/latex/adjustbox/adjustbox.sty
Package: adjustbox 2012/05/21 v1.0 Adjusting TeX boxes (trim, clip, ...)

(/usr/local/texlive/2015/texmf-dist/tex/latex/xkeyval/xkeyval.sty
Package: xkeyval 2014/12/03 v2.7a package option processing (HA)

(/usr/local/texlive/2015/texmf-dist/tex/generic/xkeyval/xkeyval.tex
(/usr/local/texlive/2015/texmf-dist/tex/generic/xkeyval/xkvutils.tex
\XKV@toks=\toks15
\XKV@tempa@toks=\toks16
)
\XKV@depth=\count88
File: xkeyval.tex 2014/12/03 v2.7a key=value parser (HA)
))
(/usr/local/texlive/2015/texmf-dist/tex/latex/adjustbox/adjcalc.sty
Package: adjcalc 2012/05/16 v1.1 Provides advanced setlength with multiple back
-ends (calc, etex, pgfmath)
)
(/usr/local/texlive/2015/texmf-dist/tex/latex/adjustbox/trimclip.sty
Package: trimclip 2012/05/16 v1.0 Trim and clip general TeX material

(/usr/local/texlive/2015/texmf-dist/tex/latex/collectbox/collectbox.sty
Package: collectbox 2012/05/17 v0.4b Collect macro arguments as boxes
\collectedbox=\box26
)
\tc@llx=\dimen105
\tc@lly=\dimen106
\tc@urx=\dimen107
\tc@ury=\dimen108
Package trimclip Info: Using driver 'tc-pdftex.def'.

(/usr/local/texlive/2015/texmf-dist/tex/latex/adjustbox/tc-pdftex.def
File: tc-pdftex.def 2012/05/13 v1.0 Clipping driver for pdftex
))
\adjbox@Width=\dimen109
\adjbox@Height=\dimen110
\adjbox@Depth=\dimen111
\adjbox@Totalheight=\dimen112

(/usr/local/texlive/2015/texmf-dist/tex/latex/ifoddpage/ifoddpage.sty
Package: ifoddpage 2011/09/13 v1.0 Conditionals for odd/even page detection
\c@checkoddpage=\count89
)
(/usr/local/texlive/2015/texmf-dist/tex/latex/varwidth/varwidth.sty
Package: varwidth 2009/03/30 ver 0.92;  Variable-width minipages
\@vwid@box=\box27
\sift@deathcycles=\count90
\@vwid@loff=\dimen113
\@vwid@roff=\dimen114
))
(/usr/local/texlive/2015/texmf-dist/tex/latex/graphics/color.sty
Package: color 2014/10/28 v1.1a Standard LaTeX Color (DPC)

(/usr/local/texlive/2015/texmf-dist/tex/latex/latexconfig/color.cfg
File: color.cfg 2007/01/18 v1.5 color configuration of teTeX/TeXLive
)
Package color Info: Driver file: pdftex.def on input line 142.
)
(/usr/local/texlive/2015/texmf-dist/tex/latex/tools/enumerate.sty
Package: enumerate 2014/10/28 v3.00 enumerate extensions (DPC)
\@enLab=\toks17
)
(/usr/local/texlive/2015/texmf-dist/tex/latex/geometry/geometry.sty
Package: geometry 2010/09/12 v5.6 Page Geometry

(/usr/local/texlive/2015/texmf-dist/tex/generic/oberdiek/ifpdf.sty
Package: ifpdf 2011/01/30 v2.3 Provides the ifpdf switch (HO)
Package ifpdf Info: pdfTeX in PDF mode is detected.
)
(/usr/local/texlive/2015/texmf-dist/tex/generic/oberdiek/ifvtex.sty
Package: ifvtex 2010/03/01 v1.5 Detect VTeX and its facilities (HO)
Package ifvtex Info: VTeX not detected.
)
(/usr/local/texlive/2015/texmf-dist/tex/generic/ifxetex/ifxetex.sty
Package: ifxetex 2010/09/12 v0.6 Provides ifxetex conditional
)
\Gm@cnth=\count91
\Gm@cntv=\count92
\c@Gm@tempcnt=\count93
\Gm@bindingoffset=\dimen115
\Gm@wd@mp=\dimen116
\Gm@odd@mp=\dimen117
\Gm@even@mp=\dimen118
\Gm@layoutwidth=\dimen119
\Gm@layoutheight=\dimen120
\Gm@layouthoffset=\dimen121
\Gm@layoutvoffset=\dimen122
\Gm@dimlist=\toks18
)
(/usr/local/texlive/2015/texmf-dist/tex/latex/amsmath/amsmath.sty
Package: amsmath 2013/01/14 v2.14 AMS math features
\@mathmargin=\skip43

For additional information on amsmath, use the `?' option.
(/usr/local/texlive/2015/texmf-dist/tex/latex/amsmath/amstext.sty
Package: amstext 2000/06/29 v2.01

(/usr/local/texlive/2015/texmf-dist/tex/latex/amsmath/amsgen.sty
File: amsgen.sty 1999/11/30 v2.0
\@emptytoks=\toks19
\ex@=\dimen123
))
(/usr/local/texlive/2015/texmf-dist/tex/latex/amsmath/amsbsy.sty
Package: amsbsy 1999/11/29 v1.2d
\pmbraise@=\dimen124
)
(/usr/local/texlive/2015/texmf-dist/tex/latex/amsmath/amsopn.sty
Package: amsopn 1999/12/14 v2.01 operator names
)
\inf@bad=\count94
LaTeX Info: Redefining \frac on input line 210.
\uproot@=\count95
\leftroot@=\count96
LaTeX Info: Redefining \overline on input line 306.
\classnum@=\count97
\DOTSCASE@=\count98
LaTeX Info: Redefining \ldots on input line 378.
LaTeX Info: Redefining \dots on input line 381.
LaTeX Info: Redefining \cdots on input line 466.
\Mathstrutbox@=\box28
\strutbox@=\box29
\big@size=\dimen125
LaTeX Font Info:    Redeclaring font encoding OML on input line 566.
LaTeX Font Info:    Redeclaring font encoding OMS on input line 567.
\macc@depth=\count99
\c@MaxMatrixCols=\count100
\dotsspace@=\muskip10
\c@parentequation=\count101
\dspbrk@lvl=\count102
\tag@help=\toks20
\row@=\count103
\column@=\count104
\maxfields@=\count105
\andhelp@=\toks21
\eqnshift@=\dimen126
\alignsep@=\dimen127
\tagshift@=\dimen128
\tagwidth@=\dimen129
\totwidth@=\dimen130
\lineht@=\dimen131
\@envbody=\toks22
\multlinegap=\skip44
\multlinetaggap=\skip45
\mathdisplay@stack=\toks23
LaTeX Info: Redefining \[ on input line 2665.
LaTeX Info: Redefining \] on input line 2666.
)
(/usr/local/texlive/2015/texmf-dist/tex/latex/amsfonts/amssymb.sty
Package: amssymb 2013/01/14 v3.01 AMS font symbols

(/usr/local/texlive/2015/texmf-dist/tex/latex/amsfonts/amsfonts.sty
Package: amsfonts 2013/01/14 v3.01 Basic AMSFonts support
\symAMSa=\mathgroup4
\symAMSb=\mathgroup5
LaTeX Font Info:    Overwriting math alphabet `\mathfrak' in version `bold'
(Font)                  U/euf/m/n --> U/euf/b/n on input line 106.
))
(/usr/local/texlive/2015/texmf-dist/tex/latex/eurosym/eurosym.sty
Package: eurosym 1998/08/06 v1.1 European currency symbol ``Euro''
\@eurobox=\box30
)
(/usr/local/texlive/2015/texmf-dist/tex/latex/ucs/ucs.sty
Package: ucs 2013/05/11 v2.2 UCS: Unicode input support

(/usr/local/texlive/2015/texmf-dist/tex/latex/ucs/data/uni-global.def
File: uni-global.def 2013/05/13 UCS: Unicode global data
)
\uc@secondtry=\count106
\uc@combtoks=\toks24
\uc@combtoksb=\toks25
\uc@temptokena=\toks26
)
(/usr/local/texlive/2015/texmf-dist/tex/latex/base/inputenc.sty
Package: inputenc 2015/03/17 v1.2c Input encoding file
\inpenc@prehook=\toks27
\inpenc@posthook=\toks28

(/usr/local/texlive/2015/texmf-dist/tex/latex/ucs/utf8x.def
File: utf8x.def 2004/10/17 UCS: Input encoding UTF-8
))
(/usr/local/texlive/2015/texmf-dist/tex/latex/fancyvrb/fancyvrb.sty
Package: fancyvrb 2008/02/07

Style option: `fancyvrb' v2.7a, with DG/SPQR fixes, and firstline=lastline fix 
<2008/02/07> (tvz)
\FV@CodeLineNo=\count107
\FV@InFile=\read1
\FV@TabBox=\box31
\c@FancyVerbLine=\count108
\FV@StepNumber=\count109
\FV@OutFile=\write3
)
(/usr/local/texlive/2015/texmf-dist/tex/latex/oberdiek/grffile.sty
Package: grffile 2012/04/05 v1.16 Extended file name support for graphics (HO)

(/usr/local/texlive/2015/texmf-dist/tex/latex/oberdiek/kvoptions.sty
Package: kvoptions 2011/06/30 v3.11 Key value format for package options (HO)

(/usr/local/texlive/2015/texmf-dist/tex/generic/oberdiek/kvsetkeys.sty
Package: kvsetkeys 2012/04/25 v1.16 Key value parser (HO)

(/usr/local/texlive/2015/texmf-dist/tex/generic/oberdiek/etexcmds.sty
Package: etexcmds 2011/02/16 v1.5 Avoid name clashes with e-TeX commands (HO)

(/usr/local/texlive/2015/texmf-dist/tex/generic/oberdiek/ifluatex.sty
Package: ifluatex 2010/03/01 v1.3 Provides the ifluatex switch (HO)
Package ifluatex Info: LuaTeX not detected.
)
Package etexcmds Info: Could not find \expanded.
(etexcmds)             That can mean that you are not using pdfTeX 1.50 or
(etexcmds)             that some package has redefined \expanded.
(etexcmds)             In the latter case, load this package earlier.
)))
(/usr/local/texlive/2015/texmf-dist/tex/generic/oberdiek/pdftexcmds.sty
Package: pdftexcmds 2011/11/29 v0.20 Utility functions of pdfTeX for LuaTeX (HO
)
Package pdftexcmds Info: LuaTeX not detected.
Package pdftexcmds Info: \pdf@primitive is available.
Package pdftexcmds Info: \pdf@ifprimitive is available.
Package pdftexcmds Info: \pdfdraftmode found.
)
Package grffile Info: Option `multidot' is set to `true'.
Package grffile Info: Option `extendedchars' is set to `false'.
Package grffile Info: Option `space' is set to `true'.
Package grffile Info: \Gin@ii of package `graphicx' fixed on input line 486.
)
(/usr/local/texlive/2015/texmf-dist/tex/latex/hyperref/hyperref.sty
Package: hyperref 2012/11/06 v6.83m Hypertext links for LaTeX

(/usr/local/texlive/2015/texmf-dist/tex/generic/oberdiek/hobsub-hyperref.sty
Package: hobsub-hyperref 2012/05/28 v1.13 Bundle oberdiek, subset hyperref (HO)


(/usr/local/texlive/2015/texmf-dist/tex/generic/oberdiek/hobsub-generic.sty
Package: hobsub-generic 2012/05/28 v1.13 Bundle oberdiek, subset generic (HO)
Package: hobsub 2012/05/28 v1.13 Construct package bundles (HO)
Package hobsub Info: Skipping package `infwarerr' (already loaded).
Package hobsub Info: Skipping package `ltxcmds' (already loaded).
Package hobsub Info: Skipping package `ifluatex' (already loaded).
Package hobsub Info: Skipping package `ifvtex' (already loaded).
Package: intcalc 2007/09/27 v1.1 Expandable calculations with integers (HO)
Package hobsub Info: Skipping package `ifpdf' (already loaded).
Package hobsub Info: Skipping package `etexcmds' (already loaded).
Package hobsub Info: Skipping package `kvsetkeys' (already loaded).
Package: kvdefinekeys 2011/04/07 v1.3 Define keys (HO)
Package hobsub Info: Skipping package `pdftexcmds' (already loaded).
Package: pdfescape 2011/11/25 v1.13 Implements pdfTeX's escape features (HO)
Package: bigintcalc 2012/04/08 v1.3 Expandable calculations on big integers (HO
)
Package: bitset 2011/01/30 v1.1 Handle bit-vector datatype (HO)
Package: uniquecounter 2011/01/30 v1.2 Provide unlimited unique counter (HO)
)
Package hobsub Info: Skipping package `hobsub' (already loaded).
Package: letltxmacro 2010/09/02 v1.4 Let assignment for LaTeX macros (HO)
Package: hopatch 2012/05/28 v1.2 Wrapper for package hooks (HO)
Package: xcolor-patch 2011/01/30 xcolor patch
Package: atveryend 2011/06/30 v1.8 Hooks at the very end of document (HO)
Package atveryend Info: \enddocument detected (standard20110627).
Package: atbegshi 2011/10/05 v1.16 At begin shipout hook (HO)
Package: refcount 2011/10/16 v3.4 Data extraction from label references (HO)
Package: hycolor 2011/01/30 v1.7 Color options for hyperref/bookmark (HO)
)
(/usr/local/texlive/2015/texmf-dist/tex/latex/oberdiek/auxhook.sty
Package: auxhook 2011/03/04 v1.3 Hooks for auxiliary files (HO)
)
\@linkdim=\dimen132
\Hy@linkcounter=\count110
\Hy@pagecounter=\count111

(/usr/local/texlive/2015/texmf-dist/tex/latex/hyperref/pd1enc.def
File: pd1enc.def 2012/11/06 v6.83m Hyperref: PDFDocEncoding definition (HO)
)
\Hy@SavedSpaceFactor=\count112

(/usr/local/texlive/2015/texmf-dist/tex/latex/latexconfig/hyperref.cfg
File: hyperref.cfg 2002/06/06 v1.2 hyperref configuration of TeXLive
)
Package hyperref Info: Hyper figures OFF on input line 4443.
Package hyperref Info: Link nesting OFF on input line 4448.
Package hyperref Info: Hyper index ON on input line 4451.
Package hyperref Info: Plain pages OFF on input line 4458.
Package hyperref Info: Backreferencing OFF on input line 4463.
Package hyperref Info: Implicit mode ON; LaTeX internals redefined.
Package hyperref Info: Bookmarks ON on input line 4688.
\c@Hy@tempcnt=\count113

(/usr/local/texlive/2015/texmf-dist/tex/latex/url/url.sty
\Urlmuskip=\muskip11
Package: url 2013/09/16  ver 3.4  Verb mode for urls, etc.
)
LaTeX Info: Redefining \url on input line 5041.
\XeTeXLinkMargin=\dimen133
\Fld@menulength=\count114
\Field@Width=\dimen134
\Fld@charsize=\dimen135
Package hyperref Info: Hyper figures OFF on input line 6295.
Package hyperref Info: Link nesting OFF on input line 6300.
Package hyperref Info: Hyper index ON on input line 6303.
Package hyperref Info: backreferencing OFF on input line 6310.
Package hyperref Info: Link coloring OFF on input line 6315.
Package hyperref Info: Link coloring with OCG OFF on input line 6320.
Package hyperref Info: PDF/A mode OFF on input line 6325.
LaTeX Info: Redefining \ref on input line 6365.
LaTeX Info: Redefining \pageref on input line 6369.
\Hy@abspage=\count115
\c@Item=\count116
\c@Hfootnote=\count117
)

Package hyperref Message: Driver (autodetected): hpdftex.

(/usr/local/texlive/2015/texmf-dist/tex/latex/hyperref/hpdftex.def
File: hpdftex.def 2012/11/06 v6.83m Hyperref driver for pdfTeX
\Fld@listcount=\count118
\c@bookmark@seq@number=\count119

(/usr/local/texlive/2015/texmf-dist/tex/latex/oberdiek/rerunfilecheck.sty
Package: rerunfilecheck 2011/04/15 v1.7 Rerun checks for auxiliary files (HO)
Package uniquecounter Info: New unique counter `rerunfilecheck' on input line 2
82.
)
\Hy@SectionHShift=\skip46
)
(/usr/local/texlive/2015/texmf-dist/tex/latex/tools/longtable.sty
Package: longtable 2014/10/28 v4.11 Multi-page Table package (DPC)
\LTleft=\skip47
\LTright=\skip48
\LTpre=\skip49
\LTpost=\skip50
\LTchunksize=\count120
\LTcapwidth=\dimen136
\LT@head=\box32
\LT@firsthead=\box33
\LT@foot=\box34
\LT@lastfoot=\box35
\LT@cols=\count121
\LT@rows=\count122
\c@LT@tables=\count123
\c@LT@chunks=\count124
\LT@p@ftn=\toks29
)
(/usr/local/texlive/2015/texmf-dist/tex/latex/booktabs/booktabs.sty
Package: booktabs 2005/04/14 v1.61803 publication quality tables
\heavyrulewidth=\dimen137
\lightrulewidth=\dimen138
\cmidrulewidth=\dimen139
\belowrulesep=\dimen140
\belowbottomsep=\dimen141
\aboverulesep=\dimen142
\abovetopsep=\dimen143
\cmidrulesep=\dimen144
\cmidrulekern=\dimen145
\defaultaddspace=\dimen146
\@cmidla=\count125
\@cmidlb=\count126
\@aboverulesep=\dimen147
\@belowrulesep=\dimen148
\@thisruleclass=\count127
\@lastruleclass=\count128
\@thisrulewidth=\dimen149
)
(/usr/local/texlive/2015/texmf-dist/tex/generic/ulem/ulem.sty
\UL@box=\box36
\UL@hyphenbox=\box37
\UL@skip=\skip51
\UL@hook=\toks30
\UL@height=\dimen150
\UL@pe=\count129
\UL@pixel=\dimen151
\ULC@box=\box38
Package: ulem 2012/05/18
\ULdepth=\dimen152
)
Package color Info: Redefining color red on input line 54.
Package color Info: Redefining color green on input line 55.
Package color Info: Redefining color blue on input line 57.
Package color Info: Redefining color cyan on input line 59.
Package color Info: Redefining color lightgray on input line 60.
Package hyperref Info: Option `breaklinks' set `true' on input line 239.
Package hyperref Info: Option `colorlinks' set `true' on input line 239.

(./Teel_Formation_pmag.aux)
\openout1 = `Teel_Formation_pmag.aux'.

LaTeX Font Info:    Checking defaults for OML/cmm/m/it on input line 246.
LaTeX Font Info:    ... okay on input line 246.
LaTeX Font Info:    Checking defaults for T1/cmr/m/n on input line 246.
LaTeX Font Info:    ... okay on input line 246.
LaTeX Font Info:    Checking defaults for OT1/cmr/m/n on input line 246.
LaTeX Font Info:    ... okay on input line 246.
LaTeX Font Info:    Checking defaults for OMS/cmsy/m/n on input line 246.
LaTeX Font Info:    ... okay on input line 246.
LaTeX Font Info:    Checking defaults for OMX/cmex/m/n on input line 246.
LaTeX Font Info:    ... okay on input line 246.
LaTeX Font Info:    Checking defaults for U/cmr/m/n on input line 246.
LaTeX Font Info:    ... okay on input line 246.
LaTeX Font Info:    Checking defaults for PD1/pdf/m/n on input line 246.
LaTeX Font Info:    ... okay on input line 246.

(/usr/local/texlive/2015/texmf-dist/tex/context/base/supp-pdf.mkii
[Loading MPS to PDF converter (version 2006.09.02).]
\scratchcounter=\count130
\scratchdimen=\dimen153
\scratchbox=\box39
\nofMPsegments=\count131
\nofMParguments=\count132
\everyMPshowfont=\toks31
\MPscratchCnt=\count133
\MPscratchDim=\dimen154
\MPnumerator=\count134
\makeMPintoPDFobject=\count135
\everyMPtoPDFconversion=\toks32
) (/usr/local/texlive/2015/texmf-dist/tex/latex/oberdiek/epstopdf-base.sty
Package: epstopdf-base 2010/02/09 v2.5 Base part for package epstopdf

(/usr/local/texlive/2015/texmf-dist/tex/latex/oberdiek/grfext.sty
Package: grfext 2010/08/19 v1.1 Manage graphics extensions (HO)
)
Package grfext Info: Graphics extension search list:
(grfext)             [.png,.pdf,.jpg,.mps,.jpeg,.jbig2,.jb2,.PNG,.PDF,.JPG,.JPE
G,.JBIG2,.JB2,.eps]
(grfext)             \AppendGraphicsExtensions on input line 452.

(/usr/local/texlive/2015/texmf-dist/tex/latex/latexconfig/epstopdf-sys.cfg
File: epstopdf-sys.cfg 2010/07/13 v1.3 Configuration of (r)epstopdf for TeX Liv
e
))
*geometry* driver: auto-detecting
*geometry* detected driver: pdftex
*geometry* verbose mode - [ preamble ] result:
* driver: pdftex
* paper: <default>
* layout: <same size as paper>
* layoutoffset:(h,v)=(0.0pt,0.0pt)
* modes: 
* h-part:(L,W,R)=(72.26999pt, 469.75502pt, 72.26999pt)
* v-part:(T,H,B)=(72.26999pt, 650.43001pt, 72.26999pt)
* \paperwidth=614.295pt
* \paperheight=794.96999pt
* \textwidth=469.75502pt
* \textheight=650.43001pt
* \oddsidemargin=0.0pt
* \evensidemargin=0.0pt
* \topmargin=-37.0pt
* \headheight=12.0pt
* \headsep=25.0pt
* \topskip=11.0pt
* \footskip=30.0pt
* \marginparwidth=59.0pt
* \marginparsep=10.0pt
* \columnsep=10.0pt
* \skip\footins=10.0pt plus 4.0pt minus 2.0pt
* \hoffset=0.0pt
* \voffset=0.0pt
* \mag=1000
* \@twocolumnfalse
* \@twosidefalse
* \@mparswitchfalse
* \@reversemarginfalse
* (1in=72.27pt=25.4mm, 1cm=28.453pt)

(/usr/local/texlive/2015/texmf-dist/tex/latex/ucs/ucsencs.def
File: ucsencs.def 2011/01/21 Fixes to fontencodings LGR, T3
)
\AtBeginShipoutBox=\box40
Package hyperref Info: Link coloring ON on input line 246.

(/usr/local/texlive/2015/texmf-dist/tex/latex/hyperref/nameref.sty
Package: nameref 2012/10/27 v2.43 Cross-referencing by name of section

(/usr/local/texlive/2015/texmf-dist/tex/generic/oberdiek/gettitlestring.sty
Package: gettitlestring 2010/12/03 v1.4 Cleanup title references (HO)
)
\c@section@level=\count136
)
LaTeX Info: Redefining \ref on input line 246.
LaTeX Info: Redefining \pageref on input line 246.
LaTeX Info: Redefining \nameref on input line 246.

(./Teel_Formation_pmag.out) (./Teel_Formation_pmag.out)
\@outlinefile=\write4
\openout4 = `Teel_Formation_pmag.out'.

LaTeX Font Info:    Try loading font information for U+msa on input line 250.

(/usr/local/texlive/2015/texmf-dist/tex/latex/amsfonts/umsa.fd
File: umsa.fd 2013/01/14 v3.01 AMS symbols A
)
LaTeX Font Info:    Try loading font information for U+msb on input line 250.

(/usr/local/texlive/2015/texmf-dist/tex/latex/amsfonts/umsb.fd
File: umsb.fd 2013/01/14 v3.01 AMS symbols B
)

LaTeX Warning: No \author given.

[1

{/usr/local/texlive/2015/texmf-var/fonts/map/pdftex/updmap/pdftex.map}]
Overfull \vbox (160.06944pt too high) has occurred while \output is active []


[2]
<Teel_Formation_pmag_files/Teel_Formation_pmag_10_0.pdf, id=23, 394.47375pt x 3
77.41pt>
File: Teel_Formation_pmag_files/Teel_Formation_pmag_10_0.pdf Graphic file (type
 pdf)
 <use Teel_Formation_pmag_files/Teel_Formation_pmag_10_0.pdf>
Package pdftex.def Info: Teel_Formation_pmag_files/Teel_Formation_pmag_10_0.pdf
 used on input line 315.
(pdftex.def)             Requested size: 394.47278pt x 377.40907pt.

Underfull \hbox (badness 10000) in paragraph at lines 317--318

 []

(/usr/local/texlive/2015/texmf-dist/tex/latex/ucs/data/uni-0.def
File: uni-0.def 2013/05/13 UCS: Unicode data U+0000..U+00FF
)
<Teel_Formation_pmag_files/Teel_Formation_pmag_17_0.pdf, id=24, 281.05pt x 294.
09875pt>
File: Teel_Formation_pmag_files/Teel_Formation_pmag_17_0.pdf Graphic file (type
 pdf)
 <use Teel_Formation_pmag_files/Teel_Formation_pmag_17_0.pdf>
Package pdftex.def Info: Teel_Formation_pmag_files/Teel_Formation_pmag_17_0.pdf
 used on input line 341.
(pdftex.def)             Requested size: 281.0493pt x 294.09802pt.
 [3 <./Teel_Formation_pmag_files/Teel_Formation_pmag_10_0.pdf>]
Underfull \hbox (badness 10000) in paragraph at lines 343--344

 []


<Teel_Formation_pmag_files/Teel_Formation_pmag_21_0.pdf, id=87, 281.05pt x 282.
05376pt>
File: Teel_Formation_pmag_files/Teel_Formation_pmag_21_0.pdf Graphic file (type
 pdf)
 <use Teel_Formation_pmag_files/Teel_Formation_pmag_21_0.pdf>
Package pdftex.def Info: Teel_Formation_pmag_files/Teel_Formation_pmag_21_0.pdf
 used on input line 352.
(pdftex.def)             Requested size: 281.0493pt x 282.05305pt.

Underfull \hbox (badness 10000) in paragraph at lines 354--355

 []

[4 <./Teel_Formation_pmag_files/Teel_Formation_pmag_17_0.pdf> <./Teel_Formation
_pmag_files/Teel_Formation_pmag_21_0.pdf

pdfTeX warning: /Library/TeX/texbin/pdflatex (file ./Teel_Formation_pmag_files/
Teel_Formation_pmag_21_0.pdf): PDF inclusion: multiple pdfs with page group inc
luded in a single page
>]
<Teel_Formation_pmag_files/Teel_Formation_pmag_25_0.pdf, id=428, 281.05pt x 282
.05376pt>
File: Teel_Formation_pmag_files/Teel_Formation_pmag_25_0.pdf Graphic file (type
 pdf)
 <use Teel_Formation_pmag_files/Teel_Formation_pmag_25_0.pdf>
Package pdftex.def Info: Teel_Formation_pmag_files/Teel_Formation_pmag_25_0.pdf
 used on input line 363.
(pdftex.def)             Requested size: 281.0493pt x 282.05305pt.

Underfull \hbox (badness 10000) in paragraph at lines 365--366

 []


<Teel_Formation_pmag_files/Teel_Formation_pmag_29_0.pdf, id=429, 281.05pt x 282
.05376pt>
File: Teel_Formation_pmag_files/Teel_Formation_pmag_29_0.pdf Graphic file (type
 pdf)
 <use Teel_Formation_pmag_files/Teel_Formation_pmag_29_0.pdf>
Package pdftex.def Info: Teel_Formation_pmag_files/Teel_Formation_pmag_29_0.pdf
 used on input line 374.
(pdftex.def)             Requested size: 281.0493pt x 282.05305pt.
 [5 <./Teel_Formation_pmag_files/Teel_Formation_pmag_25_0.pdf>]
Underfull \hbox (badness 10000) in paragraph at lines 376--377

 []


<Teel_Formation_pmag_files/Teel_Formation_pmag_33_0.pdf, id=598, 281.05pt x 282
.05376pt>
File: Teel_Formation_pmag_files/Teel_Formation_pmag_33_0.pdf Graphic file (type
 pdf)
 <use Teel_Formation_pmag_files/Teel_Formation_pmag_33_0.pdf>
Package pdftex.def Info: Teel_Formation_pmag_files/Teel_Formation_pmag_33_0.pdf
 used on input line 385.
(pdftex.def)             Requested size: 281.0493pt x 282.05305pt.

Underfull \hbox (badness 10000) in paragraph at lines 387--388

 []

[6 <./Teel_Formation_pmag_files/Teel_Formation_pmag_29_0.pdf> <./Teel_Formation
_pmag_files/Teel_Formation_pmag_33_0.pdf

pdfTeX warning: /Library/TeX/texbin/pdflatex (file ./Teel_Formation_pmag_files/
Teel_Formation_pmag_33_0.pdf): PDF inclusion: multiple pdfs with page group inc
luded in a single page
>]
<Teel_Formation_pmag_files/Teel_Formation_pmag_37_0.pdf, id=928, 281.05pt x 312
.16624pt>
File: Teel_Formation_pmag_files/Teel_Formation_pmag_37_0.pdf Graphic file (type
 pdf)
 <use Teel_Formation_pmag_files/Teel_Formation_pmag_37_0.pdf>
Package pdftex.def Info: Teel_Formation_pmag_files/Teel_Formation_pmag_37_0.pdf
 used on input line 396.
(pdftex.def)             Requested size: 281.0493pt x 312.16548pt.

Underfull \hbox (badness 10000) in paragraph at lines 398--399

 []


<Teel_Formation_pmag_files/Teel_Formation_pmag_42_0.pdf, id=929, 281.05pt x 282
.05376pt>
File: Teel_Formation_pmag_files/Teel_Formation_pmag_42_0.pdf Graphic file (type
 pdf)
 <use Teel_Formation_pmag_files/Teel_Formation_pmag_42_0.pdf>
Package pdftex.def Info: Teel_Formation_pmag_files/Teel_Formation_pmag_42_0.pdf
 used on input line 410.
(pdftex.def)             Requested size: 281.0493pt x 282.05305pt.
 [7 <./Teel_Formation_pmag_files/Teel_Formation_pmag_37_0.pdf>]
Underfull \hbox (badness 10000) in paragraph at lines 412--413

 []


<Teel_Formation_pmag_files/Teel_Formation_pmag_45_0.pdf, id=1108, 281.05pt x 28
2.05376pt>
File: Teel_Formation_pmag_files/Teel_Formation_pmag_45_0.pdf Graphic file (type
 pdf)
 <use Teel_Formation_pmag_files/Teel_Formation_pmag_45_0.pdf>
Package pdftex.def Info: Teel_Formation_pmag_files/Teel_Formation_pmag_45_0.pdf
 used on input line 421.
(pdftex.def)             Requested size: 281.0493pt x 282.05305pt.

Underfull \hbox (badness 10000) in paragraph at lines 423--424

 []

[8 <./Teel_Formation_pmag_files/Teel_Formation_pmag_42_0.pdf> <./Teel_Formation
_pmag_files/Teel_Formation_pmag_45_0.pdf

pdfTeX warning: /Library/TeX/texbin/pdflatex (file ./Teel_Formation_pmag_files/
Teel_Formation_pmag_45_0.pdf): PDF inclusion: multiple pdfs with page group inc
luded in a single page
>]
<Teel_Formation_pmag_files/Teel_Formation_pmag_49_0.pdf, id=1434, 281.05pt x 28
2.05376pt>
File: Teel_Formation_pmag_files/Teel_Formation_pmag_49_0.pdf Graphic file (type
 pdf)
 <use Teel_Formation_pmag_files/Teel_Formation_pmag_49_0.pdf>
Package pdftex.def Info: Teel_Formation_pmag_files/Teel_Formation_pmag_49_0.pdf
 used on input line 432.
(pdftex.def)             Requested size: 281.0493pt x 282.05305pt.

Underfull \hbox (badness 10000) in paragraph at lines 434--435

 []


<Teel_Formation_pmag_files/Teel_Formation_pmag_54_0.pdf, id=1435, 281.05pt x 31
2.16624pt>
File: Teel_Formation_pmag_files/Teel_Formation_pmag_54_0.pdf Graphic file (type
 pdf)
 <use Teel_Formation_pmag_files/Teel_Formation_pmag_54_0.pdf>
Package pdftex.def Info: Teel_Formation_pmag_files/Teel_Formation_pmag_54_0.pdf
 used on input line 446.
(pdftex.def)             Requested size: 281.0493pt x 312.16548pt.

[9 <./Teel_Formation_pmag_files/Teel_Formation_pmag_49_0.pdf>]
Underfull \hbox (badness 10000) in paragraph at lines 448--449

 []


<Teel_Formation_pmag_files/Teel_Formation_pmag_58_0.pdf, id=1613, 281.05pt x 31
2.16624pt>
File: Teel_Formation_pmag_files/Teel_Formation_pmag_58_0.pdf Graphic file (type
 pdf)
 <use Teel_Formation_pmag_files/Teel_Formation_pmag_58_0.pdf>
Package pdftex.def Info: Teel_Formation_pmag_files/Teel_Formation_pmag_58_0.pdf
 used on input line 457.
(pdftex.def)             Requested size: 281.0493pt x 312.16548pt.

[10 <./Teel_Formation_pmag_files/Teel_Formation_pmag_54_0.pdf>]
Underfull \hbox (badness 10000) in paragraph at lines 459--460

 []


<Teel_Formation_pmag_files/Teel_Formation_pmag_61_0.pdf, id=1793, 281.05pt x 31
2.16624pt>
File: Teel_Formation_pmag_files/Teel_Formation_pmag_61_0.pdf Graphic file (type
 pdf)
 <use Teel_Formation_pmag_files/Teel_Formation_pmag_61_0.pdf>
Package pdftex.def Info: Teel_Formation_pmag_files/Teel_Formation_pmag_61_0.pdf
 used on input line 468.
(pdftex.def)             Requested size: 281.0493pt x 312.16548pt.

[11 <./Teel_Formation_pmag_files/Teel_Formation_pmag_58_0.pdf>]
Underfull \hbox (badness 10000) in paragraph at lines 470--471

 []


<Teel_Formation_pmag_files/Teel_Formation_pmag_65_0.pdf, id=1989, 281.05pt x 31
2.16624pt>
File: Teel_Formation_pmag_files/Teel_Formation_pmag_65_0.pdf Graphic file (type
 pdf)
 <use Teel_Formation_pmag_files/Teel_Formation_pmag_65_0.pdf>
Package pdftex.def Info: Teel_Formation_pmag_files/Teel_Formation_pmag_65_0.pdf
 used on input line 481.
(pdftex.def)             Requested size: 281.0493pt x 312.16548pt.

[12 <./Teel_Formation_pmag_files/Teel_Formation_pmag_61_0.pdf>]
Underfull \hbox (badness 10000) in paragraph at lines 483--484

 []


<Teel_Formation_pmag_files/Teel_Formation_pmag_69_0.pdf, id=2172, 281.05pt x 33
0.23375pt>
File: Teel_Formation_pmag_files/Teel_Formation_pmag_69_0.pdf Graphic file (type
 pdf)
 <use Teel_Formation_pmag_files/Teel_Formation_pmag_69_0.pdf>
Package pdftex.def Info: Teel_Formation_pmag_files/Teel_Formation_pmag_69_0.pdf
 used on input line 494.
(pdftex.def)             Requested size: 281.0493pt x 330.23293pt.

[13 <./Teel_Formation_pmag_files/Teel_Formation_pmag_65_0.pdf>]
Underfull \hbox (badness 10000) in paragraph at lines 496--497

 []


<Teel_Formation_pmag_files/Teel_Formation_pmag_73_0.pdf, id=2365, 281.05pt x 28
2.05376pt>
File: Teel_Formation_pmag_files/Teel_Formation_pmag_73_0.pdf Graphic file (type
 pdf)
 <use Teel_Formation_pmag_files/Teel_Formation_pmag_73_0.pdf>
Package pdftex.def Info: Teel_Formation_pmag_files/Teel_Formation_pmag_73_0.pdf
 used on input line 505.
(pdftex.def)             Requested size: 281.0493pt x 282.05305pt.

[14 <./Teel_Formation_pmag_files/Teel_Formation_pmag_69_0.pdf>]
Underfull \hbox (badness 10000) in paragraph at lines 507--508

 []


<Teel_Formation_pmag_files/Teel_Formation_pmag_78_0.pdf, id=2560, 353.32pt x 31
2.16624pt>
File: Teel_Formation_pmag_files/Teel_Formation_pmag_78_0.pdf Graphic file (type
 pdf)
 <use Teel_Formation_pmag_files/Teel_Formation_pmag_78_0.pdf>
Package pdftex.def Info: Teel_Formation_pmag_files/Teel_Formation_pmag_78_0.pdf
 used on input line 520.
(pdftex.def)             Requested size: 353.31914pt x 312.16548pt.

[15 <./Teel_Formation_pmag_files/Teel_Formation_pmag_73_0.pdf>]
Underfull \hbox (badness 10000) in paragraph at lines 522--523

 []


<Teel_Formation_pmag_files/Teel_Formation_pmag_83_0.pdf, id=2707, 281.05pt x 28
2.05376pt>
File: Teel_Formation_pmag_files/Teel_Formation_pmag_83_0.pdf Graphic file (type
 pdf)
 <use Teel_Formation_pmag_files/Teel_Formation_pmag_83_0.pdf>
Package pdftex.def Info: Teel_Formation_pmag_files/Teel_Formation_pmag_83_0.pdf
 used on input line 534.
(pdftex.def)             Requested size: 281.0493pt x 282.05305pt.

[16 <./Teel_Formation_pmag_files/Teel_Formation_pmag_78_0.pdf>]
Underfull \hbox (badness 10000) in paragraph at lines 536--537

 []


<Teel_Formation_pmag_files/Teel_Formation_pmag_87_0.pdf, id=2863, 281.05pt x 31
2.16624pt>
File: Teel_Formation_pmag_files/Teel_Formation_pmag_87_0.pdf Graphic file (type
 pdf)
 <use Teel_Formation_pmag_files/Teel_Formation_pmag_87_0.pdf>
Package pdftex.def Info: Teel_Formation_pmag_files/Teel_Formation_pmag_87_0.pdf
 used on input line 545.
(pdftex.def)             Requested size: 281.0493pt x 312.16548pt.

[17 <./Teel_Formation_pmag_files/Teel_Formation_pmag_83_0.pdf>]
Underfull \hbox (badness 10000) in paragraph at lines 547--548

 []


<Teel_Formation_pmag_files/Teel_Formation_pmag_91_0.pdf, id=3032, 281.05pt x 29
4.09875pt>
File: Teel_Formation_pmag_files/Teel_Formation_pmag_91_0.pdf Graphic file (type
 pdf)
 <use Teel_Formation_pmag_files/Teel_Formation_pmag_91_0.pdf>
Package pdftex.def Info: Teel_Formation_pmag_files/Teel_Formation_pmag_91_0.pdf
 used on input line 556.
(pdftex.def)             Requested size: 281.0493pt x 294.09802pt.

[18 <./Teel_Formation_pmag_files/Teel_Formation_pmag_87_0.pdf>]
Underfull \hbox (badness 10000) in paragraph at lines 558--559

 []


<Teel_Formation_pmag_files/Teel_Formation_pmag_95_0.pdf, id=3212, 281.05pt x 29
4.09875pt>
File: Teel_Formation_pmag_files/Teel_Formation_pmag_95_0.pdf Graphic file (type
 pdf)
 <use Teel_Formation_pmag_files/Teel_Formation_pmag_95_0.pdf>
Package pdftex.def Info: Teel_Formation_pmag_files/Teel_Formation_pmag_95_0.pdf
 used on input line 567.
(pdftex.def)             Requested size: 281.0493pt x 294.09802pt.

[19 <./Teel_Formation_pmag_files/Teel_Formation_pmag_91_0.pdf>]
Underfull \hbox (badness 10000) in paragraph at lines 569--570

 []


<Teel_Formation_pmag_files/Teel_Formation_pmag_99_0.pdf, id=3387, 281.05pt x 28
2.05376pt>
File: Teel_Formation_pmag_files/Teel_Formation_pmag_99_0.pdf Graphic file (type
 pdf)
 <use Teel_Formation_pmag_files/Teel_Formation_pmag_99_0.pdf>
Package pdftex.def Info: Teel_Formation_pmag_files/Teel_Formation_pmag_99_0.pdf
 used on input line 578.
(pdftex.def)             Requested size: 281.0493pt x 282.05305pt.

Underfull \hbox (badness 10000) in paragraph at lines 580--581

 []

[20 <./Teel_Formation_pmag_files/Teel_Formation_pmag_95_0.pdf> <./Teel_Formatio
n_pmag_files/Teel_Formation_pmag_99_0.pdf

pdfTeX warning: /Library/TeX/texbin/pdflatex (file ./Teel_Formation_pmag_files/
Teel_Formation_pmag_99_0.pdf): PDF inclusion: multiple pdfs with page group inc
luded in a single page
>]
<Teel_Formation_pmag_files/Teel_Formation_pmag_103_0.pdf, id=3704, 281.05pt x 3
12.16624pt>
File: Teel_Formation_pmag_files/Teel_Formation_pmag_103_0.pdf Graphic file (typ
e pdf)
 <use Teel_Formation_pmag_files/Teel_Formation_pmag_103_0.pdf>
Package pdftex.def Info: Teel_Formation_pmag_files/Teel_Formation_pmag_103_0.pd
f used on input line 589.
(pdftex.def)             Requested size: 281.0493pt x 312.16548pt.

Underfull \hbox (badness 10000) in paragraph at lines 591--592

 []


<Teel_Formation_pmag_files/Teel_Formation_pmag_108_0.pdf, id=3705, 281.05pt x 3
12.16624pt>
File: Teel_Formation_pmag_files/Teel_Formation_pmag_108_0.pdf Graphic file (typ
e pdf)
 <use Teel_Formation_pmag_files/Teel_Formation_pmag_108_0.pdf>
Package pdftex.def Info: Teel_Formation_pmag_files/Teel_Formation_pmag_108_0.pd
f used on input line 605.
(pdftex.def)             Requested size: 281.0493pt x 312.16548pt.

[21 <./Teel_Formation_pmag_files/Teel_Formation_pmag_103_0.pdf>]
Underfull \hbox (badness 10000) in paragraph at lines 607--608

 []


<Teel_Formation_pmag_files/Teel_Formation_pmag_112_0.pdf, id=3883, 281.05pt x 2
94.09875pt>
File: Teel_Formation_pmag_files/Teel_Formation_pmag_112_0.pdf Graphic file (typ
e pdf)
 <use Teel_Formation_pmag_files/Teel_Formation_pmag_112_0.pdf>
Package pdftex.def Info: Teel_Formation_pmag_files/Teel_Formation_pmag_112_0.pd
f used on input line 616.
(pdftex.def)             Requested size: 281.0493pt x 294.09802pt.

[22 <./Teel_Formation_pmag_files/Teel_Formation_pmag_108_0.pdf>]
Underfull \hbox (badness 10000) in paragraph at lines 618--619

 []


<Teel_Formation_pmag_files/Teel_Formation_pmag_116_0.pdf, id=4054, 281.05pt x 3
07.1475pt>
File: Teel_Formation_pmag_files/Teel_Formation_pmag_116_0.pdf Graphic file (typ
e pdf)
 <use Teel_Formation_pmag_files/Teel_Formation_pmag_116_0.pdf>
Package pdftex.def Info: Teel_Formation_pmag_files/Teel_Formation_pmag_116_0.pd
f used on input line 627.
(pdftex.def)             Requested size: 281.0493pt x 307.14674pt.

[23 <./Teel_Formation_pmag_files/Teel_Formation_pmag_112_0.pdf>]
Underfull \hbox (badness 10000) in paragraph at lines 629--630

 []


<Teel_Formation_pmag_files/Teel_Formation_pmag_120_0.pdf, id=4247, 281.05pt x 2
82.05376pt>
File: Teel_Formation_pmag_files/Teel_Formation_pmag_120_0.pdf Graphic file (typ
e pdf)
 <use Teel_Formation_pmag_files/Teel_Formation_pmag_120_0.pdf>
Package pdftex.def Info: Teel_Formation_pmag_files/Teel_Formation_pmag_120_0.pd
f used on input line 638.
(pdftex.def)             Requested size: 281.0493pt x 282.05305pt.

[24 <./Teel_Formation_pmag_files/Teel_Formation_pmag_116_0.pdf>]
Underfull \hbox (badness 10000) in paragraph at lines 640--641

 []


<Teel_Formation_pmag_files/Teel_Formation_pmag_124_0.pdf, id=4433, 329.23pt x 2
82.05376pt>
File: Teel_Formation_pmag_files/Teel_Formation_pmag_124_0.pdf Graphic file (typ
e pdf)
 <use Teel_Formation_pmag_files/Teel_Formation_pmag_124_0.pdf>
Package pdftex.def Info: Teel_Formation_pmag_files/Teel_Formation_pmag_124_0.pd
f used on input line 649.
(pdftex.def)             Requested size: 329.22919pt x 282.05305pt.

Underfull \hbox (badness 10000) in paragraph at lines 651--652

 []

[25 <./Teel_Formation_pmag_files/Teel_Formation_pmag_120_0.pdf> <./Teel_Formati
on_pmag_files/Teel_Formation_pmag_124_0.pdf

pdfTeX warning: /Library/TeX/texbin/pdflatex (file ./Teel_Formation_pmag_files/
Teel_Formation_pmag_124_0.pdf): PDF inclusion: multiple pdfs with page group in
cluded in a single page
>]
<Teel_Formation_pmag_files/Teel_Formation_pmag_129_0.pdf, id=4775, 281.05pt x 2
94.09875pt>
File: Teel_Formation_pmag_files/Teel_Formation_pmag_129_0.pdf Graphic file (typ
e pdf)
 <use Teel_Formation_pmag_files/Teel_Formation_pmag_129_0.pdf>
Package pdftex.def Info: Teel_Formation_pmag_files/Teel_Formation_pmag_129_0.pd
f used on input line 664.
(pdftex.def)             Requested size: 281.0493pt x 294.09802pt.

Underfull \hbox (badness 10000) in paragraph at lines 666--667

 []


<Teel_Formation_pmag_files/Teel_Formation_pmag_133_0.pdf, id=4776, 352.31625pt 
x 282.05376pt>
File: Teel_Formation_pmag_files/Teel_Formation_pmag_133_0.pdf Graphic file (typ
e pdf)
 <use Teel_Formation_pmag_files/Teel_Formation_pmag_133_0.pdf>
Package pdftex.def Info: Teel_Formation_pmag_files/Teel_Formation_pmag_133_0.pd
f used on input line 677.
(pdftex.def)             Requested size: 352.31538pt x 282.05305pt.

[26 <./Teel_Formation_pmag_files/Teel_Formation_pmag_129_0.pdf>]
Underfull \hbox (badness 10000) in paragraph at lines 679--680

 []

LaTeX Font Info:    Try loading font information for OMS+cmtt on input line 696
.
LaTeX Font Info:    No file OMScmtt.fd. on input line 696.

LaTeX Font Warning: Font shape `OMS/cmtt/m/n' undefined
(Font)              using `OMS/cmsy/m/n' instead
(Font)              for symbol `textbackslash' on input line 696.

[27 <./Teel_Formation_pmag_files/Teel_Formation_pmag_133_0.pdf>] [28]
<Teel_Formation_pmag_files/Teel_Formation_pmag_140_0.pdf, id=5156, 456.70625pt 
x 368.37625pt>
File: Teel_Formation_pmag_files/Teel_Formation_pmag_140_0.pdf Graphic file (typ
e pdf)
 <use Teel_Formation_pmag_files/Teel_Formation_pmag_140_0.pdf>
Package pdftex.def Info: Teel_Formation_pmag_files/Teel_Formation_pmag_140_0.pd
f used on input line 792.
(pdftex.def)             Requested size: 456.70512pt x 368.37534pt.

[29]
Underfull \hbox (badness 10000) in paragraph at lines 794--795

 []


<Teel_Formation_pmag_files/Teel_Formation_pmag_141_0.pdf, id=5161, 345.29pt x 3
92.46625pt>
File: Teel_Formation_pmag_files/Teel_Formation_pmag_141_0.pdf Graphic file (typ
e pdf)
 <use Teel_Formation_pmag_files/Teel_Formation_pmag_141_0.pdf>
Package pdftex.def Info: Teel_Formation_pmag_files/Teel_Formation_pmag_141_0.pd
f used on input line 798.
(pdftex.def)             Requested size: 345.28914pt x 392.46527pt.

[30 <./Teel_Formation_pmag_files/Teel_Formation_pmag_140_0.pdf>]
Underfull \hbox (badness 10000) in paragraph at lines 800--801

 []

[31 <./Teel_Formation_pmag_files/Teel_Formation_pmag_141_0.pdf>] [32]
<Teel_Formation_pmag_files/Teel_Formation_pmag_144_0.pdf, id=5970, 467.7475pt x
 368.37625pt>
File: Teel_Formation_pmag_files/Teel_Formation_pmag_144_0.pdf Graphic file (typ
e pdf)
 <use Teel_Formation_pmag_files/Teel_Formation_pmag_144_0.pdf>
Package pdftex.def Info: Teel_Formation_pmag_files/Teel_Formation_pmag_144_0.pd
f used on input line 903.
(pdftex.def)             Requested size: 467.74634pt x 368.37534pt.

[33]
Underfull \hbox (badness 10000) in paragraph at lines 905--906

 []


<Teel_Formation_pmag_files/Teel_Formation_pmag_145_0.pdf, id=5975, 345.29pt x 3
92.46625pt>
File: Teel_Formation_pmag_files/Teel_Formation_pmag_145_0.pdf Graphic file (typ
e pdf)
 <use Teel_Formation_pmag_files/Teel_Formation_pmag_145_0.pdf>
Package pdftex.def Info: Teel_Formation_pmag_files/Teel_Formation_pmag_145_0.pd
f used on input line 909.
(pdftex.def)             Requested size: 345.28914pt x 392.46527pt.

[34 <./Teel_Formation_pmag_files/Teel_Formation_pmag_144_0.pdf>]
Underfull \hbox (badness 10000) in paragraph at lines 911--912

 []

[35 <./Teel_Formation_pmag_files/Teel_Formation_pmag_145_0.pdf>] [36]
<Teel_Formation_pmag_files/Teel_Formation_pmag_149_0.pdf, id=6851, 430.60875pt 
x 368.37625pt>
File: Teel_Formation_pmag_files/Teel_Formation_pmag_149_0.pdf Graphic file (typ
e pdf)
 <use Teel_Formation_pmag_files/Teel_Formation_pmag_149_0.pdf>
Package pdftex.def Info: Teel_Formation_pmag_files/Teel_Formation_pmag_149_0.pd
f used on input line 992.
(pdftex.def)             Requested size: 430.60768pt x 368.37534pt.

Underfull \hbox (badness 10000) in paragraph at lines 994--995

 []


<Teel_Formation_pmag_files/Teel_Formation_pmag_150_0.pdf, id=6852, 345.29pt x 3
92.46625pt>
File: Teel_Formation_pmag_files/Teel_Formation_pmag_150_0.pdf Graphic file (typ
e pdf)
 <use Teel_Formation_pmag_files/Teel_Formation_pmag_150_0.pdf>
Package pdftex.def Info: Teel_Formation_pmag_files/Teel_Formation_pmag_150_0.pd
f used on input line 998.
(pdftex.def)             Requested size: 345.28914pt x 392.46527pt.

[37 <./Teel_Formation_pmag_files/Teel_Formation_pmag_149_0.pdf>]
Underfull \hbox (badness 10000) in paragraph at lines 1000--1001

 []

[38 <./Teel_Formation_pmag_files/Teel_Formation_pmag_150_0.pdf>] [39]
<Teel_Formation_pmag_files/Teel_Formation_pmag_153_0.pdf, id=7628, 371.3875pt x
 368.37625pt>
File: Teel_Formation_pmag_files/Teel_Formation_pmag_153_0.pdf Graphic file (typ
e pdf)
 <use Teel_Formation_pmag_files/Teel_Formation_pmag_153_0.pdf>
Package pdftex.def Info: Teel_Formation_pmag_files/Teel_Formation_pmag_153_0.pd
f used on input line 1079.
(pdftex.def)             Requested size: 371.38658pt x 368.37534pt.

Underfull \hbox (badness 10000) in paragraph at lines 1081--1082

 []


<Teel_Formation_pmag_files/Teel_Formation_pmag_154_0.pdf, id=7629, 345.29pt x 3
92.46625pt>
File: Teel_Formation_pmag_files/Teel_Formation_pmag_154_0.pdf Graphic file (typ
e pdf)
 <use Teel_Formation_pmag_files/Teel_Formation_pmag_154_0.pdf>
Package pdftex.def Info: Teel_Formation_pmag_files/Teel_Formation_pmag_154_0.pd
f used on input line 1085.
(pdftex.def)             Requested size: 345.28914pt x 392.46527pt.

[40 <./Teel_Formation_pmag_files/Teel_Formation_pmag_153_0.pdf>]
Underfull \hbox (badness 10000) in paragraph at lines 1087--1088

 []


<Teel_Formation_pmag_files/Teel_Formation_pmag_157_0.pdf, id=7887, 476.78125pt 
x 296.10625pt>
File: Teel_Formation_pmag_files/Teel_Formation_pmag_157_0.pdf Graphic file (typ
e pdf)
 <use Teel_Formation_pmag_files/Teel_Formation_pmag_157_0.pdf>
Package pdftex.def Info: Teel_Formation_pmag_files/Teel_Formation_pmag_157_0.pd
f used on input line 1111.
(pdftex.def)             Requested size: 476.78008pt x 296.10551pt.

[41 <./Teel_Formation_pmag_files/Teel_Formation_pmag_154_0.pdf>]
Underfull \hbox (badness 10000) in paragraph at lines 1113--1114

 []

[42 <./Teel_Formation_pmag_files/Teel_Formation_pmag_157_0.pdf>]
<Teel_Formation_pmag_files/Teel_Formation_pmag_166_0.pdf, id=8557, 486.81876pt 
x 440.64626pt>
File: Teel_Formation_pmag_files/Teel_Formation_pmag_166_0.pdf Graphic file (typ
e pdf)
 <use Teel_Formation_pmag_files/Teel_Formation_pmag_166_0.pdf>
Package pdftex.def Info: Teel_Formation_pmag_files/Teel_Formation_pmag_166_0.pd
f used on input line 1164.
(pdftex.def)             Requested size: 486.81757pt x 440.64517pt.

Underfull \hbox (badness 10000) in paragraph at lines 1166--1167

 []


<Teel_Formation_pmag_files/Teel_Formation_pmag_168_1.pdf, id=8558, 323.2075pt x
 328.22626pt>
File: Teel_Formation_pmag_files/Teel_Formation_pmag_168_1.pdf Graphic file (typ
e pdf)
 <use Teel_Formation_pmag_files/Teel_Formation_pmag_168_1.pdf>
Package pdftex.def Info: Teel_Formation_pmag_files/Teel_Formation_pmag_168_1.pd
f used on input line 1176.
(pdftex.def)             Requested size: 323.20671pt x 328.22545pt.

[43 <./Teel_Formation_pmag_files/Teel_Formation_pmag_166_0.pdf>]
Underfull \hbox (badness 10000) in paragraph at lines 1178--1179

 []


<Teel_Formation_pmag_files/Teel_Formation_pmag_168_2.pdf, id=8980, 323.2075pt x
 328.22626pt>
File: Teel_Formation_pmag_files/Teel_Formation_pmag_168_2.pdf Graphic file (typ
e pdf)
 <use Teel_Formation_pmag_files/Teel_Formation_pmag_168_2.pdf>
Package pdftex.def Info: Teel_Formation_pmag_files/Teel_Formation_pmag_168_2.pd
f used on input line 1181.
(pdftex.def)             Requested size: 323.20671pt x 328.22545pt.

[44 <./Teel_Formation_pmag_files/Teel_Formation_pmag_168_1.pdf>]
Underfull \hbox (badness 10000) in paragraph at lines 1183--1184

 []


<Teel_Formation_pmag_files/Teel_Formation_pmag_168_4.pdf, id=9114, 394.47375pt 
x 281.05pt>
File: Teel_Formation_pmag_files/Teel_Formation_pmag_168_4.pdf Graphic file (typ
e pdf)
 <use Teel_Formation_pmag_files/Teel_Formation_pmag_168_4.pdf>
Package pdftex.def Info: Teel_Formation_pmag_files/Teel_Formation_pmag_168_4.pd
f used on input line 1193.
(pdftex.def)             Requested size: 394.47278pt x 281.0493pt.

[45 <./Teel_Formation_pmag_files/Teel_Formation_pmag_168_2.pdf>]
Underfull \hbox (badness 10000) in paragraph at lines 1195--1196

 []


<Teel_Formation_pmag_files/Teel_Formation_pmag_170_0.pdf, id=9248, 544.0325pt x
 392.46625pt>
File: Teel_Formation_pmag_files/Teel_Formation_pmag_170_0.pdf Graphic file (typ
e pdf)
 <use Teel_Formation_pmag_files/Teel_Formation_pmag_170_0.pdf>
Package pdftex.def Info: Teel_Formation_pmag_files/Teel_Formation_pmag_170_0.pd
f used on input line 1202.
(pdftex.def)             Requested size: 544.03117pt x 392.46527pt.

[46 <./Teel_Formation_pmag_files/Teel_Formation_pmag_168_4.pdf>]
Underfull \hbox (badness 10000) in paragraph at lines 1204--1205

 []


<Teel_Formation_pmag_files/Teel_Formation_pmag_176_0.pdf, id=9343, 545.03625pt 
x 440.64626pt>
File: Teel_Formation_pmag_files/Teel_Formation_pmag_176_0.pdf Graphic file (typ
e pdf)
 <use Teel_Formation_pmag_files/Teel_Formation_pmag_176_0.pdf>
Package pdftex.def Info: Teel_Formation_pmag_files/Teel_Formation_pmag_176_0.pd
f used on input line 1235.
(pdftex.def)             Requested size: 545.03493pt x 440.64517pt.

[47 <./Teel_Formation_pmag_files/Teel_Formation_pmag_170_0.pdf>]
Underfull \hbox (badness 10000) in paragraph at lines 1237--1238

 []


<Teel_Formation_pmag_files/Teel_Formation_pmag_178_1.pdf, id=9893, 323.2075pt x
 328.22626pt>
File: Teel_Formation_pmag_files/Teel_Formation_pmag_178_1.pdf Graphic file (typ
e pdf)
 <use Teel_Formation_pmag_files/Teel_Formation_pmag_178_1.pdf>
Package pdftex.def Info: Teel_Formation_pmag_files/Teel_Formation_pmag_178_1.pd
f used on input line 1247.
(pdftex.def)             Requested size: 323.20671pt x 328.22545pt.

[48 <./Teel_Formation_pmag_files/Teel_Formation_pmag_176_0.pdf>]
Underfull \hbox (badness 10000) in paragraph at lines 1249--1250

 []


<Teel_Formation_pmag_files/Teel_Formation_pmag_178_2.pdf, id=10459, 323.2075pt 
x 328.22626pt>
File: Teel_Formation_pmag_files/Teel_Formation_pmag_178_2.pdf Graphic file (typ
e pdf)
 <use Teel_Formation_pmag_files/Teel_Formation_pmag_178_2.pdf>
Package pdftex.def Info: Teel_Formation_pmag_files/Teel_Formation_pmag_178_2.pd
f used on input line 1252.
(pdftex.def)             Requested size: 323.20671pt x 328.22545pt.

[49 <./Teel_Formation_pmag_files/Teel_Formation_pmag_178_1.pdf>]
Underfull \hbox (badness 10000) in paragraph at lines 1254--1255

 []


<Teel_Formation_pmag_files/Teel_Formation_pmag_178_4.pdf, id=10597, 394.47375pt
 x 281.05pt>
File: Teel_Formation_pmag_files/Teel_Formation_pmag_178_4.pdf Graphic file (typ
e pdf)
 <use Teel_Formation_pmag_files/Teel_Formation_pmag_178_4.pdf>
Package pdftex.def Info: Teel_Formation_pmag_files/Teel_Formation_pmag_178_4.pd
f used on input line 1264.
(pdftex.def)             Requested size: 394.47278pt x 281.0493pt.

[50 <./Teel_Formation_pmag_files/Teel_Formation_pmag_178_2.pdf>]
Underfull \hbox (badness 10000) in paragraph at lines 1266--1267

 []


<Teel_Formation_pmag_files/Teel_Formation_pmag_180_0.pdf, id=10734, 480.79625pt
 x 392.46625pt>
File: Teel_Formation_pmag_files/Teel_Formation_pmag_180_0.pdf Graphic file (typ
e pdf)
 <use Teel_Formation_pmag_files/Teel_Formation_pmag_180_0.pdf>
Package pdftex.def Info: Teel_Formation_pmag_files/Teel_Formation_pmag_180_0.pd
f used on input line 1274.
(pdftex.def)             Requested size: 480.79506pt x 392.46527pt.

[51 <./Teel_Formation_pmag_files/Teel_Formation_pmag_178_4.pdf>]
Underfull \hbox (badness 10000) in paragraph at lines 1276--1277

 []


<Teel_Formation_pmag_files/Teel_Formation_pmag_181_0.pdf, id=10828, 490.83376pt
 x 392.46625pt>
File: Teel_Formation_pmag_files/Teel_Formation_pmag_181_0.pdf Graphic file (typ
e pdf)
 <use Teel_Formation_pmag_files/Teel_Formation_pmag_181_0.pdf>
Package pdftex.def Info: Teel_Formation_pmag_files/Teel_Formation_pmag_181_0.pd
f used on input line 1280.
(pdftex.def)             Requested size: 490.83255pt x 392.46527pt.

[52 <./Teel_Formation_pmag_files/Teel_Formation_pmag_180_0.pdf>]
Underfull \hbox (badness 10000) in paragraph at lines 1282--1283

 []

[53 <./Teel_Formation_pmag_files/Teel_Formation_pmag_181_0.pdf>]
<Teel_Formation_pmag_files/Teel_Formation_pmag_187_0.pdf, id=11789, 507.8975pt 
x 440.64626pt>
File: Teel_Formation_pmag_files/Teel_Formation_pmag_187_0.pdf Graphic file (typ
e pdf)
 <use Teel_Formation_pmag_files/Teel_Formation_pmag_187_0.pdf>
Package pdftex.def Info: Teel_Formation_pmag_files/Teel_Formation_pmag_187_0.pd
f used on input line 1342.
(pdftex.def)             Requested size: 507.89627pt x 440.64517pt.

[54]
Underfull \hbox (badness 10000) in paragraph at lines 1344--1345

 []


<Teel_Formation_pmag_files/Teel_Formation_pmag_189_1.pdf, id=11794, 323.2075pt 
x 328.22626pt>
File: Teel_Formation_pmag_files/Teel_Formation_pmag_189_1.pdf Graphic file (typ
e pdf)
 <use Teel_Formation_pmag_files/Teel_Formation_pmag_189_1.pdf>
Package pdftex.def Info: Teel_Formation_pmag_files/Teel_Formation_pmag_189_1.pd
f used on input line 1355.
(pdftex.def)             Requested size: 323.20671pt x 328.22545pt.

[55 <./Teel_Formation_pmag_files/Teel_Formation_pmag_187_0.pdf>]
Underfull \hbox (badness 10000) in paragraph at lines 1357--1358

 []


<Teel_Formation_pmag_files/Teel_Formation_pmag_189_2.pdf, id=12241, 323.2075pt 
x 328.22626pt>
File: Teel_Formation_pmag_files/Teel_Formation_pmag_189_2.pdf Graphic file (typ
e pdf)
 <use Teel_Formation_pmag_files/Teel_Formation_pmag_189_2.pdf>
Package pdftex.def Info: Teel_Formation_pmag_files/Teel_Formation_pmag_189_2.pd
f used on input line 1360.
(pdftex.def)             Requested size: 323.20671pt x 328.22545pt.

[56 <./Teel_Formation_pmag_files/Teel_Formation_pmag_189_1.pdf>]
Underfull \hbox (badness 10000) in paragraph at lines 1362--1363

 []

LaTeX Font Info:    Try loading font information for OMS+cmr on input line 1383
.
(/usr/local/texlive/2015/texmf-dist/tex/latex/base/omscmr.fd
File: omscmr.fd 2014/09/29 v2.5h Standard LaTeX font definitions
)
LaTeX Font Info:    Font shape `OMS/cmr/m/n' in size <10.95> not available
(Font)              Font shape `OMS/cmsy/m/n' tried instead on input line 1383.

 [57 <./Teel_Formation_pmag_files/Teel_Formation_pmag_189_2.pdf>] [58] [59]
Package atveryend Info: Empty hook `BeforeClearDocument' on input line 1614.
 [60]
Package atveryend Info: Empty hook `AfterLastShipout' on input line 1614.

(./Teel_Formation_pmag.aux)
Package atveryend Info: Executing hook `AtVeryEndDocument' on input line 1614.
Package atveryend Info: Executing hook `AtEndAfterFileList' on input line 1614.



Package rerunfilecheck Warning: File `Teel_Formation_pmag.out' has changed.
(rerunfilecheck)                Rerun to get outlines right
(rerunfilecheck)                or use package `bookmark'.

Package rerunfilecheck Info: Checksums for `Teel_Formation_pmag.out':
(rerunfilecheck)             Before: D41D8CD98F00B204E9800998ECF8427E;0
(rerunfilecheck)             After:  E8340E697BD466B38513C3366E19225E;1024.

LaTeX Font Warning: Some font shapes were not available, defaults substituted.


LaTeX Warning: Label(s) may have changed. Rerun to get cross-references right.

Package atveryend Info: Empty hook `AtVeryVeryEnd' on input line 1614.
 ) 
Here is how much of TeX's memory you used:
 9186 strings out of 493089
 143226 string characters out of 6134842
 243172 words of memory out of 5000000
 12394 multiletter control sequences out of 15000+600000
 11626 words of font info for 45 fonts, out of 8000000 for 9000
 1141 hyphenation exceptions out of 8191
 36i,6n,35p,3927b,480s stack positions out of 5000i,500n,10000p,200000b,80000s
</usr/local/texlive/2015/texmf-dist/fonts/type1/public/amsfonts/cm/cmbx10.pfb
></usr/local/texlive/2015/texmf-dist/fonts/type1/public/amsfonts/cm/cmbx12.pfb>
</usr/local/texlive/2015/texmf-dist/fonts/type1/public/amsfonts/cm/cmr10.pfb></
usr/local/texlive/2015/texmf-dist/fonts/type1/public/amsfonts/cm/cmr12.pfb></us
r/local/texlive/2015/texmf-dist/fonts/type1/public/amsfonts/cm/cmr17.pfb></usr/
local/texlive/2015/texmf-dist/fonts/type1/public/amsfonts/cm/cmr8.pfb></usr/loc
al/texlive/2015/texmf-dist/fonts/type1/public/amsfonts/cm/cmsy10.pfb></usr/loca
l/texlive/2015/texmf-dist/fonts/type1/public/amsfonts/cm/cmtt10.pfb>
Output written on Teel_Formation_pmag.pdf (60 pages, 2864306 bytes).
PDF statistics:
 12584 PDF objects out of 12825 (max. 8388607)
 8383 compressed objects within 84 object streams
 117 named destinations out of 1000 (max. 500000)
 266 words of extra memory for PDF output out of 10000 (max. 10000000)

