This is pdfTeX, Version 3.14159265-2.6-1.40.16 (TeX Live 2015) (preloaded format=pdflatex 2015.5.24)  11 JUL 2016 13:17
entering extended mode
 restricted \write18 enabled.
 file:line:error style messages enabled.
 %&-line parsing enabled.
**Teel_Formation_pmag.tex
(./Teel_Formation_pmag.tex
LaTeX2e <2015/01/01>
Babel <3.9l> and hyphenation patterns for 79 languages loaded.
(/usr/local/texlive/2015/texmf-dist/tex/latex/base/article.cls
Document Class: article 2014/09/29 v1.4h Standard LaTeX document class
(/usr/local/texlive/2015/texmf-dist/tex/latex/base/size11.clo
File: size11.clo 2014/09/29 v1.4h Standard LaTeX file (size option)
)
\c@part=\count79
\c@section=\count80
\c@subsection=\count81
\c@subsubsection=\count82
\c@paragraph=\count83
\c@subparagraph=\count84
\c@figure=\count85
\c@table=\count86
\abovecaptionskip=\skip41
\belowcaptionskip=\skip42
\bibindent=\dimen102
) (/usr/local/texlive/2015/texmf-dist/tex/latex/rotating/rotating.sty
Package: rotating 2009/03/28 v2.16a rotated objects in LaTeX
 (/usr/local/texlive/2015/texmf-dist/tex/latex/graphics/graphicx.sty
Package: graphicx 2014/10/28 v1.0g Enhanced LaTeX Graphics (DPC,SPQR)
 (/usr/local/texlive/2015/texmf-dist/tex/latex/graphics/keyval.sty
Package: keyval 2014/10/28 v1.15 key=value parser (DPC)
\KV@toks@=\toks14
) (/usr/local/texlive/2015/texmf-dist/tex/latex/graphics/graphics.sty
Package: graphics 2014/10/28 v1.0p Standard LaTeX Graphics (DPC,SPQR)
 (/usr/local/texlive/2015/texmf-dist/tex/latex/graphics/trig.sty
Package: trig 1999/03/16 v1.09 sin cos tan (DPC)
) (/usr/local/texlive/2015/texmf-dist/tex/latex/latexconfig/graphics.cfg
File: graphics.cfg 2010/04/23 v1.9 graphics configuration of TeX Live
)
Package graphics Info: Driver file: pdftex.def on input line 94.
 (/usr/local/texlive/2015/texmf-dist/tex/latex/pdftex-def/pdftex.def
File: pdftex.def 2011/05/27 v0.06d Graphics/color for pdfTeX
 (/usr/local/texlive/2015/texmf-dist/tex/generic/oberdiek/infwarerr.sty
Package: infwarerr 2010/04/08 v1.3 Providing info/warning/error messages (HO)
) (/usr/local/texlive/2015/texmf-dist/tex/generic/oberdiek/ltxcmds.sty
Package: ltxcmds 2011/11/09 v1.22 LaTeX kernel commands for general use (HO)
)
\Gread@gobject=\count87
))
\Gin@req@height=\dimen103
\Gin@req@width=\dimen104
) (/usr/local/texlive/2015/texmf-dist/tex/latex/base/ifthen.sty
Package: ifthen 2014/09/29 v1.1c Standard LaTeX ifthen package (DPC)
)
\c@r@tfl@t=\count88
\rotFPtop=\skip43
\rotFPbot=\skip44
\rot@float@box=\box26
\rot@mess@toks=\toks15
) (/usr/local/texlive/2015/texmf-dist/tex/latex/base/fontenc.sty
Package: fontenc 2005/09/27 v1.99g Standard LaTeX package
 (/usr/local/texlive/2015/texmf-dist/tex/latex/base/t1enc.def
File: t1enc.def 2005/09/27 v1.99g Standard LaTeX file
LaTeX Font Info:    Redeclaring font encoding T1 on input line 48.
)) (/usr/local/texlive/2015/texmf-dist/tex/latex/caption/caption.sty
Package: caption 2013/05/02 v3.3-89 Customizing captions (AR)
 (/usr/local/texlive/2015/texmf-dist/tex/latex/caption/caption3.sty
Package: caption3 2013/05/02 v1.6-88 caption3 kernel (AR)
Package caption3 Info: TeX engine: e-TeX on input line 57.
\captionmargin=\dimen105
\captionmargin@=\dimen106
\captionwidth=\dimen107
\caption@tempdima=\dimen108
\caption@indent=\dimen109
\caption@parindent=\dimen110
\caption@hangindent=\dimen111
)
\c@ContinuedFloat=\count89
Package caption Info: rotating package is loaded.
) (/usr/local/texlive/2015/texmf-dist/tex/latex/adjustbox/adjustbox.sty
Package: adjustbox 2012/05/21 v1.0 Adjusting TeX boxes (trim, clip, ...)
 (/usr/local/texlive/2015/texmf-dist/tex/latex/xkeyval/xkeyval.sty
Package: xkeyval 2014/12/03 v2.7a package option processing (HA)
 (/usr/local/texlive/2015/texmf-dist/tex/generic/xkeyval/xkeyval.tex (/usr/local/texlive/2015/texmf-dist/tex/generic/xkeyval/xkvutils.tex
\XKV@toks=\toks16
\XKV@tempa@toks=\toks17
)
\XKV@depth=\count90
File: xkeyval.tex 2014/12/03 v2.7a key=value parser (HA)
)) (/usr/local/texlive/2015/texmf-dist/tex/latex/adjustbox/adjcalc.sty
Package: adjcalc 2012/05/16 v1.1 Provides advanced setlength with multiple back-ends (calc, etex, pgfmath)
) (/usr/local/texlive/2015/texmf-dist/tex/latex/adjustbox/trimclip.sty
Package: trimclip 2012/05/16 v1.0 Trim and clip general TeX material
 (/usr/local/texlive/2015/texmf-dist/tex/latex/collectbox/collectbox.sty
Package: collectbox 2012/05/17 v0.4b Collect macro arguments as boxes
\collectedbox=\box27
)
\tc@llx=\dimen112
\tc@lly=\dimen113
\tc@urx=\dimen114
\tc@ury=\dimen115
Package trimclip Info: Using driver 'tc-pdftex.def'.
 (/usr/local/texlive/2015/texmf-dist/tex/latex/adjustbox/tc-pdftex.def
File: tc-pdftex.def 2012/05/13 v1.0 Clipping driver for pdftex
))
\adjbox@Width=\dimen116
\adjbox@Height=\dimen117
\adjbox@Depth=\dimen118
\adjbox@Totalheight=\dimen119
 (/usr/local/texlive/2015/texmf-dist/tex/latex/ifoddpage/ifoddpage.sty
Package: ifoddpage 2011/09/13 v1.0 Conditionals for odd/even page detection
\c@checkoddpage=\count91
) (/usr/local/texlive/2015/texmf-dist/tex/latex/varwidth/varwidth.sty
Package: varwidth 2009/03/30 ver 0.92;  Variable-width minipages
\@vwid@box=\box28
\sift@deathcycles=\count92
\@vwid@loff=\dimen120
\@vwid@roff=\dimen121
)) (/usr/local/texlive/2015/texmf-dist/tex/latex/xcolor/xcolor.sty
Package: xcolor 2007/01/21 v2.11 LaTeX color extensions (UK)
 (/usr/local/texlive/2015/texmf-dist/tex/latex/latexconfig/color.cfg
File: color.cfg 2007/01/18 v1.5 color configuration of teTeX/TeXLive
)
Package xcolor Info: Driver file: pdftex.def on input line 225.
Package xcolor Info: Model `cmy' substituted by `cmy0' on input line 1337.
Package xcolor Info: Model `hsb' substituted by `rgb' on input line 1341.
Package xcolor Info: Model `RGB' extended on input line 1353.
Package xcolor Info: Model `HTML' substituted by `rgb' on input line 1355.
Package xcolor Info: Model `Hsb' substituted by `hsb' on input line 1356.
Package xcolor Info: Model `tHsb' substituted by `hsb' on input line 1357.
Package xcolor Info: Model `HSB' substituted by `hsb' on input line 1358.
Package xcolor Info: Model `Gray' substituted by `gray' on input line 1359.
Package xcolor Info: Model `wave' substituted by `hsb' on input line 1360.
) (/usr/local/texlive/2015/texmf-dist/tex/latex/tools/enumerate.sty
Package: enumerate 2014/10/28 v3.00 enumerate extensions (DPC)
\@enLab=\toks18
) (/usr/local/texlive/2015/texmf-dist/tex/latex/geometry/geometry.sty
Package: geometry 2010/09/12 v5.6 Page Geometry
 (/usr/local/texlive/2015/texmf-dist/tex/generic/oberdiek/ifpdf.sty
Package: ifpdf 2011/01/30 v2.3 Provides the ifpdf switch (HO)
Package ifpdf Info: pdfTeX in PDF mode is detected.
)
(/usr/local/texlive/2015/texmf-dist/tex/generic/oberdiek/ifvtex.sty
Package: ifvtex 2010/03/01 v1.5 Detect VTeX and its facilities (HO)
Package ifvtex Info: VTeX not detected.
) (/usr/local/texlive/2015/texmf-dist/tex/generic/ifxetex/ifxetex.sty
Package: ifxetex 2010/09/12 v0.6 Provides ifxetex conditional
)
\Gm@cnth=\count93
\Gm@cntv=\count94
\c@Gm@tempcnt=\count95
\Gm@bindingoffset=\dimen122
\Gm@wd@mp=\dimen123
\Gm@odd@mp=\dimen124
\Gm@even@mp=\dimen125
\Gm@layoutwidth=\dimen126
\Gm@layoutheight=\dimen127
\Gm@layouthoffset=\dimen128
\Gm@layoutvoffset=\dimen129
\Gm@dimlist=\toks19
) (/usr/local/texlive/2015/texmf-dist/tex/latex/amsmath/amsmath.sty
Package: amsmath 2013/01/14 v2.14 AMS math features
\@mathmargin=\skip45

For additional information on amsmath, use the `?' option.
(/usr/local/texlive/2015/texmf-dist/tex/latex/amsmath/amstext.sty
Package: amstext 2000/06/29 v2.01
 (/usr/local/texlive/2015/texmf-dist/tex/latex/amsmath/amsgen.sty
File: amsgen.sty 1999/11/30 v2.0
\@emptytoks=\toks20
\ex@=\dimen130
)) (/usr/local/texlive/2015/texmf-dist/tex/latex/amsmath/amsbsy.sty
Package: amsbsy 1999/11/29 v1.2d
\pmbraise@=\dimen131
) (/usr/local/texlive/2015/texmf-dist/tex/latex/amsmath/amsopn.sty
Package: amsopn 1999/12/14 v2.01 operator names
)
\inf@bad=\count96
LaTeX Info: Redefining \frac on input line 210.
\uproot@=\count97
\leftroot@=\count98
LaTeX Info: Redefining \overline on input line 306.
\classnum@=\count99
\DOTSCASE@=\count100
LaTeX Info: Redefining \ldots on input line 378.
LaTeX Info: Redefining \dots on input line 381.
LaTeX Info: Redefining \cdots on input line 466.
\Mathstrutbox@=\box29
\strutbox@=\box30
\big@size=\dimen132
LaTeX Font Info:    Redeclaring font encoding OML on input line 566.
LaTeX Font Info:    Redeclaring font encoding OMS on input line 567.
\macc@depth=\count101
\c@MaxMatrixCols=\count102
\dotsspace@=\muskip10
\c@parentequation=\count103
\dspbrk@lvl=\count104
\tag@help=\toks21
\row@=\count105
\column@=\count106
\maxfields@=\count107
\andhelp@=\toks22
\eqnshift@=\dimen133
\alignsep@=\dimen134
\tagshift@=\dimen135
\tagwidth@=\dimen136
\totwidth@=\dimen137
\lineht@=\dimen138
\@envbody=\toks23
\multlinegap=\skip46
\multlinetaggap=\skip47
\mathdisplay@stack=\toks24
LaTeX Info: Redefining \[ on input line 2665.
LaTeX Info: Redefining \] on input line 2666.
) (/usr/local/texlive/2015/texmf-dist/tex/latex/amsfonts/amssymb.sty
Package: amssymb 2013/01/14 v3.01 AMS font symbols
 (/usr/local/texlive/2015/texmf-dist/tex/latex/amsfonts/amsfonts.sty
Package: amsfonts 2013/01/14 v3.01 Basic AMSFonts support
\symAMSa=\mathgroup4
\symAMSb=\mathgroup5
LaTeX Font Info:    Overwriting math alphabet `\mathfrak' in version `bold'
(Font)                  U/euf/m/n --> U/euf/b/n on input line 106.
)) (/usr/local/texlive/2015/texmf-dist/tex/latex/base/textcomp.sty
Package: textcomp 2005/09/27 v1.99g Standard LaTeX package
Package textcomp Info: Sub-encoding information:
(textcomp)               5 = only ISO-Adobe without \textcurrency
(textcomp)               4 = 5 + \texteuro
(textcomp)               3 = 4 + \textohm
(textcomp)               2 = 3 + \textestimated + \textcurrency
(textcomp)               1 = TS1 - \textcircled - \t
(textcomp)               0 = TS1 (full)
(textcomp)             Font families with sub-encoding setting implement
(textcomp)             only a restricted character set as indicated.
(textcomp)             Family '?' is the default used for unknown fonts.
(textcomp)             See the documentation for details.
Package textcomp Info: Setting ? sub-encoding to TS1/1 on input line 79.
 (/usr/local/texlive/2015/texmf-dist/tex/latex/base/ts1enc.def
File: ts1enc.def 2001/06/05 v3.0e (jk/car/fm) Standard LaTeX file
)
LaTeX Info: Redefining \oldstylenums on input line 334.
Package textcomp Info: Setting cmr sub-encoding to TS1/0 on input line 349.
Package textcomp Info: Setting cmss sub-encoding to TS1/0 on input line 350.
Package textcomp Info: Setting cmtt sub-encoding to TS1/0 on input line 351.
Package textcomp Info: Setting cmvtt sub-encoding to TS1/0 on input line 352.
Package textcomp Info: Setting cmbr sub-encoding to TS1/0 on input line 353.
Package textcomp Info: Setting cmtl sub-encoding to TS1/0 on input line 354.
Package textcomp Info: Setting ccr sub-encoding to TS1/0 on input line 355.
Package textcomp Info: Setting ptm sub-encoding to TS1/4 on input line 356.
Package textcomp Info: Setting pcr sub-encoding to TS1/4 on input line 357.
Package textcomp Info: Setting phv sub-encoding to TS1/4 on input line 358.
Package textcomp Info: Setting ppl sub-encoding to TS1/3 on input line 359.
Package textcomp Info: Setting pag sub-encoding to TS1/4 on input line 360.
Package textcomp Info: Setting pbk sub-encoding to TS1/4 on input line 361.
Package textcomp Info: Setting pnc sub-encoding to TS1/4 on input line 362.
Package textcomp Info: Setting pzc sub-encoding to TS1/4 on input line 363.
Package textcomp Info: Setting bch sub-encoding to TS1/4 on input line 364.
Package textcomp Info: Setting put sub-encoding to TS1/5 on input line 365.
Package textcomp Info: Setting uag sub-encoding to TS1/5 on input line 366.
Package textcomp Info: Setting ugq sub-encoding to TS1/5 on input line 367.
Package textcomp Info: Setting ul8 sub-encoding to TS1/4 on input line 368.
Package textcomp Info: Setting ul9 sub-encoding to TS1/4 on input line 369.
Package textcomp Info: Setting augie sub-encoding to TS1/5 on input line 370.
Package textcomp Info: Setting dayrom sub-encoding to TS1/3 on input line 371.
Package textcomp Info: Setting dayroms sub-encoding to TS1/3 on input line 372.
Package textcomp Info: Setting pxr sub-encoding to TS1/0 on input line 373.
Package textcomp Info: Setting pxss sub-encoding to TS1/0 on input line 374.
Package textcomp Info: Setting pxtt sub-encoding to TS1/0 on input line 375.
Package textcomp Info: Setting txr sub-encoding to TS1/0 on input line 376.
Package textcomp Info: Setting txss sub-encoding to TS1/0 on input line 377.
Package textcomp Info: Setting txtt sub-encoding to TS1/0 on input line 378.
Package textcomp Info: Setting lmr sub-encoding to TS1/0 on input line 379.
Package textcomp Info: Setting lmdh sub-encoding to TS1/0 on input line 380.
Package textcomp Info: Setting lmss sub-encoding to TS1/0 on input line 381.
Package textcomp Info: Setting lmssq sub-encoding to TS1/0 on input line 382.
Package textcomp Info: Setting lmvtt sub-encoding to TS1/0 on input line 383.
Package textcomp Info: Setting lmtt sub-encoding to TS1/0 on input line 384.
Package textcomp Info: Setting qhv sub-encoding to TS1/0 on input line 385.
Package textcomp Info: Setting qag sub-encoding to TS1/0 on input line 386.
Package textcomp Info: Setting qbk sub-encoding to TS1/0 on input line 387.
Package textcomp Info: Setting qcr sub-encoding to TS1/0 on input line 388.
Package textcomp Info: Setting qcs sub-encoding to TS1/0 on input line 389.
Package textcomp Info: Setting qpl sub-encoding to TS1/0 on input line 390.
Package textcomp Info: Setting qtm sub-encoding to TS1/0 on input line 391.
Package textcomp Info: Setting qzc sub-encoding to TS1/0 on input line 392.
Package textcomp Info: Setting qhvc sub-encoding to TS1/0 on input line 393.
Package textcomp Info: Setting futs sub-encoding to TS1/4 on input line 394.
Package textcomp Info: Setting futx sub-encoding to TS1/4 on input line 395.
Package textcomp Info: Setting futj sub-encoding to TS1/4 on input line 396.
Package textcomp Info: Setting hlh sub-encoding to TS1/3 on input line 397.
Package textcomp Info: Setting hls sub-encoding to TS1/3 on input line 398.
Package textcomp Info: Setting hlst sub-encoding to TS1/3 on input line 399.
Package textcomp Info: Setting hlct sub-encoding to TS1/5 on input line 400.
Package textcomp Info: Setting hlx sub-encoding to TS1/5 on input line 401.
Package textcomp Info: Setting hlce sub-encoding to TS1/5 on input line 402.
Package textcomp Info: Setting hlcn sub-encoding to TS1/5 on input line 403.
Package textcomp Info: Setting hlcw sub-encoding to TS1/5 on input line 404.
Package textcomp Info: Setting hlcf sub-encoding to TS1/5 on input line 405.
Package textcomp Info: Setting pplx sub-encoding to TS1/3 on input line 406.
Package textcomp Info: Setting pplj sub-encoding to TS1/3 on input line 407.
Package textcomp Info: Setting ptmx sub-encoding to TS1/4 on input line 408.
Package textcomp Info: Setting ptmj sub-encoding to TS1/4 on input line 409.
) (/usr/local/texlive/2015/texmf-dist/tex/latex/upquote/upquote.sty
Package: upquote 2012/04/19 v1.3 upright-quote and grave-accent glyphs in verbatim
) (/usr/local/texlive/2015/texmf-dist/tex/latex/eurosym/eurosym.sty
Package: eurosym 1998/08/06 v1.1 European currency symbol ``Euro''
\@eurobox=\box31
) (/usr/local/texlive/2015/texmf-dist/tex/latex/ucs/ucs.sty
Package: ucs 2013/05/11 v2.2 UCS: Unicode input support
 (/usr/local/texlive/2015/texmf-dist/tex/latex/ucs/data/uni-global.def
File: uni-global.def 2013/05/13 UCS: Unicode global data
)
\uc@secondtry=\count108
\uc@combtoks=\toks25
\uc@combtoksb=\toks26
\uc@temptokena=\toks27
) (/usr/local/texlive/2015/texmf-dist/tex/latex/base/inputenc.sty
Package: inputenc 2015/03/17 v1.2c Input encoding file
\inpenc@prehook=\toks28
\inpenc@posthook=\toks29
 (/usr/local/texlive/2015/texmf-dist/tex/latex/ucs/utf8x.def
File: utf8x.def 2004/10/17 UCS: Input encoding UTF-8
)) (/usr/local/texlive/2015/texmf-dist/tex/latex/fancyvrb/fancyvrb.sty
Package: fancyvrb 2008/02/07
 Style option: `fancyvrb' v2.7a, with DG/SPQR fixes, and firstline=lastline fix <2008/02/07> (tvz)
\FV@CodeLineNo=\count109
\FV@InFile=\read1
\FV@TabBox=\box32
\c@FancyVerbLine=\count110
\FV@StepNumber=\count111
\FV@OutFile=\write3
) (/usr/local/texlive/2015/texmf-dist/tex/latex/oberdiek/grffile.sty
Package: grffile 2012/04/05 v1.16 Extended file name support for graphics (HO)
 (/usr/local/texlive/2015/texmf-dist/tex/latex/oberdiek/kvoptions.sty
Package: kvoptions 2011/06/30 v3.11 Key value format for package options (HO)
 (/usr/local/texlive/2015/texmf-dist/tex/generic/oberdiek/kvsetkeys.sty
Package: kvsetkeys 2012/04/25 v1.16 Key value parser (HO)
 (/usr/local/texlive/2015/texmf-dist/tex/generic/oberdiek/etexcmds.sty
Package: etexcmds 2011/02/16 v1.5 Avoid name clashes with e-TeX commands (HO)
 (/usr/local/texlive/2015/texmf-dist/tex/generic/oberdiek/ifluatex.sty
Package: ifluatex 2010/03/01 v1.3 Provides the ifluatex switch (HO)
Package ifluatex Info: LuaTeX not detected.
)
Package etexcmds Info: Could not find \expanded.
(etexcmds)             That can mean that you are not using pdfTeX 1.50 or
(etexcmds)             that some package has redefined \expanded.
(etexcmds)             In the latter case, load this package earlier.
))) (/usr/local/texlive/2015/texmf-dist/tex/generic/oberdiek/pdftexcmds.sty
Package: pdftexcmds 2011/11/29 v0.20 Utility functions of pdfTeX for LuaTeX (HO)
Package pdftexcmds Info: LuaTeX not detected.
Package pdftexcmds Info: \pdf@primitive is available.
Package pdftexcmds Info: \pdf@ifprimitive is available.
Package pdftexcmds Info: \pdfdraftmode found.
)
Package grffile Info: Option `multidot' is set to `true'.
Package grffile Info: Option `extendedchars' is set to `false'.
Package grffile Info: Option `space' is set to `true'.
Package grffile Info: \Gin@ii of package `graphicx' fixed on input line 486.
) (/usr/local/texlive/2015/texmf-dist/tex/latex/hyperref/hyperref.sty
Package: hyperref 2012/11/06 v6.83m Hypertext links for LaTeX
 (/usr/local/texlive/2015/texmf-dist/tex/generic/oberdiek/hobsub-hyperref.sty
Package: hobsub-hyperref 2012/05/28 v1.13 Bundle oberdiek, subset hyperref (HO)
 (/usr/local/texlive/2015/texmf-dist/tex/generic/oberdiek/hobsub-generic.sty
Package: hobsub-generic 2012/05/28 v1.13 Bundle oberdiek, subset generic (HO)
Package: hobsub 2012/05/28 v1.13 Construct package bundles (HO)
Package hobsub Info: Skipping package `infwarerr' (already loaded).
Package hobsub Info: Skipping package `ltxcmds' (already loaded).
Package hobsub Info: Skipping package `ifluatex' (already loaded).
Package hobsub Info: Skipping package `ifvtex' (already loaded).
Package: intcalc 2007/09/27 v1.1 Expandable calculations with integers (HO)
Package hobsub Info: Skipping package `ifpdf' (already loaded).
Package hobsub Info: Skipping package `etexcmds' (already loaded).
Package hobsub Info: Skipping package `kvsetkeys' (already loaded).
Package: kvdefinekeys 2011/04/07 v1.3 Define keys (HO)
Package hobsub Info: Skipping package `pdftexcmds' (already loaded).
Package: pdfescape 2011/11/25 v1.13 Implements pdfTeX's escape features (HO)
Package: bigintcalc 2012/04/08 v1.3 Expandable calculations on big integers (HO)
Package: bitset 2011/01/30 v1.1 Handle bit-vector datatype (HO)
Package: uniquecounter 2011/01/30 v1.2 Provide unlimited unique counter (HO)
)
Package hobsub Info: Skipping package `hobsub' (already loaded).
Package: letltxmacro 2010/09/02 v1.4 Let assignment for LaTeX macros (HO)
Package: hopatch 2012/05/28 v1.2 Wrapper for package hooks (HO)
Package: xcolor-patch 2011/01/30 xcolor patch
Package: atveryend 2011/06/30 v1.8 Hooks at the very end of document (HO)
Package atveryend Info: \enddocument detected (standard20110627).
Package: atbegshi 2011/10/05 v1.16 At begin shipout hook (HO)
Package: refcount 2011/10/16 v3.4 Data extraction from label references (HO)
Package: hycolor 2011/01/30 v1.7 Color options for hyperref/bookmark (HO)
) (/usr/local/texlive/2015/texmf-dist/tex/latex/oberdiek/auxhook.sty
Package: auxhook 2011/03/04 v1.3 Hooks for auxiliary files (HO)
)
\@linkdim=\dimen139
\Hy@linkcounter=\count112
\Hy@pagecounter=\count113
 (/usr/local/texlive/2015/texmf-dist/tex/latex/hyperref/pd1enc.def
File: pd1enc.def 2012/11/06 v6.83m Hyperref: PDFDocEncoding definition (HO)
)
\Hy@SavedSpaceFactor=\count114
 (/usr/local/texlive/2015/texmf-dist/tex/latex/latexconfig/hyperref.cfg
File: hyperref.cfg 2002/06/06 v1.2 hyperref configuration of TeXLive
)
Package hyperref Info: Hyper figures OFF on input line 4443.
Package hyperref Info: Link nesting OFF on input line 4448.
Package hyperref Info: Hyper index ON on input line 4451.
Package hyperref Info: Plain pages OFF on input line 4458.
Package hyperref Info: Backreferencing OFF on input line 4463.
Package hyperref Info: Implicit mode ON; LaTeX internals redefined.
Package hyperref Info: Bookmarks ON on input line 4688.
\c@Hy@tempcnt=\count115
 (/usr/local/texlive/2015/texmf-dist/tex/latex/url/url.sty
\Urlmuskip=\muskip11
Package: url 2013/09/16  ver 3.4  Verb mode for urls, etc.
)
LaTeX Info: Redefining \url on input line 5041.
\XeTeXLinkMargin=\dimen140
\Fld@menulength=\count116
\Field@Width=\dimen141
\Fld@charsize=\dimen142
Package hyperref Info: Hyper figures OFF on input line 6295.
Package hyperref Info: Link nesting OFF on input line 6300.
Package hyperref Info: Hyper index ON on input line 6303.
Package hyperref Info: backreferencing OFF on input line 6310.
Package hyperref Info: Link coloring OFF on input line 6315.
Package hyperref Info: Link coloring with OCG OFF on input line 6320.
Package hyperref Info: PDF/A mode OFF on input line 6325.
LaTeX Info: Redefining \ref on input line 6365.
LaTeX Info: Redefining \pageref on input line 6369.
\Hy@abspage=\count117
\c@Item=\count118
\c@Hfootnote=\count119
)

Package hyperref Message: Driver (autodetected): hpdftex.

(/usr/local/texlive/2015/texmf-dist/tex/latex/hyperref/hpdftex.def
File: hpdftex.def 2012/11/06 v6.83m Hyperref driver for pdfTeX
\Fld@listcount=\count120
\c@bookmark@seq@number=\count121
 (/usr/local/texlive/2015/texmf-dist/tex/latex/oberdiek/rerunfilecheck.sty
Package: rerunfilecheck 2011/04/15 v1.7 Rerun checks for auxiliary files (HO)
Package uniquecounter Info: New unique counter `rerunfilecheck' on input line 282.
)
\Hy@SectionHShift=\skip48
) (/usr/local/texlive/2015/texmf-dist/tex/latex/tools/longtable.sty
Package: longtable 2014/10/28 v4.11 Multi-page Table package (DPC)
\LTleft=\skip49
\LTright=\skip50
\LTpre=\skip51
\LTpost=\skip52
\LTchunksize=\count122
\LTcapwidth=\dimen143
\LT@head=\box33
\LT@firsthead=\box34
\LT@foot=\box35
\LT@lastfoot=\box36
\LT@cols=\count123
\LT@rows=\count124
\c@LT@tables=\count125
\c@LT@chunks=\count126
\LT@p@ftn=\toks30
) (/usr/local/texlive/2015/texmf-dist/tex/latex/booktabs/booktabs.sty
Package: booktabs 2005/04/14 v1.61803 publication quality tables
\heavyrulewidth=\dimen144
\lightrulewidth=\dimen145
\cmidrulewidth=\dimen146
\belowrulesep=\dimen147
\belowbottomsep=\dimen148
\aboverulesep=\dimen149
\abovetopsep=\dimen150
\cmidrulesep=\dimen151
\cmidrulekern=\dimen152
\defaultaddspace=\dimen153
\@cmidla=\count127
\@cmidlb=\count128
\@aboverulesep=\dimen154
\@belowrulesep=\dimen155
\@thisruleclass=\count129
\@lastruleclass=\count130
\@thisrulewidth=\dimen156
) (/usr/local/texlive/2015/texmf-dist/tex/generic/ulem/ulem.sty
\UL@box=\box37
\UL@hyphenbox=\box38
\UL@skip=\skip53
\UL@hook=\toks31
\UL@height=\dimen157
\UL@pe=\count131
\UL@pixel=\dimen158
\ULC@box=\box39
Package: ulem 2012/05/18
\ULdepth=\dimen159
)
Package hyperref Info: Option `breaklinks' set `true' on input line 269.
Package hyperref Info: Option `colorlinks' set `true' on input line 269.
 (/Users/taylorkilian/2016_Teel_Basalts/Code/LaTeX_output/.texpadtmp/Teel_Formation_pmag.aux)
\openout1 = `Teel_Formation_pmag.aux'.

LaTeX Font Info:    Checking defaults for OML/cmm/m/it on input line 276.
LaTeX Font Info:    ... okay on input line 276.
LaTeX Font Info:    Checking defaults for T1/cmr/m/n on input line 276.
LaTeX Font Info:    ... okay on input line 276.
LaTeX Font Info:    Checking defaults for OT1/cmr/m/n on input line 276.
LaTeX Font Info:    ... okay on input line 276.
LaTeX Font Info:    Checking defaults for OMS/cmsy/m/n on input line 276.
LaTeX Font Info:    ... okay on input line 276.
LaTeX Font Info:    Checking defaults for OMX/cmex/m/n on input line 276.
LaTeX Font Info:    ... okay on input line 276.
LaTeX Font Info:    Checking defaults for U/cmr/m/n on input line 276.
LaTeX Font Info:    ... okay on input line 276.
LaTeX Font Info:    Checking defaults for TS1/cmr/m/n on input line 276.
LaTeX Font Info:    Try loading font information for TS1+cmr on input line 276.
 (/usr/local/texlive/2015/texmf-dist/tex/latex/base/ts1cmr.fd
File: ts1cmr.fd 2014/09/29 v2.5h Standard LaTeX font definitions
)
LaTeX Font Info:    ... okay on input line 276.
LaTeX Font Info:    Checking defaults for PD1/pdf/m/n on input line 276.
LaTeX Font Info:    ... okay on input line 276.
 (/usr/local/texlive/2015/texmf-dist/tex/context/base/supp-pdf.mkii
[Loading MPS to PDF converter (version 2006.09.02).]
\scratchcounter=\count132
\scratchdimen=\dimen160
\scratchbox=\box40
\nofMPsegments=\count133
\nofMParguments=\count134
\everyMPshowfont=\toks32
\MPscratchCnt=\count135
\MPscratchDim=\dimen161
\MPnumerator=\count136
\makeMPintoPDFobject=\count137
\everyMPtoPDFconversion=\toks33
) (/usr/local/texlive/2015/texmf-dist/tex/latex/oberdiek/epstopdf-base.sty
Package: epstopdf-base 2010/02/09 v2.5 Base part for package epstopdf
 (/usr/local/texlive/2015/texmf-dist/tex/latex/oberdiek/grfext.sty
Package: grfext 2010/08/19 v1.1 Manage graphics extensions (HO)
)
Package grfext Info: Graphics extension search list:
(grfext)             [.png,.pdf,.jpg,.mps,.jpeg,.jbig2,.jb2,.PNG,.PDF,.JPG,.JPEG,.JBIG2,.JB2,.eps]
(grfext)             \AppendGraphicsExtensions on input line 452.
 (/usr/local/texlive/2015/texmf-dist/tex/latex/latexconfig/epstopdf-sys.cfg
File: epstopdf-sys.cfg 2010/07/13 v1.3 Configuration of (r)epstopdf for TeX Live
))
Package caption Info: Begin \AtBeginDocument code.
Package caption Info: hyperref package is loaded.
Package caption Info: longtable package is loaded.
 (/usr/local/texlive/2015/texmf-dist/tex/latex/caption/ltcaption.sty
Package: ltcaption 2013/02/03 v1.3-62 longtable captions (AR)
)
Package caption Info: End \AtBeginDocument code.

*geometry* driver: auto-detecting
*geometry* detected driver: pdftex
*geometry* verbose mode - [ preamble ] result:
* driver: pdftex
* paper: <default>
* layout: <same size as paper>
* layoutoffset:(h,v)=(0.0pt,0.0pt)
* modes: 
* h-part:(L,W,R)=(72.26999pt, 469.75502pt, 72.26999pt)
* v-part:(T,H,B)=(72.26999pt, 650.43001pt, 72.26999pt)
* \paperwidth=614.295pt
* \paperheight=794.96999pt
* \textwidth=469.75502pt
* \textheight=650.43001pt
* \oddsidemargin=0.0pt
* \evensidemargin=0.0pt
* \topmargin=-37.0pt
* \headheight=12.0pt
* \headsep=25.0pt
* \topskip=11.0pt
* \footskip=30.0pt
* \marginparwidth=59.0pt
* \marginparsep=10.0pt
* \columnsep=10.0pt
* \skip\footins=10.0pt plus 4.0pt minus 2.0pt
* \hoffset=0.0pt
* \voffset=0.0pt
* \mag=1000
* \@twocolumnfalse
* \@twosidefalse
* \@mparswitchfalse
* \@reversemarginfalse
* (1in=72.27pt=25.4mm, 1cm=28.453pt)

(/usr/local/texlive/2015/texmf-dist/tex/latex/ucs/ucsencs.def
File: ucsencs.def 2011/01/21 Fixes to fontencodings LGR, T3
)
\AtBeginShipoutBox=\box41
Package hyperref Info: Link coloring ON on input line 276.
 (/usr/local/texlive/2015/texmf-dist/tex/latex/hyperref/nameref.sty
Package: nameref 2012/10/27 v2.43 Cross-referencing by name of section
 (/usr/local/texlive/2015/texmf-dist/tex/generic/oberdiek/gettitlestring.sty
Package: gettitlestring 2010/12/03 v1.4 Cleanup title references (HO)
)
\c@section@level=\count138
)
LaTeX Info: Redefining \ref on input line 276.
LaTeX Info: Redefining \pageref on input line 276.
LaTeX Info: Redefining \nameref on input line 276.
 (/Users/taylorkilian/2016_Teel_Basalts/Code/LaTeX_output/.texpadtmp/Teel_Formation_pmag.out) (/Users/taylorkilian/2016_Teel_Basalts/Code/LaTeX_output/.texpadtmp/Teel_Formation_pmag.out)
\@outlinefile=\write4
\openout4 = `Teel_Formation_pmag.out'.

 (/Users/taylorkilian/2016_Teel_Basalts/Code/LaTeX_output/.texpadtmp/Teel_Formation_pmag.toc
LaTeX Font Info:    Try loading font information for U+msa on input line 3.
 (/usr/local/texlive/2015/texmf-dist/tex/latex/amsfonts/umsa.fd
File: umsa.fd 2013/01/14 v3.01 AMS symbols A
)
LaTeX Font Info:    Try loading font information for U+msb on input line 3.
 (/usr/local/texlive/2015/texmf-dist/tex/latex/amsfonts/umsb.fd
File: umsb.fd 2013/01/14 v3.01 AMS symbols B
))
\tf@toc=\write5
\openout5 = `Teel_Formation_pmag.toc'.

 [1

{/usr/local/texlive/2015/texmf-var/fonts/map/pdftex/updmap/pdftex.map}]
LaTeX Font Info:    Try loading font information for T1+cmtt on input line 314.
 (/usr/local/texlive/2015/texmf-dist/tex/latex/base/t1cmtt.fd
File: t1cmtt.fd 2014/09/29 v2.5h Standard LaTeX font definitions
)
Overfull \hbox (68.82037pt too wide) in paragraph at lines 333--368
[][] 
 []

<Teel_Formation_pmag_files/Teel_Formation_pmag_11_0.png, id=89, 394.47375pt x 378.41376pt>
File: Teel_Formation_pmag_files/Teel_Formation_pmag_11_0.png Graphic file (type png)
 <use Teel_Formation_pmag_files/Teel_Formation_pmag_11_0.png>
Package pdftex.def Info: Teel_Formation_pmag_files/Teel_Formation_pmag_11_0.png used on input line 373.
(pdftex.def)             Requested size: 394.47278pt x 378.41283pt.
 [2] [3]
Underfull \hbox (badness 10000) in paragraph at lines 375--376

 []

(/usr/local/texlive/2015/texmf-dist/tex/latex/ucs/data/uni-0.def
File: uni-0.def 2013/05/13 UCS: Unicode data U+0000..U+00FF
) <Teel_Formation_pmag_files/Teel_Formation_pmag_18_0.png, id=103, 281.05pt x 324.21124pt>
File: Teel_Formation_pmag_files/Teel_Formation_pmag_18_0.png Graphic file (type png)
 <use Teel_Formation_pmag_files/Teel_Formation_pmag_18_0.png>
Package pdftex.def Info: Teel_Formation_pmag_files/Teel_Formation_pmag_18_0.png used on input line 398.
(pdftex.def)             Requested size: 281.0493pt x 324.21045pt.
 [4 <./Teel_Formation_pmag_files/Teel_Formation_pmag_11_0.png>]
Underfull \hbox (badness 10000) in paragraph at lines 400--401

 []

<Teel_Formation_pmag_files/Teel_Formation_pmag_22_0.png, id=111, 281.05pt x 282.05376pt>
File: Teel_Formation_pmag_files/Teel_Formation_pmag_22_0.png Graphic file (type png)
 <use Teel_Formation_pmag_files/Teel_Formation_pmag_22_0.png>
Package pdftex.def Info: Teel_Formation_pmag_files/Teel_Formation_pmag_22_0.png used on input line 409.
(pdftex.def)             Requested size: 281.0493pt x 282.05305pt.
 [5 <./Teel_Formation_pmag_files/Teel_Formation_pmag_18_0.png>]
Underfull \hbox (badness 10000) in paragraph at lines 411--412

 []

<Teel_Formation_pmag_files/Teel_Formation_pmag_26_0.png, id=118, 281.05pt x 282.05376pt>
File: Teel_Formation_pmag_files/Teel_Formation_pmag_26_0.png Graphic file (type png)
 <use Teel_Formation_pmag_files/Teel_Formation_pmag_26_0.png>
Package pdftex.def Info: Teel_Formation_pmag_files/Teel_Formation_pmag_26_0.png used on input line 420.
(pdftex.def)             Requested size: 281.0493pt x 282.05305pt.
 [6 <./Teel_Formation_pmag_files/Teel_Formation_pmag_22_0.png>]
Underfull \hbox (badness 10000) in paragraph at lines 422--423

 []

<Teel_Formation_pmag_files/Teel_Formation_pmag_30_0.png, id=125, 281.05pt x 282.05376pt>
File: Teel_Formation_pmag_files/Teel_Formation_pmag_30_0.png Graphic file (type png)
 <use Teel_Formation_pmag_files/Teel_Formation_pmag_30_0.png>
Package pdftex.def Info: Teel_Formation_pmag_files/Teel_Formation_pmag_30_0.png used on input line 431.
(pdftex.def)             Requested size: 281.0493pt x 282.05305pt.
 [7 <./Teel_Formation_pmag_files/Teel_Formation_pmag_26_0.png>]
Underfull \hbox (badness 10000) in paragraph at lines 433--434

 []

<Teel_Formation_pmag_files/Teel_Formation_pmag_34_0.png, id=133, 281.05pt x 282.05376pt>
File: Teel_Formation_pmag_files/Teel_Formation_pmag_34_0.png Graphic file (type png)
 <use Teel_Formation_pmag_files/Teel_Formation_pmag_34_0.png>
Package pdftex.def Info: Teel_Formation_pmag_files/Teel_Formation_pmag_34_0.png used on input line 442.
(pdftex.def)             Requested size: 281.0493pt x 282.05305pt.
 [8 <./Teel_Formation_pmag_files/Teel_Formation_pmag_30_0.png>]
Underfull \hbox (badness 10000) in paragraph at lines 444--445

 []

<Teel_Formation_pmag_files/Teel_Formation_pmag_38_0.png, id=140, 281.05pt x 318.18875pt>
File: Teel_Formation_pmag_files/Teel_Formation_pmag_38_0.png Graphic file (type png)
 <use Teel_Formation_pmag_files/Teel_Formation_pmag_38_0.png>
Package pdftex.def Info: Teel_Formation_pmag_files/Teel_Formation_pmag_38_0.png used on input line 453.
(pdftex.def)             Requested size: 281.0493pt x 318.18796pt.
 [9 <./Teel_Formation_pmag_files/Teel_Formation_pmag_34_0.png>]
Underfull \hbox (badness 10000) in paragraph at lines 455--456

 []

<Teel_Formation_pmag_files/Teel_Formation_pmag_43_0.png, id=147, 281.05pt x 282.05376pt>
File: Teel_Formation_pmag_files/Teel_Formation_pmag_43_0.png Graphic file (type png)
 <use Teel_Formation_pmag_files/Teel_Formation_pmag_43_0.png>
Package pdftex.def Info: Teel_Formation_pmag_files/Teel_Formation_pmag_43_0.png used on input line 467.
(pdftex.def)             Requested size: 281.0493pt x 282.05305pt.
 [10 <./Teel_Formation_pmag_files/Teel_Formation_pmag_38_0.png>]
Underfull \hbox (badness 10000) in paragraph at lines 469--470

 []

<Teel_Formation_pmag_files/Teel_Formation_pmag_46_0.png, id=154, 281.05pt x 282.05376pt>
File: Teel_Formation_pmag_files/Teel_Formation_pmag_46_0.png Graphic file (type png)
 <use Teel_Formation_pmag_files/Teel_Formation_pmag_46_0.png>
Package pdftex.def Info: Teel_Formation_pmag_files/Teel_Formation_pmag_46_0.png used on input line 478.
(pdftex.def)             Requested size: 281.0493pt x 282.05305pt.
 [11 <./Teel_Formation_pmag_files/Teel_Formation_pmag_43_0.png>]
Underfull \hbox (badness 10000) in paragraph at lines 480--481

 []

<Teel_Formation_pmag_files/Teel_Formation_pmag_50_0.png, id=161, 281.05pt x 282.05376pt>
File: Teel_Formation_pmag_files/Teel_Formation_pmag_50_0.png Graphic file (type png)
 <use Teel_Formation_pmag_files/Teel_Formation_pmag_50_0.png>
Package pdftex.def Info: Teel_Formation_pmag_files/Teel_Formation_pmag_50_0.png used on input line 489.
(pdftex.def)             Requested size: 281.0493pt x 282.05305pt.
 [12 <./Teel_Formation_pmag_files/Teel_Formation_pmag_46_0.png>]
Underfull \hbox (badness 10000) in paragraph at lines 491--492

 []

<Teel_Formation_pmag_files/Teel_Formation_pmag_55_0.png, id=168, 281.05pt x 318.18875pt>
File: Teel_Formation_pmag_files/Teel_Formation_pmag_55_0.png Graphic file (type png)
 <use Teel_Formation_pmag_files/Teel_Formation_pmag_55_0.png>
Package pdftex.def Info: Teel_Formation_pmag_files/Teel_Formation_pmag_55_0.png used on input line 503.
(pdftex.def)             Requested size: 281.0493pt x 318.18796pt.
 [13 <./Teel_Formation_pmag_files/Teel_Formation_pmag_50_0.png>]
Underfull \hbox (badness 10000) in paragraph at lines 505--506

 []

<Teel_Formation_pmag_files/Teel_Formation_pmag_59_0.png, id=177, 281.05pt x 318.18875pt>
File: Teel_Formation_pmag_files/Teel_Formation_pmag_59_0.png Graphic file (type png)
 <use Teel_Formation_pmag_files/Teel_Formation_pmag_59_0.png>
Package pdftex.def Info: Teel_Formation_pmag_files/Teel_Formation_pmag_59_0.png used on input line 514.
(pdftex.def)             Requested size: 281.0493pt x 318.18796pt.
 [14 <./Teel_Formation_pmag_files/Teel_Formation_pmag_55_0.png>]
Underfull \hbox (badness 10000) in paragraph at lines 516--517

 []

<Teel_Formation_pmag_files/Teel_Formation_pmag_62_0.png, id=184, 281.05pt x 318.18875pt>
File: Teel_Formation_pmag_files/Teel_Formation_pmag_62_0.png Graphic file (type png)
 <use Teel_Formation_pmag_files/Teel_Formation_pmag_62_0.png>
Package pdftex.def Info: Teel_Formation_pmag_files/Teel_Formation_pmag_62_0.png used on input line 525.
(pdftex.def)             Requested size: 281.0493pt x 318.18796pt.
 [15 <./Teel_Formation_pmag_files/Teel_Formation_pmag_59_0.png>]
Underfull \hbox (badness 10000) in paragraph at lines 527--528

 []

<Teel_Formation_pmag_files/Teel_Formation_pmag_66_0.png, id=191, 281.05pt x 318.18875pt>
File: Teel_Formation_pmag_files/Teel_Formation_pmag_66_0.png Graphic file (type png)
 <use Teel_Formation_pmag_files/Teel_Formation_pmag_66_0.png>
Package pdftex.def Info: Teel_Formation_pmag_files/Teel_Formation_pmag_66_0.png used on input line 538.
(pdftex.def)             Requested size: 281.0493pt x 318.18796pt.
 [16 <./Teel_Formation_pmag_files/Teel_Formation_pmag_62_0.png>]
Underfull \hbox (badness 10000) in paragraph at lines 540--541

 []

<Teel_Formation_pmag_files/Teel_Formation_pmag_70_0.png, id=198, 281.05pt x 337.26pt>
File: Teel_Formation_pmag_files/Teel_Formation_pmag_70_0.png Graphic file (type png)
 <use Teel_Formation_pmag_files/Teel_Formation_pmag_70_0.png>
Package pdftex.def Info: Teel_Formation_pmag_files/Teel_Formation_pmag_70_0.png used on input line 551.
(pdftex.def)             Requested size: 281.0493pt x 337.25917pt.
 [17 <./Teel_Formation_pmag_files/Teel_Formation_pmag_66_0.png>]
Underfull \hbox (badness 10000) in paragraph at lines 553--554

 []

<Teel_Formation_pmag_files/Teel_Formation_pmag_74_0.png, id=205, 281.05pt x 282.05376pt>
File: Teel_Formation_pmag_files/Teel_Formation_pmag_74_0.png Graphic file (type png)
 <use Teel_Formation_pmag_files/Teel_Formation_pmag_74_0.png>
Package pdftex.def Info: Teel_Formation_pmag_files/Teel_Formation_pmag_74_0.png used on input line 562.
(pdftex.def)             Requested size: 281.0493pt x 282.05305pt.
 [18 <./Teel_Formation_pmag_files/Teel_Formation_pmag_70_0.png>]
Underfull \hbox (badness 10000) in paragraph at lines 564--565

 []

<Teel_Formation_pmag_files/Teel_Formation_pmag_79_0.png, id=212, 353.32pt x 318.18875pt>
File: Teel_Formation_pmag_files/Teel_Formation_pmag_79_0.png Graphic file (type png)
 <use Teel_Formation_pmag_files/Teel_Formation_pmag_79_0.png>
Package pdftex.def Info: Teel_Formation_pmag_files/Teel_Formation_pmag_79_0.png used on input line 577.
(pdftex.def)             Requested size: 353.31914pt x 318.18796pt.
 [19 <./Teel_Formation_pmag_files/Teel_Formation_pmag_74_0.png>]
Underfull \hbox (badness 10000) in paragraph at lines 579--580

 []

<Teel_Formation_pmag_files/Teel_Formation_pmag_84_0.png, id=220, 281.05pt x 282.05376pt>
File: Teel_Formation_pmag_files/Teel_Formation_pmag_84_0.png Graphic file (type png)
 <use Teel_Formation_pmag_files/Teel_Formation_pmag_84_0.png>
Package pdftex.def Info: Teel_Formation_pmag_files/Teel_Formation_pmag_84_0.png used on input line 591.
(pdftex.def)             Requested size: 281.0493pt x 282.05305pt.
 [20 <./Teel_Formation_pmag_files/Teel_Formation_pmag_79_0.png>]
Underfull \hbox (badness 10000) in paragraph at lines 593--594

 []

<Teel_Formation_pmag_files/Teel_Formation_pmag_88_0.png, id=227, 281.05pt x 318.18875pt>
File: Teel_Formation_pmag_files/Teel_Formation_pmag_88_0.png Graphic file (type png)
 <use Teel_Formation_pmag_files/Teel_Formation_pmag_88_0.png>
Package pdftex.def Info: Teel_Formation_pmag_files/Teel_Formation_pmag_88_0.png used on input line 602.
(pdftex.def)             Requested size: 281.0493pt x 318.18796pt.
 [21 <./Teel_Formation_pmag_files/Teel_Formation_pmag_84_0.png>]
Underfull \hbox (badness 10000) in paragraph at lines 604--605

 []

<Teel_Formation_pmag_files/Teel_Formation_pmag_92_0.png, id=234, 281.05pt x 299.1175pt>
File: Teel_Formation_pmag_files/Teel_Formation_pmag_92_0.png Graphic file (type png)
 <use Teel_Formation_pmag_files/Teel_Formation_pmag_92_0.png>
Package pdftex.def Info: Teel_Formation_pmag_files/Teel_Formation_pmag_92_0.png used on input line 613.
(pdftex.def)             Requested size: 281.0493pt x 299.11676pt.
 [22 <./Teel_Formation_pmag_files/Teel_Formation_pmag_88_0.png>]
Underfull \hbox (badness 10000) in paragraph at lines 615--616

 []

<Teel_Formation_pmag_files/Teel_Formation_pmag_96_0.png, id=241, 281.05pt x 318.18875pt>
File: Teel_Formation_pmag_files/Teel_Formation_pmag_96_0.png Graphic file (type png)
 <use Teel_Formation_pmag_files/Teel_Formation_pmag_96_0.png>
Package pdftex.def Info: Teel_Formation_pmag_files/Teel_Formation_pmag_96_0.png used on input line 624.
(pdftex.def)             Requested size: 281.0493pt x 318.18796pt.
 [23 <./Teel_Formation_pmag_files/Teel_Formation_pmag_92_0.png>]
Underfull \hbox (badness 10000) in paragraph at lines 626--627

 []

<Teel_Formation_pmag_files/Teel_Formation_pmag_100_0.png, id=248, 281.05pt x 282.05376pt>
File: Teel_Formation_pmag_files/Teel_Formation_pmag_100_0.png Graphic file (type png)
 <use Teel_Formation_pmag_files/Teel_Formation_pmag_100_0.png>
Package pdftex.def Info: Teel_Formation_pmag_files/Teel_Formation_pmag_100_0.png used on input line 635.
(pdftex.def)             Requested size: 281.0493pt x 282.05305pt.
 [24 <./Teel_Formation_pmag_files/Teel_Formation_pmag_96_0.png>]
Underfull \hbox (badness 10000) in paragraph at lines 637--638

 []

<Teel_Formation_pmag_files/Teel_Formation_pmag_104_0.png, id=255, 281.05pt x 318.18875pt>
File: Teel_Formation_pmag_files/Teel_Formation_pmag_104_0.png Graphic file (type png)
 <use Teel_Formation_pmag_files/Teel_Formation_pmag_104_0.png>
Package pdftex.def Info: Teel_Formation_pmag_files/Teel_Formation_pmag_104_0.png used on input line 646.
(pdftex.def)             Requested size: 281.0493pt x 318.18796pt.
 [25 <./Teel_Formation_pmag_files/Teel_Formation_pmag_100_0.png>]
Underfull \hbox (badness 10000) in paragraph at lines 648--649

 []

<Teel_Formation_pmag_files/Teel_Formation_pmag_109_0.png, id=263, 281.05pt x 318.18875pt>
File: Teel_Formation_pmag_files/Teel_Formation_pmag_109_0.png Graphic file (type png)
 <use Teel_Formation_pmag_files/Teel_Formation_pmag_109_0.png>
Package pdftex.def Info: Teel_Formation_pmag_files/Teel_Formation_pmag_109_0.png used on input line 662.
(pdftex.def)             Requested size: 281.0493pt x 318.18796pt.
 [26 <./Teel_Formation_pmag_files/Teel_Formation_pmag_104_0.png>]
Underfull \hbox (badness 10000) in paragraph at lines 664--665

 []

<Teel_Formation_pmag_files/Teel_Formation_pmag_113_0.png, id=270, 281.05pt x 299.1175pt>
File: Teel_Formation_pmag_files/Teel_Formation_pmag_113_0.png Graphic file (type png)
 <use Teel_Formation_pmag_files/Teel_Formation_pmag_113_0.png>
Package pdftex.def Info: Teel_Formation_pmag_files/Teel_Formation_pmag_113_0.png used on input line 673.
(pdftex.def)             Requested size: 281.0493pt x 299.11676pt.
 [27 <./Teel_Formation_pmag_files/Teel_Formation_pmag_109_0.png>]
Underfull \hbox (badness 10000) in paragraph at lines 675--676

 []

<Teel_Formation_pmag_files/Teel_Formation_pmag_117_0.png, id=277, 281.05pt x 311.1625pt>
File: Teel_Formation_pmag_files/Teel_Formation_pmag_117_0.png Graphic file (type png)
 <use Teel_Formation_pmag_files/Teel_Formation_pmag_117_0.png>
Package pdftex.def Info: Teel_Formation_pmag_files/Teel_Formation_pmag_117_0.png used on input line 684.
(pdftex.def)             Requested size: 281.0493pt x 311.16174pt.
 [28 <./Teel_Formation_pmag_files/Teel_Formation_pmag_113_0.png>]
Underfull \hbox (badness 10000) in paragraph at lines 686--687

 []

<Teel_Formation_pmag_files/Teel_Formation_pmag_121_0.png, id=284, 281.05pt x 282.05376pt>
File: Teel_Formation_pmag_files/Teel_Formation_pmag_121_0.png Graphic file (type png)
 <use Teel_Formation_pmag_files/Teel_Formation_pmag_121_0.png>
Package pdftex.def Info: Teel_Formation_pmag_files/Teel_Formation_pmag_121_0.png used on input line 695.
(pdftex.def)             Requested size: 281.0493pt x 282.05305pt.
 [29 <./Teel_Formation_pmag_files/Teel_Formation_pmag_117_0.png>]
Underfull \hbox (badness 10000) in paragraph at lines 697--698

 []

<Teel_Formation_pmag_files/Teel_Formation_pmag_125_0.png, id=291, 330.23375pt x 282.05376pt>
File: Teel_Formation_pmag_files/Teel_Formation_pmag_125_0.png Graphic file (type png)
 <use Teel_Formation_pmag_files/Teel_Formation_pmag_125_0.png>
Package pdftex.def Info: Teel_Formation_pmag_files/Teel_Formation_pmag_125_0.png used on input line 706.
(pdftex.def)             Requested size: 330.23293pt x 282.05305pt.
 [30 <./Teel_Formation_pmag_files/Teel_Formation_pmag_121_0.png>]
Underfull \hbox (badness 10000) in paragraph at lines 708--709

 []

<Teel_Formation_pmag_files/Teel_Formation_pmag_130_0.png, id=298, 281.05pt x 299.1175pt>
File: Teel_Formation_pmag_files/Teel_Formation_pmag_130_0.png Graphic file (type png)
 <use Teel_Formation_pmag_files/Teel_Formation_pmag_130_0.png>
Package pdftex.def Info: Teel_Formation_pmag_files/Teel_Formation_pmag_130_0.png used on input line 721.
(pdftex.def)             Requested size: 281.0493pt x 299.11676pt.
 [31 <./Teel_Formation_pmag_files/Teel_Formation_pmag_125_0.png>]
Underfull \hbox (badness 10000) in paragraph at lines 723--724

 []

<Teel_Formation_pmag_files/Teel_Formation_pmag_134_0.png, id=306, 352.31625pt x 282.05376pt>
File: Teel_Formation_pmag_files/Teel_Formation_pmag_134_0.png Graphic file (type png)
 <use Teel_Formation_pmag_files/Teel_Formation_pmag_134_0.png>
Package pdftex.def Info: Teel_Formation_pmag_files/Teel_Formation_pmag_134_0.png used on input line 734.
(pdftex.def)             Requested size: 352.31538pt x 282.05305pt.
 [32 <./Teel_Formation_pmag_files/Teel_Formation_pmag_130_0.png>]
Underfull \hbox (badness 10000) in paragraph at lines 736--737

 []


Overfull \hbox (72.87885pt too wide) in paragraph at lines 754--789
[][] 
 []

<Teel_Formation_pmag_files/Teel_Formation_pmag_141_0.png, id=313, 458.71375pt x 369.38pt>
File: Teel_Formation_pmag_files/Teel_Formation_pmag_141_0.png Graphic file (type png)
 <use Teel_Formation_pmag_files/Teel_Formation_pmag_141_0.png>
Package pdftex.def Info: Teel_Formation_pmag_files/Teel_Formation_pmag_141_0.png used on input line 794.
(pdftex.def)             Requested size: 458.71263pt x 369.37909pt.
 [33 <./Teel_Formation_pmag_files/Teel_Formation_pmag_134_0.png>] [34]
Underfull \hbox (badness 10000) in paragraph at lines 796--797

 []

<Teel_Formation_pmag_files/Teel_Formation_pmag_142_0.png, id=326, 343.2825pt x 394.47375pt>
File: Teel_Formation_pmag_files/Teel_Formation_pmag_142_0.png Graphic file (type png)
 <use Teel_Formation_pmag_files/Teel_Formation_pmag_142_0.png>
Package pdftex.def Info: Teel_Formation_pmag_files/Teel_Formation_pmag_142_0.png used on input line 800.
(pdftex.def)             Requested size: 343.28165pt x 394.47278pt.
 [35 <./Teel_Formation_pmag_files/Teel_Formation_pmag_141_0.png>]
Underfull \hbox (badness 10000) in paragraph at lines 802--803

 []


Overfull \hbox (56.66061pt too wide) in paragraph at lines 810--845
[][] 
 []

<Teel_Formation_pmag_files/Teel_Formation_pmag_145_0.png, id=332, 469.755pt x 369.38pt>
File: Teel_Formation_pmag_files/Teel_Formation_pmag_145_0.png Graphic file (type png)
 <use Teel_Formation_pmag_files/Teel_Formation_pmag_145_0.png>
Package pdftex.def Info: Teel_Formation_pmag_files/Teel_Formation_pmag_145_0.png used on input line 850.
(pdftex.def)             Requested size: 469.75386pt x 369.37909pt.
 [36 <./Teel_Formation_pmag_files/Teel_Formation_pmag_142_0.png>] [37]
Underfull \hbox (badness 10000) in paragraph at lines 852--853

 []

<Teel_Formation_pmag_files/Teel_Formation_pmag_146_0.png, id=346, 343.2825pt x 394.47375pt>
File: Teel_Formation_pmag_files/Teel_Formation_pmag_146_0.png Graphic file (type png)
 <use Teel_Formation_pmag_files/Teel_Formation_pmag_146_0.png>
Package pdftex.def Info: Teel_Formation_pmag_files/Teel_Formation_pmag_146_0.png used on input line 856.
(pdftex.def)             Requested size: 343.28165pt x 394.47278pt.
 [38 <./Teel_Formation_pmag_files/Teel_Formation_pmag_145_0.png>]
Underfull \hbox (badness 10000) in paragraph at lines 858--859

 []


Overfull \hbox (69.60185pt too wide) in paragraph at lines 867--892
[][] 
 []

<Teel_Formation_pmag_files/Teel_Formation_pmag_150_0.png, id=352, 432.61626pt x 369.38pt>
File: Teel_Formation_pmag_files/Teel_Formation_pmag_150_0.png Graphic file (type png)
 <use Teel_Formation_pmag_files/Teel_Formation_pmag_150_0.png>
Package pdftex.def Info: Teel_Formation_pmag_files/Teel_Formation_pmag_150_0.png used on input line 897.
(pdftex.def)             Requested size: 432.6152pt x 369.37909pt.
 [39 <./Teel_Formation_pmag_files/Teel_Formation_pmag_146_0.png>] [40]
Underfull \hbox (badness 10000) in paragraph at lines 899--900

 []

<Teel_Formation_pmag_files/Teel_Formation_pmag_151_0.png, id=365, 343.2825pt x 394.47375pt>
File: Teel_Formation_pmag_files/Teel_Formation_pmag_151_0.png Graphic file (type png)
 <use Teel_Formation_pmag_files/Teel_Formation_pmag_151_0.png>
Package pdftex.def Info: Teel_Formation_pmag_files/Teel_Formation_pmag_151_0.png used on input line 903.
(pdftex.def)             Requested size: 343.28165pt x 394.47278pt.
 [41 <./Teel_Formation_pmag_files/Teel_Formation_pmag_150_0.png>]
Underfull \hbox (badness 10000) in paragraph at lines 905--906

 []


Overfull \hbox (53.38362pt too wide) in paragraph at lines 913--938
[][] 
 []

<Teel_Formation_pmag_files/Teel_Formation_pmag_154_0.png, id=371, 372.39125pt x 369.38pt>
File: Teel_Formation_pmag_files/Teel_Formation_pmag_154_0.png Graphic file (type png)
 <use Teel_Formation_pmag_files/Teel_Formation_pmag_154_0.png>
Package pdftex.def Info: Teel_Formation_pmag_files/Teel_Formation_pmag_154_0.png used on input line 943.
(pdftex.def)             Requested size: 372.39034pt x 369.37909pt.
 [42 <./Teel_Formation_pmag_files/Teel_Formation_pmag_151_0.png>] [43]
Underfull \hbox (badness 10000) in paragraph at lines 945--946

 []

<Teel_Formation_pmag_files/Teel_Formation_pmag_155_0.png, id=384, 343.2825pt x 394.47375pt>
File: Teel_Formation_pmag_files/Teel_Formation_pmag_155_0.png Graphic file (type png)
 <use Teel_Formation_pmag_files/Teel_Formation_pmag_155_0.png>
Package pdftex.def Info: Teel_Formation_pmag_files/Teel_Formation_pmag_155_0.png used on input line 949.
(pdftex.def)             Requested size: 343.28165pt x 394.47278pt.
 [44 <./Teel_Formation_pmag_files/Teel_Formation_pmag_154_0.png>]
Underfull \hbox (badness 10000) in paragraph at lines 951--952

 []


Overfull \hbox (52.21724pt too wide) in paragraph at lines 958--967
[][] 
 []

<Teel_Formation_pmag_files/Teel_Formation_pmag_158_0.png, id=390, 478.78876pt x 297.11pt>
File: Teel_Formation_pmag_files/Teel_Formation_pmag_158_0.png Graphic file (type png)
 <use Teel_Formation_pmag_files/Teel_Formation_pmag_158_0.png>
Package pdftex.def Info: Teel_Formation_pmag_files/Teel_Formation_pmag_158_0.png used on input line 972.
(pdftex.def)             Requested size: 478.78758pt x 297.10927pt.
 [45 <./Teel_Formation_pmag_files/Teel_Formation_pmag_155_0.png>] [46]
Underfull \hbox (badness 10000) in paragraph at lines 974--975

 []

LaTeX Font Info:    Try loading font information for TS1+cmtt on input line 1003.
(/usr/local/texlive/2015/texmf-dist/tex/latex/base/ts1cmtt.fd
File: ts1cmtt.fd 2014/09/29 v2.5h Standard LaTeX font definitions
) [47 <./Teel_Formation_pmag_files/Teel_Formation_pmag_158_0.png>] <Teel_Formation_pmag_files/Teel_Formation_pmag_167_0.png, id=409, 487.8225pt x 441.65pt>
File: Teel_Formation_pmag_files/Teel_Formation_pmag_167_0.png Graphic file (type png)
 <use Teel_Formation_pmag_files/Teel_Formation_pmag_167_0.png>
Package pdftex.def Info: Teel_Formation_pmag_files/Teel_Formation_pmag_167_0.png used on input line 1025.
(pdftex.def)             Requested size: 487.8213pt x 441.64891pt.

Underfull \hbox (badness 10000) in paragraph at lines 1027--1028

 []

[48 <./Teel_Formation_pmag_files/Teel_Formation_pmag_167_0.png>] <Teel_Formation_pmag_files/Teel_Formation_pmag_170_1.png, id=415, 324.21124pt x 329.23pt>
File: Teel_Formation_pmag_files/Teel_Formation_pmag_170_1.png Graphic file (type png)
 <use Teel_Formation_pmag_files/Teel_Formation_pmag_170_1.png>
Package pdftex.def Info: Teel_Formation_pmag_files/Teel_Formation_pmag_170_1.png used on input line 1044.
(pdftex.def)             Requested size: 324.21045pt x 329.22919pt.

Underfull \hbox (badness 10000) in paragraph at lines 1046--1047

 []

<Teel_Formation_pmag_files/Teel_Formation_pmag_170_2.png, id=416, 324.21124pt x 329.23pt>
File: Teel_Formation_pmag_files/Teel_Formation_pmag_170_2.png Graphic file (type png)
 <use Teel_Formation_pmag_files/Teel_Formation_pmag_170_2.png>
Package pdftex.def Info: Teel_Formation_pmag_files/Teel_Formation_pmag_170_2.png used on input line 1049.
(pdftex.def)             Requested size: 324.21045pt x 329.22919pt.
 [49 <./Teel_Formation_pmag_files/Teel_Formation_pmag_170_1.png>]
Underfull \hbox (badness 10000) in paragraph at lines 1051--1052

 []

<Teel_Formation_pmag_files/Teel_Formation_pmag_170_4.png, id=423, 395.4775pt x 282.05376pt>
File: Teel_Formation_pmag_files/Teel_Formation_pmag_170_4.png Graphic file (type png)
 <use Teel_Formation_pmag_files/Teel_Formation_pmag_170_4.png>
Package pdftex.def Info: Teel_Formation_pmag_files/Teel_Formation_pmag_170_4.png used on input line 1065.
(pdftex.def)             Requested size: 395.47653pt x 282.05305pt.
 [50 <./Teel_Formation_pmag_files/Teel_Formation_pmag_170_2.png>]
Underfull \hbox (badness 10000) in paragraph at lines 1067--1068

 []

<Teel_Formation_pmag_files/Teel_Formation_pmag_172_0.png, id=429, 546.04pt x 394.47375pt>
File: Teel_Formation_pmag_files/Teel_Formation_pmag_172_0.png Graphic file (type png)
 <use Teel_Formation_pmag_files/Teel_Formation_pmag_172_0.png>
Package pdftex.def Info: Teel_Formation_pmag_files/Teel_Formation_pmag_172_0.png used on input line 1074.
(pdftex.def)             Requested size: 546.03867pt x 394.47278pt.
 [51 <./Teel_Formation_pmag_files/Teel_Formation_pmag_170_4.png>]
Underfull \hbox (badness 10000) in paragraph at lines 1076--1077

 []

<Teel_Formation_pmag_files/Teel_Formation_pmag_178_0.png, id=435, 547.04375pt x 441.65pt>
File: Teel_Formation_pmag_files/Teel_Formation_pmag_178_0.png Graphic file (type png)
 <use Teel_Formation_pmag_files/Teel_Formation_pmag_178_0.png>
Package pdftex.def Info: Teel_Formation_pmag_files/Teel_Formation_pmag_178_0.png used on input line 1107.
(pdftex.def)             Requested size: 547.0424pt x 441.64891pt.
 [52 <./Teel_Formation_pmag_files/Teel_Formation_pmag_172_0.png>]
Underfull \hbox (badness 10000) in paragraph at lines 1109--1110

 []

<Teel_Formation_pmag_files/Teel_Formation_pmag_180_1.png, id=442, 324.21124pt x 329.23pt>
File: Teel_Formation_pmag_files/Teel_Formation_pmag_180_1.png Graphic file (type png)
 <use Teel_Formation_pmag_files/Teel_Formation_pmag_180_1.png>
Package pdftex.def Info: Teel_Formation_pmag_files/Teel_Formation_pmag_180_1.png used on input line 1120.
(pdftex.def)             Requested size: 324.21045pt x 329.22919pt.
 [53 <./Teel_Formation_pmag_files/Teel_Formation_pmag_178_0.png>]
Underfull \hbox (badness 10000) in paragraph at lines 1122--1123

 []

<Teel_Formation_pmag_files/Teel_Formation_pmag_180_2.png, id=448, 324.21124pt x 329.23pt>
File: Teel_Formation_pmag_files/Teel_Formation_pmag_180_2.png Graphic file (type png)
 <use Teel_Formation_pmag_files/Teel_Formation_pmag_180_2.png>
Package pdftex.def Info: Teel_Formation_pmag_files/Teel_Formation_pmag_180_2.png used on input line 1125.
(pdftex.def)             Requested size: 324.21045pt x 329.22919pt.
 [54 <./Teel_Formation_pmag_files/Teel_Formation_pmag_180_1.png>]
Underfull \hbox (badness 10000) in paragraph at lines 1127--1128

 []

<Teel_Formation_pmag_files/Teel_Formation_pmag_180_4.png, id=454, 395.4775pt x 282.05376pt>
File: Teel_Formation_pmag_files/Teel_Formation_pmag_180_4.png Graphic file (type png)
 <use Teel_Formation_pmag_files/Teel_Formation_pmag_180_4.png>
Package pdftex.def Info: Teel_Formation_pmag_files/Teel_Formation_pmag_180_4.png used on input line 1138.
(pdftex.def)             Requested size: 395.47653pt x 282.05305pt.
 [55 <./Teel_Formation_pmag_files/Teel_Formation_pmag_180_2.png>]
Underfull \hbox (badness 10000) in paragraph at lines 1140--1141

 []

<Teel_Formation_pmag_files/Teel_Formation_pmag_182_0.png, id=461, 481.8pt x 394.47375pt>
File: Teel_Formation_pmag_files/Teel_Formation_pmag_182_0.png Graphic file (type png)
 <use Teel_Formation_pmag_files/Teel_Formation_pmag_182_0.png>
Package pdftex.def Info: Teel_Formation_pmag_files/Teel_Formation_pmag_182_0.png used on input line 1148.
(pdftex.def)             Requested size: 481.79881pt x 394.47278pt.
 [56 <./Teel_Formation_pmag_files/Teel_Formation_pmag_180_4.png>]
Underfull \hbox (badness 10000) in paragraph at lines 1150--1151

 []

<Teel_Formation_pmag_files/Teel_Formation_pmag_183_0.png, id=467, 491.8375pt x 394.47375pt>
File: Teel_Formation_pmag_files/Teel_Formation_pmag_183_0.png Graphic file (type png)
 <use Teel_Formation_pmag_files/Teel_Formation_pmag_183_0.png>
Package pdftex.def Info: Teel_Formation_pmag_files/Teel_Formation_pmag_183_0.png used on input line 1154.
(pdftex.def)             Requested size: 491.83629pt x 394.47278pt.
 [57 <./Teel_Formation_pmag_files/Teel_Formation_pmag_182_0.png>]
Underfull \hbox (badness 10000) in paragraph at lines 1156--1157

 []

<Teel_Formation_pmag_files/Teel_Formation_pmag_185_0.png, id=473, 498.86375pt x 160.6pt>
File: Teel_Formation_pmag_files/Teel_Formation_pmag_185_0.png Graphic file (type png)
 <use Teel_Formation_pmag_files/Teel_Formation_pmag_185_0.png>
Package pdftex.def Info: Teel_Formation_pmag_files/Teel_Formation_pmag_185_0.png used on input line 1163.
(pdftex.def)             Requested size: 498.86253pt x 160.5996pt.

Underfull \hbox (badness 10000) in paragraph at lines 1165--1166

 []

[58 <./Teel_Formation_pmag_files/Teel_Formation_pmag_183_0.png> <./Teel_Formation_pmag_files/Teel_Formation_pmag_185_0.png>]
Overfull \hbox (65.35289pt too wide) in paragraph at lines 1177--1188
[][] 
 []


Overfull \hbox (45.46889pt too wide) in paragraph at lines 1194--1205
[][] 
 []

<Teel_Formation_pmag_files/Teel_Formation_pmag_192_0.png, id=481, 508.90125pt x 441.65pt>
File: Teel_Formation_pmag_files/Teel_Formation_pmag_192_0.png Graphic file (type png)
 <use Teel_Formation_pmag_files/Teel_Formation_pmag_192_0.png>
Package pdftex.def Info: Teel_Formation_pmag_files/Teel_Formation_pmag_192_0.png used on input line 1215.
(pdftex.def)             Requested size: 508.90001pt x 441.64891pt.

Underfull \hbox (badness 10000) in paragraph at lines 1217--1218

 []

<Teel_Formation_pmag_files/Teel_Formation_pmag_194_1.png, id=482, 324.21124pt x 329.23pt>
File: Teel_Formation_pmag_files/Teel_Formation_pmag_194_1.png Graphic file (type png)
 <use Teel_Formation_pmag_files/Teel_Formation_pmag_194_1.png>
Package pdftex.def Info: Teel_Formation_pmag_files/Teel_Formation_pmag_194_1.png used on input line 1229.
(pdftex.def)             Requested size: 324.21045pt x 329.22919pt.
 [59 <./Teel_Formation_pmag_files/Teel_Formation_pmag_192_0.png>] [60] [61]
Underfull \hbox (badness 10000) in paragraph at lines 1231--1232

 []

<Teel_Formation_pmag_files/Teel_Formation_pmag_194_2.png, id=501, 324.21124pt x 329.23pt>
File: Teel_Formation_pmag_files/Teel_Formation_pmag_194_2.png Graphic file (type png)
 <use Teel_Formation_pmag_files/Teel_Formation_pmag_194_2.png>
Package pdftex.def Info: Teel_Formation_pmag_files/Teel_Formation_pmag_194_2.png used on input line 1234.
(pdftex.def)             Requested size: 324.21045pt x 329.22919pt.
 [62 <./Teel_Formation_pmag_files/Teel_Formation_pmag_194_1.png>]
Underfull \hbox (badness 10000) in paragraph at lines 1236--1237

 []

<Teel_Formation_pmag_files/Teel_Formation_pmag_194_4.png, id=507, 395.4775pt x 282.05376pt>
File: Teel_Formation_pmag_files/Teel_Formation_pmag_194_4.png Graphic file (type png)
 <use Teel_Formation_pmag_files/Teel_Formation_pmag_194_4.png>
Package pdftex.def Info: Teel_Formation_pmag_files/Teel_Formation_pmag_194_4.png used on input line 1247.
(pdftex.def)             Requested size: 395.47653pt x 282.05305pt.
 [63 <./Teel_Formation_pmag_files/Teel_Formation_pmag_194_2.png>]
Underfull \hbox (badness 10000) in paragraph at lines 1249--1250

 []

[64 <./Teel_Formation_pmag_files/Teel_Formation_pmag_194_4.png>] <Teel_Formation_pmag_files/Teel_Formation_pmag_205_0.png, id=520, 319.1925pt x 394.47375pt>
File: Teel_Formation_pmag_files/Teel_Formation_pmag_205_0.png Graphic file (type png)
 <use Teel_Formation_pmag_files/Teel_Formation_pmag_205_0.png>
Package pdftex.def Info: Teel_Formation_pmag_files/Teel_Formation_pmag_205_0.png used on input line 1314.
(pdftex.def)             Requested size: 319.19171pt x 394.47278pt.

Underfull \hbox (badness 10000) in paragraph at lines 1316--1317

 []

[65 <./Teel_Formation_pmag_files/Teel_Formation_pmag_205_0.png>] <Teel_Formation_pmag_files/Teel_Formation_pmag_213_0.png, id=526, 383.4325pt x 365.365pt>
File: Teel_Formation_pmag_files/Teel_Formation_pmag_213_0.png Graphic file (type png)
 <use Teel_Formation_pmag_files/Teel_Formation_pmag_213_0.png>
Package pdftex.def Info: Teel_Formation_pmag_files/Teel_Formation_pmag_213_0.png used on input line 1405.
(pdftex.def)             Requested size: 383.43156pt x 365.3641pt.

Underfull \hbox (badness 10000) in paragraph at lines 1407--1408

 []

[66 <./Teel_Formation_pmag_files/Teel_Formation_pmag_213_0.png>] [67] <Teel_Formation_pmag_files/Teel_Formation_pmag_219_0.png, id=538, 370.38374pt x 450.68375pt>
File: Teel_Formation_pmag_files/Teel_Formation_pmag_219_0.png Graphic file (type png)
 <use Teel_Formation_pmag_files/Teel_Formation_pmag_219_0.png>
Package pdftex.def Info: Teel_Formation_pmag_files/Teel_Formation_pmag_219_0.png used on input line 1484.
(pdftex.def)             Requested size: 370.38283pt x 450.68263pt.

Underfull \hbox (badness 10000) in paragraph at lines 1486--1487

 []

[68 <./Teel_Formation_pmag_files/Teel_Formation_pmag_219_0.png>] [69] <Teel_Formation_pmag_files/Teel_Formation_pmag_222_0.png, id=549, 576.1525pt x 476.78125pt>
File: Teel_Formation_pmag_files/Teel_Formation_pmag_222_0.png Graphic file (type png)
 <use Teel_Formation_pmag_files/Teel_Formation_pmag_222_0.png>
Package pdftex.def Info: Teel_Formation_pmag_files/Teel_Formation_pmag_222_0.png used on input line 1505.
(pdftex.def)             Requested size: 576.15108pt x 476.78008pt.

Underfull \hbox (badness 10000) in paragraph at lines 1507--1508

 []

[70 <./Teel_Formation_pmag_files/Teel_Formation_pmag_222_0.png>] [71] <Teel_Formation_pmag_files/Teel_Formation_pmag_228_1.png, id=560, 501.875pt x 304.13625pt>
File: Teel_Formation_pmag_files/Teel_Formation_pmag_228_1.png Graphic file (type png)
 <use Teel_Formation_pmag_files/Teel_Formation_pmag_228_1.png>
Package pdftex.def Info: Teel_Formation_pmag_files/Teel_Formation_pmag_228_1.png used on input line 1577.
(pdftex.def)             Requested size: 501.87376pt x 304.1355pt.

Underfull \hbox (badness 10000) in paragraph at lines 1579--1580

 []

[72 <./Teel_Formation_pmag_files/Teel_Formation_pmag_228_1.png>] <Teel_Formation_pmag_files/Teel_Formation_pmag_232_1.png, id=566, 735.74875pt x 379.4175pt>
File: Teel_Formation_pmag_files/Teel_Formation_pmag_232_1.png Graphic file (type png)
 <use Teel_Formation_pmag_files/Teel_Formation_pmag_232_1.png>
Package pdftex.def Info: Teel_Formation_pmag_files/Teel_Formation_pmag_232_1.png used on input line 1623.
(pdftex.def)             Requested size: 735.74695pt x 379.41656pt.

Underfull \hbox (badness 10000) in paragraph at lines 1625--1626

 []

<Teel_Formation_pmag_files/Teel_Formation_pmag_237_0.png, id=567, 425.59pt x 441.65pt>
File: Teel_Formation_pmag_files/Teel_Formation_pmag_237_0.png Graphic file (type png)
 <use Teel_Formation_pmag_files/Teel_Formation_pmag_237_0.png>
Package pdftex.def Info: Teel_Formation_pmag_files/Teel_Formation_pmag_237_0.png used on input line 1665.
(pdftex.def)             Requested size: 425.58894pt x 441.64891pt.
 [73 <./Teel_Formation_pmag_files/Teel_Formation_pmag_232_1.png>] [74]
Underfull \hbox (badness 10000) in paragraph at lines 1667--1668

 []

<Teel_Formation_pmag_files/Teel_Formation_pmag_239_0.png, id=579, 425.59pt x 441.65pt>
File: Teel_Formation_pmag_files/Teel_Formation_pmag_239_0.png Graphic file (type png)
 <use Teel_Formation_pmag_files/Teel_Formation_pmag_239_0.png>
Package pdftex.def Info: Teel_Formation_pmag_files/Teel_Formation_pmag_239_0.png used on input line 1673.
(pdftex.def)             Requested size: 425.58894pt x 441.64891pt.
 [75 <./Teel_Formation_pmag_files/Teel_Formation_pmag_237_0.png>]
Underfull \hbox (badness 10000) in paragraph at lines 1675--1676

 []

<Teel_Formation_pmag_files/Teel_Formation_pmag_241_0.png, id=585, 425.59pt x 441.65pt>
File: Teel_Formation_pmag_files/Teel_Formation_pmag_241_0.png Graphic file (type png)
 <use Teel_Formation_pmag_files/Teel_Formation_pmag_241_0.png>
Package pdftex.def Info: Teel_Formation_pmag_files/Teel_Formation_pmag_241_0.png used on input line 1684.
(pdftex.def)             Requested size: 425.58894pt x 441.64891pt.
 [76 <./Teel_Formation_pmag_files/Teel_Formation_pmag_239_0.png>]
Underfull \hbox (badness 10000) in paragraph at lines 1686--1687

 []

[77 <./Teel_Formation_pmag_files/Teel_Formation_pmag_241_0.png>]
Package atveryend Info: Empty hook `BeforeClearDocument' on input line 1770.
 [78]
Package atveryend Info: Empty hook `AfterLastShipout' on input line 1770.
 (/Users/taylorkilian/2016_Teel_Basalts/Code/LaTeX_output/.texpadtmp/Teel_Formation_pmag.aux)
Package atveryend Info: Executing hook `AtVeryEndDocument' on input line 1770.
Package atveryend Info: Executing hook `AtEndAfterFileList' on input line 1770.
Package rerunfilecheck Info: File `Teel_Formation_pmag.out' has not changed.
(rerunfilecheck)             Checksum: <no file>.
Package atveryend Info: Empty hook `AtVeryVeryEnd' on input line 1770.
 ) 
Here is how much of TeX's memory you used:
 11470 strings out of 493089
 181518 string characters out of 6134842
 287085 words of memory out of 5000000
 14599 multiletter control sequences out of 15000+600000
 15393 words of font info for 46 fonts, out of 8000000 for 9000
 1141 hyphenation exceptions out of 8191
 36i,11n,38p,396b,480s stack positions out of 5000i,500n,10000p,200000b,80000s
{/usr/local/texlive/2015/texmf-dist/fonts/enc/dvips/cm-super/cm-super-ts1.enc}{/usr/local/texlive/2015/texmf-dist/fonts/enc/dvips/cm-super/cm-super-t1.enc}</usr/local/texlive/2015/texmf-dist/fonts/type1/public/cm-super/sfbx1095.pfb></usr/local/texlive/2015/texmf-dist/fonts/type1/public/cm-super/sfbx1200.pfb></usr/local/texlive/2015/texmf-dist/fonts/type1/public/cm-super/sfbx1440.pfb></usr/local/texlive/2015/texmf-dist/fonts/type1/public/cm-super/sfrm0600.pfb></usr/local/texlive/2015/texmf-dist/fonts/type1/public/cm-super/sfrm1095.pfb></usr/local/texlive/2015/texmf-dist/fonts/type1/public/cm-super/sfrm1440.pfb></usr/local/texlive/2015/texmf-dist/fonts/type1/public/cm-super/sftt1095.pfb>
Output written on /Users/taylorkilian/2016_Teel_Basalts/Code/LaTeX_output/.texpadtmp/Teel_Formation_pmag.pdf (78 pages, 2035644 bytes).
PDF statistics:
 665 PDF objects out of 1000 (max. 8388607)
 445 compressed objects within 5 object streams
 149 named destinations out of 1000 (max. 500000)
 441 words of extra memory for PDF output out of 10000 (max. 10000000)

