-I- cant find zeq_gui_preferences file, using defualt default
-I- Read magic file /Users/taylorkilian/2016_Teel_Basalts/Data/MagIC_format/magic_measurements.txt
-I- done sorting meas data
-I- Reading previous interpretations from pmag* tables
-I- Read old magic file  /Users/taylorkilian/2016_Teel_Basalts/Data/MagIC_format/pmag_specimens.txt

-I- Delete old magic file  /Users/taylorkilian/2016_Teel_Basalts/Data/MagIC_format/pmag_specimens.txt

1164  records written to file  /Users/taylorkilian/2016_Teel_Basalts/Data/MagIC_format/pmag_specimens.txt
specimen data stored in /Users/taylorkilian/2016_Teel_Basalts/Data/MagIC_format/pmag_specimens.txt

-I- Read old magic file  /Users/taylorkilian/2016_Teel_Basalts/Data/MagIC_format/pmag_samples.txt
-I- Read old magic file  /Users/taylorkilian/2016_Teel_Basalts/Data/MagIC_format/pmag_sites.txt
-I- Delete old magic file  /Users/taylorkilian/2016_Teel_Basalts/Data/MagIC_format/pmag_sites.txt
-I- Read old magic file  /Users/taylorkilian/2016_Teel_Basalts/Data/MagIC_format/pmag_results.txt
-I- Delete old magic file  /Users/taylorkilian/2016_Teel_Basalts/Data/MagIC_format/pmag_results.txt
('coord', 'b', 'vgps_level', 'site', 'DefaultAge', ['0', 1996.476031712509, u'Years Cal BP'], 'avg_directions_by_sample', False, 'avg_by_polarity', False, 'use_criteria', 'none')
162  records written to file  ./pmag_sites.txt
 sites written to  ./pmag_sites.txt
162  records written to file  ./pmag_results.txt
 results written to  ./pmag_results.txt
162  records written to file  /Users/taylorkilian/2016_Teel_Basalts/Data/MagIC_format/pmag_sites.txt
write new interpretations in /Users/taylorkilian/2016_Teel_Basalts/Data/MagIC_format/pmag_sites.txt

162  records written to file  /Users/taylorkilian/2016_Teel_Basalts/Data/MagIC_format/pmag_results.txt
write new interpretations in /Users/taylorkilian/2016_Teel_Basalts/Data/MagIC_format/pmag_results.txt

-I- Reading previous interpretations from pmag* tables
