This is pdfTeX, Version 3.14159265-2.6-1.40.16 (TeX Live 2015) (preloaded format=pdflatex 2015.5.24)  12 APR 2016 15:19
entering extended mode
 restricted \write18 enabled.
 file:line:error style messages enabled.
 %&-line parsing enabled.
**Teel_Formation_pmag.tex
(./Teel_Formation_pmag.tex
LaTeX2e <2015/01/01>
Babel <3.9l> and hyphenation patterns for 79 languages loaded.
(/usr/local/texlive/2015/texmf-dist/tex/latex/base/article.cls
Document Class: article 2014/09/29 v1.4h Standard LaTeX document class
(/usr/local/texlive/2015/texmf-dist/tex/latex/base/size11.clo
File: size11.clo 2014/09/29 v1.4h Standard LaTeX file (size option)
)
\c@part=\count79
\c@section=\count80
\c@subsection=\count81
\c@subsubsection=\count82
\c@paragraph=\count83
\c@subparagraph=\count84
\c@figure=\count85
\c@table=\count86
\abovecaptionskip=\skip41
\belowcaptionskip=\skip42
\bibindent=\dimen102
) (/usr/local/texlive/2015/texmf-dist/tex/latex/graphics/graphicx.sty
Package: graphicx 2014/10/28 v1.0g Enhanced LaTeX Graphics (DPC,SPQR)
 (/usr/local/texlive/2015/texmf-dist/tex/latex/graphics/keyval.sty
Package: keyval 2014/10/28 v1.15 key=value parser (DPC)
\KV@toks@=\toks14
) (/usr/local/texlive/2015/texmf-dist/tex/latex/graphics/graphics.sty
Package: graphics 2014/10/28 v1.0p Standard LaTeX Graphics (DPC,SPQR)
 (/usr/local/texlive/2015/texmf-dist/tex/latex/graphics/trig.sty
Package: trig 1999/03/16 v1.09 sin cos tan (DPC)
) (/usr/local/texlive/2015/texmf-dist/tex/latex/latexconfig/graphics.cfg
File: graphics.cfg 2010/04/23 v1.9 graphics configuration of TeX Live
)
Package graphics Info: Driver file: pdftex.def on input line 94.
 (/usr/local/texlive/2015/texmf-dist/tex/latex/pdftex-def/pdftex.def
File: pdftex.def 2011/05/27 v0.06d Graphics/color for pdfTeX
 (/usr/local/texlive/2015/texmf-dist/tex/generic/oberdiek/infwarerr.sty
Package: infwarerr 2010/04/08 v1.3 Providing info/warning/error messages (HO)
) (/usr/local/texlive/2015/texmf-dist/tex/generic/oberdiek/ltxcmds.sty
Package: ltxcmds 2011/11/09 v1.22 LaTeX kernel commands for general use (HO)
)
\Gread@gobject=\count87
))
\Gin@req@height=\dimen103
\Gin@req@width=\dimen104
) (/usr/local/texlive/2015/texmf-dist/tex/latex/adjustbox/adjustbox.sty
Package: adjustbox 2012/05/21 v1.0 Adjusting TeX boxes (trim, clip, ...)
 (/usr/local/texlive/2015/texmf-dist/tex/latex/xkeyval/xkeyval.sty
Package: xkeyval 2014/12/03 v2.7a package option processing (HA)
 (/usr/local/texlive/2015/texmf-dist/tex/generic/xkeyval/xkeyval.tex (/usr/local/texlive/2015/texmf-dist/tex/generic/xkeyval/xkvutils.tex
\XKV@toks=\toks15
\XKV@tempa@toks=\toks16
)
\XKV@depth=\count88
File: xkeyval.tex 2014/12/03 v2.7a key=value parser (HA)
)) (/usr/local/texlive/2015/texmf-dist/tex/latex/adjustbox/adjcalc.sty
Package: adjcalc 2012/05/16 v1.1 Provides advanced setlength with multiple back-ends (calc, etex, pgfmath)
) (/usr/local/texlive/2015/texmf-dist/tex/latex/adjustbox/trimclip.sty
Package: trimclip 2012/05/16 v1.0 Trim and clip general TeX material
 (/usr/local/texlive/2015/texmf-dist/tex/latex/collectbox/collectbox.sty
Package: collectbox 2012/05/17 v0.4b Collect macro arguments as boxes
\collectedbox=\box26
)
\tc@llx=\dimen105
\tc@lly=\dimen106
\tc@urx=\dimen107
\tc@ury=\dimen108
Package trimclip Info: Using driver 'tc-pdftex.def'.
 (/usr/local/texlive/2015/texmf-dist/tex/latex/adjustbox/tc-pdftex.def
File: tc-pdftex.def 2012/05/13 v1.0 Clipping driver for pdftex
))
\adjbox@Width=\dimen109
\adjbox@Height=\dimen110
\adjbox@Depth=\dimen111
\adjbox@Totalheight=\dimen112
 (/usr/local/texlive/2015/texmf-dist/tex/latex/ifoddpage/ifoddpage.sty
Package: ifoddpage 2011/09/13 v1.0 Conditionals for odd/even page detection
\c@checkoddpage=\count89
) (/usr/local/texlive/2015/texmf-dist/tex/latex/varwidth/varwidth.sty
Package: varwidth 2009/03/30 ver 0.92;  Variable-width minipages
\@vwid@box=\box27
\sift@deathcycles=\count90
\@vwid@loff=\dimen113
\@vwid@roff=\dimen114
)) (/usr/local/texlive/2015/texmf-dist/tex/latex/graphics/color.sty
Package: color 2014/10/28 v1.1a Standard LaTeX Color (DPC)
 (/usr/local/texlive/2015/texmf-dist/tex/latex/latexconfig/color.cfg
File: color.cfg 2007/01/18 v1.5 color configuration of teTeX/TeXLive
)
Package color Info: Driver file: pdftex.def on input line 142.
) (/usr/local/texlive/2015/texmf-dist/tex/latex/tools/enumerate.sty
Package: enumerate 2014/10/28 v3.00 enumerate extensions (DPC)
\@enLab=\toks17
) (/usr/local/texlive/2015/texmf-dist/tex/latex/geometry/geometry.sty
Package: geometry 2010/09/12 v5.6 Page Geometry
 (/usr/local/texlive/2015/texmf-dist/tex/generic/oberdiek/ifpdf.sty
Package: ifpdf 2011/01/30 v2.3 Provides the ifpdf switch (HO)
Package ifpdf Info: pdfTeX in PDF mode is detected.
) (/usr/local/texlive/2015/texmf-dist/tex/generic/oberdiek/ifvtex.sty
Package: ifvtex 2010/03/01 v1.5 Detect VTeX and its facilities (HO)
Package ifvtex Info: VTeX not detected.
) (/usr/local/texlive/2015/texmf-dist/tex/generic/ifxetex/ifxetex.sty
Package: ifxetex 2010/09/12 v0.6 Provides ifxetex conditional
)
\Gm@cnth=\count91
\Gm@cntv=\count92
\c@Gm@tempcnt=\count93
\Gm@bindingoffset=\dimen115
\Gm@wd@mp=\dimen116
\Gm@odd@mp=\dimen117
\Gm@even@mp=\dimen118
\Gm@layoutwidth=\dimen119
\Gm@layoutheight=\dimen120
\Gm@layouthoffset=\dimen121
\Gm@layoutvoffset=\dimen122
\Gm@dimlist=\toks18
) (/usr/local/texlive/2015/texmf-dist/tex/latex/amsmath/amsmath.sty
Package: amsmath 2013/01/14 v2.14 AMS math features
\@mathmargin=\skip43

For additional information on amsmath, use the `?' option.
(/usr/local/texlive/2015/texmf-dist/tex/latex/amsmath/amstext.sty
Package: amstext 2000/06/29 v2.01
 (/usr/local/texlive/2015/texmf-dist/tex/latex/amsmath/amsgen.sty
File: amsgen.sty 1999/11/30 v2.0
\@emptytoks=\toks19
\ex@=\dimen123
)) (/usr/local/texlive/2015/texmf-dist/tex/latex/amsmath/amsbsy.sty
Package: amsbsy 1999/11/29 v1.2d
\pmbraise@=\dimen124
) (/usr/local/texlive/2015/texmf-dist/tex/latex/amsmath/amsopn.sty
Package: amsopn 1999/12/14 v2.01 operator names
)
\inf@bad=\count94
LaTeX Info: Redefining \frac on input line 210.
\uproot@=\count95
\leftroot@=\count96
LaTeX Info: Redefining \overline on input line 306.
\classnum@=\count97
\DOTSCASE@=\count98
LaTeX Info: Redefining \ldots on input line 378.
LaTeX Info: Redefining \dots on input line 381.
LaTeX Info: Redefining \cdots on input line 466.
\Mathstrutbox@=\box28
\strutbox@=\box29
\big@size=\dimen125
LaTeX Font Info:    Redeclaring font encoding OML on input line 566.
LaTeX Font Info:    Redeclaring font encoding OMS on input line 567.
\macc@depth=\count99
\c@MaxMatrixCols=\count100
\dotsspace@=\muskip10
\c@parentequation=\count101
\dspbrk@lvl=\count102
\tag@help=\toks20
\row@=\count103
\column@=\count104
\maxfields@=\count105
\andhelp@=\toks21
\eqnshift@=\dimen126
\alignsep@=\dimen127
\tagshift@=\dimen128
\tagwidth@=\dimen129
\totwidth@=\dimen130
\lineht@=\dimen131
\@envbody=\toks22
\multlinegap=\skip44
\multlinetaggap=\skip45
\mathdisplay@stack=\toks23
LaTeX Info: Redefining \[ on input line 2665.
LaTeX Info: Redefining \] on input line 2666.
) (/usr/local/texlive/2015/texmf-dist/tex/latex/amsfonts/amssymb.sty
Package: amssymb 2013/01/14 v3.01 AMS font symbols
 (/usr/local/texlive/2015/texmf-dist/tex/latex/amsfonts/amsfonts.sty
Package: amsfonts 2013/01/14 v3.01 Basic AMSFonts support
\symAMSa=\mathgroup4
\symAMSb=\mathgroup5
LaTeX Font Info:    Overwriting math alphabet `\mathfrak' in version `bold'
(Font)                  U/euf/m/n --> U/euf/b/n on input line 106.
)) (/usr/local/texlive/2015/texmf-dist/tex/latex/eurosym/eurosym.sty
Package: eurosym 1998/08/06 v1.1 European currency symbol ``Euro''
\@eurobox=\box30
) (/usr/local/texlive/2015/texmf-dist/tex/latex/ucs/ucs.sty
Package: ucs 2013/05/11 v2.2 UCS: Unicode input support
 (/usr/local/texlive/2015/texmf-dist/tex/latex/ucs/data/uni-global.def
File: uni-global.def 2013/05/13 UCS: Unicode global data
)
\uc@secondtry=\count106
\uc@combtoks=\toks24
\uc@combtoksb=\toks25
\uc@temptokena=\toks26
) (/usr/local/texlive/2015/texmf-dist/tex/latex/base/inputenc.sty
Package: inputenc 2015/03/17 v1.2c Input encoding file
\inpenc@prehook=\toks27
\inpenc@posthook=\toks28
 (/usr/local/texlive/2015/texmf-dist/tex/latex/ucs/utf8x.def
File: utf8x.def 2004/10/17 UCS: Input encoding UTF-8
)) (/usr/local/texlive/2015/texmf-dist/tex/latex/fancyvrb/fancyvrb.sty
Package: fancyvrb 2008/02/07
 Style option: `fancyvrb' v2.7a, with DG/SPQR fixes, and firstline=lastline fix <2008/02/07> (tvz)
\FV@CodeLineNo=\count107
\FV@InFile=\read1
\FV@TabBox=\box31
\c@FancyVerbLine=\count108
\FV@StepNumber=\count109
\FV@OutFile=\write3
) (/usr/local/texlive/2015/texmf-dist/tex/latex/oberdiek/grffile.sty
Package: grffile 2012/04/05 v1.16 Extended file name support for graphics (HO)
 (/usr/local/texlive/2015/texmf-dist/tex/latex/oberdiek/kvoptions.sty
Package: kvoptions 2011/06/30 v3.11 Key value format for package options (HO)
 (/usr/local/texlive/2015/texmf-dist/tex/generic/oberdiek/kvsetkeys.sty
Package: kvsetkeys 2012/04/25 v1.16 Key value parser (HO)
 (/usr/local/texlive/2015/texmf-dist/tex/generic/oberdiek/etexcmds.sty
Package: etexcmds 2011/02/16 v1.5 Avoid name clashes with e-TeX commands (HO)
 (/usr/local/texlive/2015/texmf-dist/tex/generic/oberdiek/ifluatex.sty
Package: ifluatex 2010/03/01 v1.3 Provides the ifluatex switch (HO)
Package ifluatex Info: LuaTeX not detected.
)
Package etexcmds Info: Could not find \expanded.
(etexcmds)             That can mean that you are not using pdfTeX 1.50 or
(etexcmds)             that some package has redefined \expanded.
(etexcmds)             In the latter case, load this package earlier.
))) (/usr/local/texlive/2015/texmf-dist/tex/generic/oberdiek/pdftexcmds.sty
Package: pdftexcmds 2011/11/29 v0.20 Utility functions of pdfTeX for LuaTeX (HO)
Package pdftexcmds Info: LuaTeX not detected.
Package pdftexcmds Info: \pdf@primitive is available.
Package pdftexcmds Info: \pdf@ifprimitive is available.
Package pdftexcmds Info: \pdfdraftmode found.
)
Package grffile Info: Option `multidot' is set to `true'.
Package grffile Info: Option `extendedchars' is set to `false'.
Package grffile Info: Option `space' is set to `true'.
Package grffile Info: \Gin@ii of package `graphicx' fixed on input line 486.
) (/usr/local/texlive/2015/texmf-dist/tex/latex/hyperref/hyperref.sty
Package: hyperref 2012/11/06 v6.83m Hypertext links for LaTeX
 (/usr/local/texlive/2015/texmf-dist/tex/generic/oberdiek/hobsub-hyperref.sty
Package: hobsub-hyperref 2012/05/28 v1.13 Bundle oberdiek, subset hyperref (HO)
 (/usr/local/texlive/2015/texmf-dist/tex/generic/oberdiek/hobsub-generic.sty
Package: hobsub-generic 2012/05/28 v1.13 Bundle oberdiek, subset generic (HO)
Package: hobsub 2012/05/28 v1.13 Construct package bundles (HO)
Package hobsub Info: Skipping package `infwarerr' (already loaded).
Package hobsub Info: Skipping package `ltxcmds' (already loaded).
Package hobsub Info: Skipping package `ifluatex' (already loaded).
Package hobsub Info: Skipping package `ifvtex' (already loaded).
Package: intcalc 2007/09/27 v1.1 Expandable calculations with integers (HO)
Package hobsub Info: Skipping package `ifpdf' (already loaded).
Package hobsub Info: Skipping package `etexcmds' (already loaded).
Package hobsub Info: Skipping package `kvsetkeys' (already loaded).
Package: kvdefinekeys 2011/04/07 v1.3 Define keys (HO)
Package hobsub Info: Skipping package `pdftexcmds' (already loaded).
Package: pdfescape 2011/11/25 v1.13 Implements pdfTeX's escape features (HO)
Package: bigintcalc 2012/04/08 v1.3 Expandable calculations on big integers (HO)
Package: bitset 2011/01/30 v1.1 Handle bit-vector datatype (HO)
Package: uniquecounter 2011/01/30 v1.2 Provide unlimited unique counter (HO)
)
Package hobsub Info: Skipping package `hobsub' (already loaded).
Package: letltxmacro 2010/09/02 v1.4 Let assignment for LaTeX macros (HO)
Package: hopatch 2012/05/28 v1.2 Wrapper for package hooks (HO)
Package: xcolor-patch 2011/01/30 xcolor patch
Package: atveryend 2011/06/30 v1.8 Hooks at the very end of document (HO)
Package atveryend Info: \enddocument detected (standard20110627).
Package: atbegshi 2011/10/05 v1.16 At begin shipout hook (HO)
Package: refcount 2011/10/16 v3.4 Data extraction from label references (HO)
Package: hycolor 2011/01/30 v1.7 Color options for hyperref/bookmark (HO)
) (/usr/local/texlive/2015/texmf-dist/tex/latex/oberdiek/auxhook.sty
Package: auxhook 2011/03/04 v1.3 Hooks for auxiliary files (HO)
)
\@linkdim=\dimen132
\Hy@linkcounter=\count110
\Hy@pagecounter=\count111
 (/usr/local/texlive/2015/texmf-dist/tex/latex/hyperref/pd1enc.def
File: pd1enc.def 2012/11/06 v6.83m Hyperref: PDFDocEncoding definition (HO)
)
\Hy@SavedSpaceFactor=\count112
 (/usr/local/texlive/2015/texmf-dist/tex/latex/latexconfig/hyperref.cfg
File: hyperref.cfg 2002/06/06 v1.2 hyperref configuration of TeXLive
)
Package hyperref Info: Hyper figures OFF on input line 4443.
Package hyperref Info: Link nesting OFF on input line 4448.
Package hyperref Info: Hyper index ON on input line 4451.
Package hyperref Info: Plain pages OFF on input line 4458.
Package hyperref Info: Backreferencing OFF on input line 4463.
Package hyperref Info: Implicit mode ON; LaTeX internals redefined.
Package hyperref Info: Bookmarks ON on input line 4688.
\c@Hy@tempcnt=\count113
 (/usr/local/texlive/2015/texmf-dist/tex/latex/url/url.sty
\Urlmuskip=\muskip11
Package: url 2013/09/16  ver 3.4  Verb mode for urls, etc.
)
LaTeX Info: Redefining \url on input line 5041.
\XeTeXLinkMargin=\dimen133
\Fld@menulength=\count114
\Field@Width=\dimen134
\Fld@charsize=\dimen135
Package hyperref Info: Hyper figures OFF on input line 6295.
Package hyperref Info: Link nesting OFF on input line 6300.
Package hyperref Info: Hyper index ON on input line 6303.
Package hyperref Info: backreferencing OFF on input line 6310.
Package hyperref Info: Link coloring OFF on input line 6315.
Package hyperref Info: Link coloring with OCG OFF on input line 6320.
Package hyperref Info: PDF/A mode OFF on input line 6325.
LaTeX Info: Redefining \ref on input line 6365.
LaTeX Info: Redefining \pageref on input line 6369.
\Hy@abspage=\count115
\c@Item=\count116
\c@Hfootnote=\count117
)

Package hyperref Message: Driver (autodetected): hpdftex.

(/usr/local/texlive/2015/texmf-dist/tex/latex/hyperref/hpdftex.def
File: hpdftex.def 2012/11/06 v6.83m Hyperref driver for pdfTeX
\Fld@listcount=\count118
\c@bookmark@seq@number=\count119
 (/usr/local/texlive/2015/texmf-dist/tex/latex/oberdiek/rerunfilecheck.sty
Package: rerunfilecheck 2011/04/15 v1.7 Rerun checks for auxiliary files (HO)
Package uniquecounter Info: New unique counter `rerunfilecheck' on input line 282.
)
\Hy@SectionHShift=\skip46
) (/usr/local/texlive/2015/texmf-dist/tex/latex/tools/longtable.sty
Package: longtable 2014/10/28 v4.11 Multi-page Table package (DPC)
\LTleft=\skip47
\LTright=\skip48
\LTpre=\skip49
\LTpost=\skip50
\LTchunksize=\count120
\LTcapwidth=\dimen136
\LT@head=\box32
\LT@firsthead=\box33
\LT@foot=\box34
\LT@lastfoot=\box35
\LT@cols=\count121
\LT@rows=\count122
\c@LT@tables=\count123
\c@LT@chunks=\count124
\LT@p@ftn=\toks29
) (/usr/local/texlive/2015/texmf-dist/tex/latex/booktabs/booktabs.sty
Package: booktabs 2005/04/14 v1.61803 publication quality tables
\heavyrulewidth=\dimen137
\lightrulewidth=\dimen138
\cmidrulewidth=\dimen139
\belowrulesep=\dimen140
\belowbottomsep=\dimen141
\aboverulesep=\dimen142
\abovetopsep=\dimen143
\cmidrulesep=\dimen144
\cmidrulekern=\dimen145
\defaultaddspace=\dimen146
\@cmidla=\count125
\@cmidlb=\count126
\@aboverulesep=\dimen147
\@belowrulesep=\dimen148
\@thisruleclass=\count127
\@lastruleclass=\count128
\@thisrulewidth=\dimen149
) (/usr/local/texlive/2015/texmf-dist/tex/generic/ulem/ulem.sty
\UL@box=\box36
\UL@hyphenbox=\box37
\UL@skip=\skip51
\UL@hook=\toks30
\UL@height=\dimen150
\UL@pe=\count129
\UL@pixel=\dimen151
\ULC@box=\box38
Package: ulem 2012/05/18
\ULdepth=\dimen152
)
Package color Info: Redefining color red on input line 54.
Package color Info: Redefining color green on input line 55.
Package color Info: Redefining color blue on input line 57.
Package color Info: Redefining color cyan on input line 59.
Package color Info: Redefining color lightgray on input line 60.
Package hyperref Info: Option `breaklinks' set `true' on input line 239.
Package hyperref Info: Option `colorlinks' set `true' on input line 239.
 (/Users/taylorkilian/2016_Teel_Basalts/Code/.texpadtmp/Teel_Formation_pmag.aux)
\openout1 = `Teel_Formation_pmag.aux'.

LaTeX Font Info:    Checking defaults for OML/cmm/m/it on input line 246.
LaTeX Font Info:    ... okay on input line 246.
LaTeX Font Info:    Checking defaults for T1/cmr/m/n on input line 246.
LaTeX Font Info:    ... okay on input line 246.
LaTeX Font Info:    Checking defaults for OT1/cmr/m/n on input line 246.
LaTeX Font Info:    ... okay on input line 246.
LaTeX Font Info:    Checking defaults for OMS/cmsy/m/n on input line 246.
LaTeX Font Info:    ... okay on input line 246.
LaTeX Font Info:    Checking defaults for OMX/cmex/m/n on input line 246.
LaTeX Font Info:    ... okay on input line 246.
LaTeX Font Info:    Checking defaults for U/cmr/m/n on input line 246.
LaTeX Font Info:    ... okay on input line 246.
LaTeX Font Info:    Checking defaults for PD1/pdf/m/n on input line 246.
LaTeX Font Info:    ... okay on input line 246.
 (/usr/local/texlive/2015/texmf-dist/tex/context/base/supp-pdf.mkii
[Loading MPS to PDF converter (version 2006.09.02).]
\scratchcounter=\count130
\scratchdimen=\dimen153
\scratchbox=\box39
\nofMPsegments=\count131
\nofMParguments=\count132
\everyMPshowfont=\toks31
\MPscratchCnt=\count133
\MPscratchDim=\dimen154
\MPnumerator=\count134
\makeMPintoPDFobject=\count135
\everyMPtoPDFconversion=\toks32
) (/usr/local/texlive/2015/texmf-dist/tex/latex/oberdiek/epstopdf-base.sty
Package: epstopdf-base 2010/02/09 v2.5 Base part for package epstopdf
 (/usr/local/texlive/2015/texmf-dist/tex/latex/oberdiek/grfext.sty
Package: grfext 2010/08/19 v1.1 Manage graphics extensions (HO)
)
Package grfext Info: Graphics extension search list:
(grfext)             [.png,.pdf,.jpg,.mps,.jpeg,.jbig2,.jb2,.PNG,.PDF,.JPG,.JPEG,.JBIG2,.JB2,.eps]
(grfext)             \AppendGraphicsExtensions on input line 452.
 (/usr/local/texlive/2015/texmf-dist/tex/latex/latexconfig/epstopdf-sys.cfg
File: epstopdf-sys.cfg 2010/07/13 v1.3 Configuration of (r)epstopdf for TeX Live
))
*geometry* driver: auto-detecting
*geometry* detected driver: pdftex
*geometry* verbose mode - [ preamble ] result:
* driver: pdftex
* paper: <default>
* layout: <same size as paper>
* layoutoffset:(h,v)=(0.0pt,0.0pt)
* modes: 
* h-part:(L,W,R)=(72.26999pt, 469.75502pt, 72.26999pt)
* v-part:(T,H,B)=(72.26999pt, 650.43001pt, 72.26999pt)
* \paperwidth=614.295pt
* \paperheight=794.96999pt
* \textwidth=469.75502pt
* \textheight=650.43001pt
* \oddsidemargin=0.0pt
* \evensidemargin=0.0pt
* \topmargin=-37.0pt
* \headheight=12.0pt
* \headsep=25.0pt
* \topskip=11.0pt
* \footskip=30.0pt
* \marginparwidth=59.0pt
* \marginparsep=10.0pt
* \columnsep=10.0pt
* \skip\footins=10.0pt plus 4.0pt minus 2.0pt
* \hoffset=0.0pt
* \voffset=0.0pt
* \mag=1000
* \@twocolumnfalse
* \@twosidefalse
* \@mparswitchfalse
* \@reversemarginfalse
* (1in=72.27pt=25.4mm, 1cm=28.453pt)

(/usr/local/texlive/2015/texmf-dist/tex/latex/ucs/ucsencs.def
File: ucsencs.def 2011/01/21 Fixes to fontencodings LGR, T3
)
\AtBeginShipoutBox=\box40
Package hyperref Info: Link coloring ON on input line 246.
 (/usr/local/texlive/2015/texmf-dist/tex/latex/hyperref/nameref.sty
Package: nameref 2012/10/27 v2.43 Cross-referencing by name of section
 (/usr/local/texlive/2015/texmf-dist/tex/generic/oberdiek/gettitlestring.sty
Package: gettitlestring 2010/12/03 v1.4 Cleanup title references (HO)
)
\c@section@level=\count136
)
LaTeX Info: Redefining \ref on input line 246.
LaTeX Info: Redefining \pageref on input line 246.
LaTeX Info: Redefining \nameref on input line 246.
 (/Users/taylorkilian/2016_Teel_Basalts/Code/.texpadtmp/Teel_Formation_pmag.out) (/Users/taylorkilian/2016_Teel_Basalts/Code/.texpadtmp/Teel_Formation_pmag.out)
\@outlinefile=\write4
\openout4 = `Teel_Formation_pmag.out'.

LaTeX Font Info:    Try loading font information for U+msa on input line 250.
 (/usr/local/texlive/2015/texmf-dist/tex/latex/amsfonts/umsa.fd
File: umsa.fd 2013/01/14 v3.01 AMS symbols A
)
LaTeX Font Info:    Try loading font information for U+msb on input line 250.
 (/usr/local/texlive/2015/texmf-dist/tex/latex/amsfonts/umsb.fd
File: umsb.fd 2013/01/14 v3.01 AMS symbols B
)

LaTeX Warning: No \author given.

(/Users/taylorkilian/2016_Teel_Basalts/Code/.texpadtmp/Teel_Formation_pmag.toc)
\tf@toc=\write5
\openout5 = `Teel_Formation_pmag.toc'.

LaTeX Font Info:    Try loading font information for OMS+cmtt on input line 287.
LaTeX Font Info:    No file OMScmtt.fd. on input line 287.


LaTeX Font Warning: Font shape `OMS/cmtt/m/n' undefined
(Font)              using `OMS/cmsy/m/n' instead
(Font)              for symbol `textbackslash' on input line 287.

[1

{/usr/local/texlive/2015/texmf-var/fonts/map/pdftex/updmap/pdftex.map}] [2] <Teel_Formation_pmag_files/Teel_Formation_pmag_10_0.png, id=81, 621.32124pt x 604.2575pt>
File: Teel_Formation_pmag_files/Teel_Formation_pmag_10_0.png Graphic file (type png)
 <use Teel_Formation_pmag_files/Teel_Formation_pmag_10_0.png>
Package pdftex.def Info: Teel_Formation_pmag_files/Teel_Formation_pmag_10_0.png used on input line 352.
(pdftex.def)             Requested size: 621.31973pt x 604.25603pt.

Underfull \hbox (badness 10000) in paragraph at lines 354--355

 []

[3 <./Teel_Formation_pmag_files/Teel_Formation_pmag_10_0.png>] [4] (/usr/local/texlive/2015/texmf-dist/tex/latex/ucs/data/uni-0.def
File: uni-0.def 2013/05/13 UCS: Unicode data U+0000..U+00FF
) <Teel_Formation_pmag_files/Teel_Formation_pmag_25_0.png, id=92, 425.59pt x 427.5975pt>
File: Teel_Formation_pmag_files/Teel_Formation_pmag_25_0.png Graphic file (type png)
 <use Teel_Formation_pmag_files/Teel_Formation_pmag_25_0.png>
Package pdftex.def Info: Teel_Formation_pmag_files/Teel_Formation_pmag_25_0.png used on input line 458.
(pdftex.def)             Requested size: 425.58894pt x 427.59645pt.
 [5]
Underfull \hbox (badness 10000) in paragraph at lines 460--461

 []

<Teel_Formation_pmag_files/Teel_Formation_pmag_29_0.png, id=99, 425.59pt x 427.5975pt>
File: Teel_Formation_pmag_files/Teel_Formation_pmag_29_0.png Graphic file (type png)
 <use Teel_Formation_pmag_files/Teel_Formation_pmag_29_0.png>
Package pdftex.def Info: Teel_Formation_pmag_files/Teel_Formation_pmag_29_0.png used on input line 470.
(pdftex.def)             Requested size: 425.58894pt x 427.59645pt.
 [6 <./Teel_Formation_pmag_files/Teel_Formation_pmag_25_0.png>]
Underfull \hbox (badness 10000) in paragraph at lines 472--473

 []

<Teel_Formation_pmag_files/Teel_Formation_pmag_33_0.png, id=106, 425.59pt x 427.5975pt>
File: Teel_Formation_pmag_files/Teel_Formation_pmag_33_0.png Graphic file (type png)
 <use Teel_Formation_pmag_files/Teel_Formation_pmag_33_0.png>
Package pdftex.def Info: Teel_Formation_pmag_files/Teel_Formation_pmag_33_0.png used on input line 482.
(pdftex.def)             Requested size: 425.58894pt x 427.59645pt.
 [7 <./Teel_Formation_pmag_files/Teel_Formation_pmag_29_0.png>]
Underfull \hbox (badness 10000) in paragraph at lines 484--485

 []

<Teel_Formation_pmag_files/Teel_Formation_pmag_37_0.png, id=114, 425.59pt x 427.5975pt>
File: Teel_Formation_pmag_files/Teel_Formation_pmag_37_0.png Graphic file (type png)
 <use Teel_Formation_pmag_files/Teel_Formation_pmag_37_0.png>
Package pdftex.def Info: Teel_Formation_pmag_files/Teel_Formation_pmag_37_0.png used on input line 494.
(pdftex.def)             Requested size: 425.58894pt x 427.59645pt.
 [8 <./Teel_Formation_pmag_files/Teel_Formation_pmag_33_0.png>]
Underfull \hbox (badness 10000) in paragraph at lines 496--497

 []

<Teel_Formation_pmag_files/Teel_Formation_pmag_41_0.png, id=121, 425.59pt x 427.5975pt>
File: Teel_Formation_pmag_files/Teel_Formation_pmag_41_0.png Graphic file (type png)
 <use Teel_Formation_pmag_files/Teel_Formation_pmag_41_0.png>
Package pdftex.def Info: Teel_Formation_pmag_files/Teel_Formation_pmag_41_0.png used on input line 506.
(pdftex.def)             Requested size: 425.58894pt x 427.59645pt.
 [9 <./Teel_Formation_pmag_files/Teel_Formation_pmag_37_0.png>]
Underfull \hbox (badness 10000) in paragraph at lines 508--509

 []

<Teel_Formation_pmag_files/Teel_Formation_pmag_45_0.png, id=128, 425.59pt x 427.5975pt>
File: Teel_Formation_pmag_files/Teel_Formation_pmag_45_0.png Graphic file (type png)
 <use Teel_Formation_pmag_files/Teel_Formation_pmag_45_0.png>
Package pdftex.def Info: Teel_Formation_pmag_files/Teel_Formation_pmag_45_0.png used on input line 518.
(pdftex.def)             Requested size: 425.58894pt x 427.59645pt.
 [10 <./Teel_Formation_pmag_files/Teel_Formation_pmag_41_0.png>]
Underfull \hbox (badness 10000) in paragraph at lines 520--521

 []

<Teel_Formation_pmag_files/Teel_Formation_pmag_50_0.png, id=135, 425.59pt x 427.5975pt>
File: Teel_Formation_pmag_files/Teel_Formation_pmag_50_0.png Graphic file (type png)
 <use Teel_Formation_pmag_files/Teel_Formation_pmag_50_0.png>
Package pdftex.def Info: Teel_Formation_pmag_files/Teel_Formation_pmag_50_0.png used on input line 533.
(pdftex.def)             Requested size: 425.58894pt x 427.59645pt.
 [11 <./Teel_Formation_pmag_files/Teel_Formation_pmag_45_0.png>]
Underfull \hbox (badness 10000) in paragraph at lines 535--536

 []

<Teel_Formation_pmag_files/Teel_Formation_pmag_53_0.png, id=142, 425.59pt x 427.5975pt>
File: Teel_Formation_pmag_files/Teel_Formation_pmag_53_0.png Graphic file (type png)
 <use Teel_Formation_pmag_files/Teel_Formation_pmag_53_0.png>
Package pdftex.def Info: Teel_Formation_pmag_files/Teel_Formation_pmag_53_0.png used on input line 543.
(pdftex.def)             Requested size: 425.58894pt x 427.59645pt.
 [12 <./Teel_Formation_pmag_files/Teel_Formation_pmag_50_0.png>]
Underfull \hbox (badness 10000) in paragraph at lines 545--546

 []

<Teel_Formation_pmag_files/Teel_Formation_pmag_57_0.png, id=148, 425.59pt x 427.5975pt>
File: Teel_Formation_pmag_files/Teel_Formation_pmag_57_0.png Graphic file (type png)
 <use Teel_Formation_pmag_files/Teel_Formation_pmag_57_0.png>
Package pdftex.def Info: Teel_Formation_pmag_files/Teel_Formation_pmag_57_0.png used on input line 555.
(pdftex.def)             Requested size: 425.58894pt x 427.59645pt.
 [13 <./Teel_Formation_pmag_files/Teel_Formation_pmag_53_0.png>]
Underfull \hbox (badness 10000) in paragraph at lines 557--558

 []

<Teel_Formation_pmag_files/Teel_Formation_pmag_62_0.png, id=156, 425.59pt x 427.5975pt>
File: Teel_Formation_pmag_files/Teel_Formation_pmag_62_0.png Graphic file (type png)
 <use Teel_Formation_pmag_files/Teel_Formation_pmag_62_0.png>
Package pdftex.def Info: Teel_Formation_pmag_files/Teel_Formation_pmag_62_0.png used on input line 570.
(pdftex.def)             Requested size: 425.58894pt x 427.59645pt.
 [14 <./Teel_Formation_pmag_files/Teel_Formation_pmag_57_0.png>]
Underfull \hbox (badness 10000) in paragraph at lines 572--573

 []

<Teel_Formation_pmag_files/Teel_Formation_pmag_66_0.png, id=163, 425.59pt x 427.5975pt>
File: Teel_Formation_pmag_files/Teel_Formation_pmag_66_0.png Graphic file (type png)
 <use Teel_Formation_pmag_files/Teel_Formation_pmag_66_0.png>
Package pdftex.def Info: Teel_Formation_pmag_files/Teel_Formation_pmag_66_0.png used on input line 582.
(pdftex.def)             Requested size: 425.58894pt x 427.59645pt.
 [15 <./Teel_Formation_pmag_files/Teel_Formation_pmag_62_0.png>]
Underfull \hbox (badness 10000) in paragraph at lines 584--585

 []

<Teel_Formation_pmag_files/Teel_Formation_pmag_69_0.png, id=170, 425.59pt x 427.5975pt>
File: Teel_Formation_pmag_files/Teel_Formation_pmag_69_0.png Graphic file (type png)
 <use Teel_Formation_pmag_files/Teel_Formation_pmag_69_0.png>
Package pdftex.def Info: Teel_Formation_pmag_files/Teel_Formation_pmag_69_0.png used on input line 591.
(pdftex.def)             Requested size: 425.58894pt x 427.59645pt.
 [16 <./Teel_Formation_pmag_files/Teel_Formation_pmag_66_0.png>]
Underfull \hbox (badness 10000) in paragraph at lines 593--594

 []

<Teel_Formation_pmag_files/Teel_Formation_pmag_73_0.png, id=178, 425.59pt x 427.5975pt>
File: Teel_Formation_pmag_files/Teel_Formation_pmag_73_0.png Graphic file (type png)
 <use Teel_Formation_pmag_files/Teel_Formation_pmag_73_0.png>
Package pdftex.def Info: Teel_Formation_pmag_files/Teel_Formation_pmag_73_0.png used on input line 605.
(pdftex.def)             Requested size: 425.58894pt x 427.59645pt.
 [17 <./Teel_Formation_pmag_files/Teel_Formation_pmag_69_0.png>]
Underfull \hbox (badness 10000) in paragraph at lines 607--608

 []

<Teel_Formation_pmag_files/Teel_Formation_pmag_77_0.png, id=185, 425.59pt x 441.65pt>
File: Teel_Formation_pmag_files/Teel_Formation_pmag_77_0.png Graphic file (type png)
 <use Teel_Formation_pmag_files/Teel_Formation_pmag_77_0.png>
Package pdftex.def Info: Teel_Formation_pmag_files/Teel_Formation_pmag_77_0.png used on input line 619.
(pdftex.def)             Requested size: 425.58894pt x 441.64891pt.
 [18 <./Teel_Formation_pmag_files/Teel_Formation_pmag_73_0.png>]
Underfull \hbox (badness 10000) in paragraph at lines 621--622

 []

<Teel_Formation_pmag_files/Teel_Formation_pmag_81_0.png, id=192, 425.59pt x 427.5975pt>
File: Teel_Formation_pmag_files/Teel_Formation_pmag_81_0.png Graphic file (type png)
 <use Teel_Formation_pmag_files/Teel_Formation_pmag_81_0.png>
Package pdftex.def Info: Teel_Formation_pmag_files/Teel_Formation_pmag_81_0.png used on input line 631.
(pdftex.def)             Requested size: 425.58894pt x 427.59645pt.
 [19 <./Teel_Formation_pmag_files/Teel_Formation_pmag_77_0.png>]
Underfull \hbox (badness 10000) in paragraph at lines 633--634

 []

<Teel_Formation_pmag_files/Teel_Formation_pmag_85_0.png, id=200, 425.59pt x 427.5975pt>
File: Teel_Formation_pmag_files/Teel_Formation_pmag_85_0.png Graphic file (type png)
 <use Teel_Formation_pmag_files/Teel_Formation_pmag_85_0.png>
Package pdftex.def Info: Teel_Formation_pmag_files/Teel_Formation_pmag_85_0.png used on input line 643.
(pdftex.def)             Requested size: 425.58894pt x 427.59645pt.
 [20 <./Teel_Formation_pmag_files/Teel_Formation_pmag_81_0.png>]
Underfull \hbox (badness 10000) in paragraph at lines 645--646

 []

<Teel_Formation_pmag_files/Teel_Formation_pmag_89_0.png, id=207, 425.59pt x 427.5975pt>
File: Teel_Formation_pmag_files/Teel_Formation_pmag_89_0.png Graphic file (type png)
 <use Teel_Formation_pmag_files/Teel_Formation_pmag_89_0.png>
Package pdftex.def Info: Teel_Formation_pmag_files/Teel_Formation_pmag_89_0.png used on input line 655.
(pdftex.def)             Requested size: 425.58894pt x 427.59645pt.
 [21 <./Teel_Formation_pmag_files/Teel_Formation_pmag_85_0.png>]
Underfull \hbox (badness 10000) in paragraph at lines 657--658

 []

<Teel_Formation_pmag_files/Teel_Formation_pmag_93_0.png, id=214, 425.59pt x 427.5975pt>
File: Teel_Formation_pmag_files/Teel_Formation_pmag_93_0.png Graphic file (type png)
 <use Teel_Formation_pmag_files/Teel_Formation_pmag_93_0.png>
Package pdftex.def Info: Teel_Formation_pmag_files/Teel_Formation_pmag_93_0.png used on input line 667.
(pdftex.def)             Requested size: 425.58894pt x 427.59645pt.
 [22 <./Teel_Formation_pmag_files/Teel_Formation_pmag_89_0.png>]
Underfull \hbox (badness 10000) in paragraph at lines 669--670

 []

<Teel_Formation_pmag_files/Teel_Formation_pmag_97_0.png, id=221, 425.59pt x 427.5975pt>
File: Teel_Formation_pmag_files/Teel_Formation_pmag_97_0.png Graphic file (type png)
 <use Teel_Formation_pmag_files/Teel_Formation_pmag_97_0.png>
Package pdftex.def Info: Teel_Formation_pmag_files/Teel_Formation_pmag_97_0.png used on input line 679.
(pdftex.def)             Requested size: 425.58894pt x 427.59645pt.
 [23 <./Teel_Formation_pmag_files/Teel_Formation_pmag_93_0.png>]
Underfull \hbox (badness 10000) in paragraph at lines 681--682

 []

<Teel_Formation_pmag_files/Teel_Formation_pmag_101_0.png, id=228, 425.59pt x 427.5975pt>
File: Teel_Formation_pmag_files/Teel_Formation_pmag_101_0.png Graphic file (type png)
 <use Teel_Formation_pmag_files/Teel_Formation_pmag_101_0.png>
Package pdftex.def Info: Teel_Formation_pmag_files/Teel_Formation_pmag_101_0.png used on input line 691.
(pdftex.def)             Requested size: 425.58894pt x 427.59645pt.
 [24 <./Teel_Formation_pmag_files/Teel_Formation_pmag_97_0.png>]
Underfull \hbox (badness 10000) in paragraph at lines 693--694

 []

<Teel_Formation_pmag_files/Teel_Formation_pmag_105_0.png, id=235, 425.59pt x 427.5975pt>
File: Teel_Formation_pmag_files/Teel_Formation_pmag_105_0.png Graphic file (type png)
 <use Teel_Formation_pmag_files/Teel_Formation_pmag_105_0.png>
Package pdftex.def Info: Teel_Formation_pmag_files/Teel_Formation_pmag_105_0.png used on input line 703.
(pdftex.def)             Requested size: 425.58894pt x 427.59645pt.
 [25 <./Teel_Formation_pmag_files/Teel_Formation_pmag_101_0.png>]
Underfull \hbox (badness 10000) in paragraph at lines 705--706

 []

<Teel_Formation_pmag_files/Teel_Formation_pmag_109_0.png, id=243, 425.59pt x 427.5975pt>
File: Teel_Formation_pmag_files/Teel_Formation_pmag_109_0.png Graphic file (type png)
 <use Teel_Formation_pmag_files/Teel_Formation_pmag_109_0.png>
Package pdftex.def Info: Teel_Formation_pmag_files/Teel_Formation_pmag_109_0.png used on input line 715.
(pdftex.def)             Requested size: 425.58894pt x 427.59645pt.
 [26 <./Teel_Formation_pmag_files/Teel_Formation_pmag_105_0.png>]
Underfull \hbox (badness 10000) in paragraph at lines 717--718

 []

<Teel_Formation_pmag_files/Teel_Formation_pmag_114_0.png, id=250, 425.59pt x 427.5975pt>
File: Teel_Formation_pmag_files/Teel_Formation_pmag_114_0.png Graphic file (type png)
 <use Teel_Formation_pmag_files/Teel_Formation_pmag_114_0.png>
Package pdftex.def Info: Teel_Formation_pmag_files/Teel_Formation_pmag_114_0.png used on input line 732.
(pdftex.def)             Requested size: 425.58894pt x 427.59645pt.
 [27 <./Teel_Formation_pmag_files/Teel_Formation_pmag_109_0.png>]
Underfull \hbox (badness 10000) in paragraph at lines 734--735

 []

<Teel_Formation_pmag_files/Teel_Formation_pmag_118_0.png, id=257, 425.59pt x 427.5975pt>
File: Teel_Formation_pmag_files/Teel_Formation_pmag_118_0.png Graphic file (type png)
 <use Teel_Formation_pmag_files/Teel_Formation_pmag_118_0.png>
Package pdftex.def Info: Teel_Formation_pmag_files/Teel_Formation_pmag_118_0.png used on input line 744.
(pdftex.def)             Requested size: 425.58894pt x 427.59645pt.
 [28 <./Teel_Formation_pmag_files/Teel_Formation_pmag_114_0.png>]
Underfull \hbox (badness 10000) in paragraph at lines 746--747

 []

<Teel_Formation_pmag_files/Teel_Formation_pmag_122_0.png, id=264, 425.59pt x 427.5975pt>
File: Teel_Formation_pmag_files/Teel_Formation_pmag_122_0.png Graphic file (type png)
 <use Teel_Formation_pmag_files/Teel_Formation_pmag_122_0.png>
Package pdftex.def Info: Teel_Formation_pmag_files/Teel_Formation_pmag_122_0.png used on input line 756.
(pdftex.def)             Requested size: 425.58894pt x 427.59645pt.
 [29 <./Teel_Formation_pmag_files/Teel_Formation_pmag_118_0.png>]
Underfull \hbox (badness 10000) in paragraph at lines 758--759

 []

<Teel_Formation_pmag_files/Teel_Formation_pmag_126_0.png, id=271, 425.59pt x 427.5975pt>
File: Teel_Formation_pmag_files/Teel_Formation_pmag_126_0.png Graphic file (type png)
 <use Teel_Formation_pmag_files/Teel_Formation_pmag_126_0.png>
Package pdftex.def Info: Teel_Formation_pmag_files/Teel_Formation_pmag_126_0.png used on input line 768.
(pdftex.def)             Requested size: 425.58894pt x 427.59645pt.
 [30 <./Teel_Formation_pmag_files/Teel_Formation_pmag_122_0.png>]
Underfull \hbox (badness 10000) in paragraph at lines 770--771

 []

<Teel_Formation_pmag_files/Teel_Formation_pmag_130_0.png, id=278, 425.59pt x 427.5975pt>
File: Teel_Formation_pmag_files/Teel_Formation_pmag_130_0.png Graphic file (type png)
 <use Teel_Formation_pmag_files/Teel_Formation_pmag_130_0.png>
Package pdftex.def Info: Teel_Formation_pmag_files/Teel_Formation_pmag_130_0.png used on input line 780.
(pdftex.def)             Requested size: 425.58894pt x 427.59645pt.
 [31 <./Teel_Formation_pmag_files/Teel_Formation_pmag_126_0.png>]
Underfull \hbox (badness 10000) in paragraph at lines 782--783

 []

<Teel_Formation_pmag_files/Teel_Formation_pmag_135_0.png, id=286, 425.59pt x 427.5975pt>
File: Teel_Formation_pmag_files/Teel_Formation_pmag_135_0.png Graphic file (type png)
 <use Teel_Formation_pmag_files/Teel_Formation_pmag_135_0.png>
Package pdftex.def Info: Teel_Formation_pmag_files/Teel_Formation_pmag_135_0.png used on input line 801.
(pdftex.def)             Requested size: 425.58894pt x 427.59645pt.
 [32 <./Teel_Formation_pmag_files/Teel_Formation_pmag_130_0.png>]
Underfull \hbox (badness 10000) in paragraph at lines 803--804

 []

<Teel_Formation_pmag_files/Teel_Formation_pmag_140_0.png, id=293, 425.59pt x 427.5975pt>
File: Teel_Formation_pmag_files/Teel_Formation_pmag_140_0.png Graphic file (type png)
 <use Teel_Formation_pmag_files/Teel_Formation_pmag_140_0.png>
Package pdftex.def Info: Teel_Formation_pmag_files/Teel_Formation_pmag_140_0.png used on input line 817.
(pdftex.def)             Requested size: 425.58894pt x 427.59645pt.
 [33 <./Teel_Formation_pmag_files/Teel_Formation_pmag_135_0.png>]
Underfull \hbox (badness 10000) in paragraph at lines 819--820

 []

[34 <./Teel_Formation_pmag_files/Teel_Formation_pmag_140_0.png>] [35] <Teel_Formation_pmag_files/Teel_Formation_pmag_147_0.png, id=311, 497.86pt x 509.905pt>
File: Teel_Formation_pmag_files/Teel_Formation_pmag_147_0.png Graphic file (type png)
 <use Teel_Formation_pmag_files/Teel_Formation_pmag_147_0.png>
Package pdftex.def Info: Teel_Formation_pmag_files/Teel_Formation_pmag_147_0.png used on input line 932.
(pdftex.def)             Requested size: 497.85878pt x 509.90375pt.
 [36]
Underfull \hbox (badness 10000) in paragraph at lines 934--935

 []

<Teel_Formation_pmag_files/Teel_Formation_pmag_148_0.png, id=316, 383.4325pt x 450.68375pt>
File: Teel_Formation_pmag_files/Teel_Formation_pmag_148_0.png Graphic file (type png)
 <use Teel_Formation_pmag_files/Teel_Formation_pmag_148_0.png>
Package pdftex.def Info: Teel_Formation_pmag_files/Teel_Formation_pmag_148_0.png used on input line 938.
(pdftex.def)             Requested size: 383.43156pt x 450.68263pt.
 [37 <./Teel_Formation_pmag_files/Teel_Formation_pmag_147_0.png>]
Underfull \hbox (badness 10000) in paragraph at lines 940--941

 []

[38 <./Teel_Formation_pmag_files/Teel_Formation_pmag_148_0.png>] [39] <Teel_Formation_pmag_files/Teel_Formation_pmag_151_0.png, id=333, 497.86pt x 509.905pt>
File: Teel_Formation_pmag_files/Teel_Formation_pmag_151_0.png Graphic file (type png)
 <use Teel_Formation_pmag_files/Teel_Formation_pmag_151_0.png>
Package pdftex.def Info: Teel_Formation_pmag_files/Teel_Formation_pmag_151_0.png used on input line 1043.
(pdftex.def)             Requested size: 497.85878pt x 509.90375pt.
 [40]
Underfull \hbox (badness 10000) in paragraph at lines 1045--1046

 []

<Teel_Formation_pmag_files/Teel_Formation_pmag_152_0.png, id=338, 435.6275pt x 505.89pt>
File: Teel_Formation_pmag_files/Teel_Formation_pmag_152_0.png Graphic file (type png)
 <use Teel_Formation_pmag_files/Teel_Formation_pmag_152_0.png>
Package pdftex.def Info: Teel_Formation_pmag_files/Teel_Formation_pmag_152_0.png used on input line 1049.
(pdftex.def)             Requested size: 435.62643pt x 505.88875pt.
 [41 <./Teel_Formation_pmag_files/Teel_Formation_pmag_151_0.png>]
Underfull \hbox (badness 10000) in paragraph at lines 1051--1052

 []

[42 <./Teel_Formation_pmag_files/Teel_Formation_pmag_152_0.png>] [43] <Teel_Formation_pmag_files/Teel_Formation_pmag_156_0.png, id=357, 497.86pt x 509.905pt>
File: Teel_Formation_pmag_files/Teel_Formation_pmag_156_0.png Graphic file (type png)
 <use Teel_Formation_pmag_files/Teel_Formation_pmag_156_0.png>
Package pdftex.def Info: Teel_Formation_pmag_files/Teel_Formation_pmag_156_0.png used on input line 1132.
(pdftex.def)             Requested size: 497.85878pt x 509.90375pt.
 [44]
Underfull \hbox (badness 10000) in paragraph at lines 1134--1135

 []

<Teel_Formation_pmag_files/Teel_Formation_pmag_157_0.png, id=362, 435.6275pt x 505.89pt>
File: Teel_Formation_pmag_files/Teel_Formation_pmag_157_0.png Graphic file (type png)
 <use Teel_Formation_pmag_files/Teel_Formation_pmag_157_0.png>
Package pdftex.def Info: Teel_Formation_pmag_files/Teel_Formation_pmag_157_0.png used on input line 1138.
(pdftex.def)             Requested size: 435.62643pt x 505.88875pt.
 [45 <./Teel_Formation_pmag_files/Teel_Formation_pmag_156_0.png>]
Underfull \hbox (badness 10000) in paragraph at lines 1140--1141

 []

[46 <./Teel_Formation_pmag_files/Teel_Formation_pmag_157_0.png>] [47] <Teel_Formation_pmag_files/Teel_Formation_pmag_160_0.png, id=378, 497.86pt x 509.905pt>
File: Teel_Formation_pmag_files/Teel_Formation_pmag_160_0.png Graphic file (type png)
 <use Teel_Formation_pmag_files/Teel_Formation_pmag_160_0.png>
Package pdftex.def Info: Teel_Formation_pmag_files/Teel_Formation_pmag_160_0.png used on input line 1219.
(pdftex.def)             Requested size: 497.85878pt x 509.90375pt.

Underfull \hbox (badness 10000) in paragraph at lines 1221--1222

 []

[48 <./Teel_Formation_pmag_files/Teel_Formation_pmag_160_0.png>] <Teel_Formation_pmag_files/Teel_Formation_pmag_161_0.png, id=384, 435.6275pt x 505.89pt>
File: Teel_Formation_pmag_files/Teel_Formation_pmag_161_0.png Graphic file (type png)
 <use Teel_Formation_pmag_files/Teel_Formation_pmag_161_0.png>
Package pdftex.def Info: Teel_Formation_pmag_files/Teel_Formation_pmag_161_0.png used on input line 1225.
(pdftex.def)             Requested size: 435.62643pt x 505.88875pt.

Underfull \hbox (badness 10000) in paragraph at lines 1227--1228

 []

[49 <./Teel_Formation_pmag_files/Teel_Formation_pmag_161_0.png>] <Teel_Formation_pmag_files/Teel_Formation_pmag_164_0.png, id=392, 478.78876pt x 365.365pt>
File: Teel_Formation_pmag_files/Teel_Formation_pmag_164_0.png Graphic file (type png)
 <use Teel_Formation_pmag_files/Teel_Formation_pmag_164_0.png>
Package pdftex.def Info: Teel_Formation_pmag_files/Teel_Formation_pmag_164_0.png used on input line 1251.
(pdftex.def)             Requested size: 478.78758pt x 365.3641pt.

Underfull \hbox (badness 10000) in paragraph at lines 1253--1254

 []

[50 <./Teel_Formation_pmag_files/Teel_Formation_pmag_164_0.png>] <Teel_Formation_pmag_files/Teel_Formation_pmag_174_0.png, id=398, 570.13pt x 582.175pt>
File: Teel_Formation_pmag_files/Teel_Formation_pmag_174_0.png Graphic file (type png)
 <use Teel_Formation_pmag_files/Teel_Formation_pmag_174_0.png>
Package pdftex.def Info: Teel_Formation_pmag_files/Teel_Formation_pmag_174_0.png used on input line 1309.
(pdftex.def)             Requested size: 570.12862pt x 582.17358pt.
 [51]
Underfull \hbox (badness 10000) in paragraph at lines 1311--1312

 []

<Teel_Formation_pmag_files/Teel_Formation_pmag_176_1.png, id=404, 345.29pt x 355.3275pt>
File: Teel_Formation_pmag_files/Teel_Formation_pmag_176_1.png Graphic file (type png)
 <use Teel_Formation_pmag_files/Teel_Formation_pmag_176_1.png>
Package pdftex.def Info: Teel_Formation_pmag_files/Teel_Formation_pmag_176_1.png used on input line 1321.
(pdftex.def)             Requested size: 345.28914pt x 355.32661pt.
 [52 <./Teel_Formation_pmag_files/Teel_Formation_pmag_174_0.png>]
Underfull \hbox (badness 10000) in paragraph at lines 1323--1324

 []

<Teel_Formation_pmag_files/Teel_Formation_pmag_176_2.png, id=410, 345.29pt x 355.3275pt>
File: Teel_Formation_pmag_files/Teel_Formation_pmag_176_2.png Graphic file (type png)
 <use Teel_Formation_pmag_files/Teel_Formation_pmag_176_2.png>
Package pdftex.def Info: Teel_Formation_pmag_files/Teel_Formation_pmag_176_2.png used on input line 1326.
(pdftex.def)             Requested size: 345.28914pt x 355.32661pt.
 [53 <./Teel_Formation_pmag_files/Teel_Formation_pmag_176_1.png>]
Underfull \hbox (badness 10000) in paragraph at lines 1328--1329

 []

<Teel_Formation_pmag_files/Teel_Formation_pmag_176_4.png, id=416, 395.4775pt x 282.05376pt>
File: Teel_Formation_pmag_files/Teel_Formation_pmag_176_4.png Graphic file (type png)
 <use Teel_Formation_pmag_files/Teel_Formation_pmag_176_4.png>
Package pdftex.def Info: Teel_Formation_pmag_files/Teel_Formation_pmag_176_4.png used on input line 1338.
(pdftex.def)             Requested size: 395.47653pt x 282.05305pt.
 [54 <./Teel_Formation_pmag_files/Teel_Formation_pmag_176_2.png>]
Underfull \hbox (badness 10000) in paragraph at lines 1340--1341

 []

<Teel_Formation_pmag_files/Teel_Formation_pmag_178_0.png, id=422, 546.04pt x 505.89pt>
File: Teel_Formation_pmag_files/Teel_Formation_pmag_178_0.png Graphic file (type png)
 <use Teel_Formation_pmag_files/Teel_Formation_pmag_178_0.png>
Package pdftex.def Info: Teel_Formation_pmag_files/Teel_Formation_pmag_178_0.png used on input line 1347.
(pdftex.def)             Requested size: 546.03867pt x 505.88875pt.
 [55 <./Teel_Formation_pmag_files/Teel_Formation_pmag_176_4.png>]
Underfull \hbox (badness 10000) in paragraph at lines 1349--1350

 []

[56 <./Teel_Formation_pmag_files/Teel_Formation_pmag_178_0.png>] <Teel_Formation_pmag_files/Teel_Formation_pmag_184_0.png, id=435, 573.14125pt x 582.175pt>
File: Teel_Formation_pmag_files/Teel_Formation_pmag_184_0.png Graphic file (type png)
 <use Teel_Formation_pmag_files/Teel_Formation_pmag_184_0.png>
Package pdftex.def Info: Teel_Formation_pmag_files/Teel_Formation_pmag_184_0.png used on input line 1380.
(pdftex.def)             Requested size: 573.13985pt x 582.17358pt.

Underfull \hbox (badness 10000) in paragraph at lines 1382--1383

 []

<Teel_Formation_pmag_files/Teel_Formation_pmag_186_1.png, id=436, 345.29pt x 355.3275pt>
File: Teel_Formation_pmag_files/Teel_Formation_pmag_186_1.png Graphic file (type png)
 <use Teel_Formation_pmag_files/Teel_Formation_pmag_186_1.png>
Package pdftex.def Info: Teel_Formation_pmag_files/Teel_Formation_pmag_186_1.png used on input line 1392.
(pdftex.def)             Requested size: 345.28914pt x 355.32661pt.
 [57 <./Teel_Formation_pmag_files/Teel_Formation_pmag_184_0.png>]
Underfull \hbox (badness 10000) in paragraph at lines 1394--1395

 []

<Teel_Formation_pmag_files/Teel_Formation_pmag_186_2.png, id=442, 345.29pt x 355.3275pt>
File: Teel_Formation_pmag_files/Teel_Formation_pmag_186_2.png Graphic file (type png)
 <use Teel_Formation_pmag_files/Teel_Formation_pmag_186_2.png>
Package pdftex.def Info: Teel_Formation_pmag_files/Teel_Formation_pmag_186_2.png used on input line 1397.
(pdftex.def)             Requested size: 345.28914pt x 355.32661pt.
 [58 <./Teel_Formation_pmag_files/Teel_Formation_pmag_186_1.png>]
Underfull \hbox (badness 10000) in paragraph at lines 1399--1400

 []

<Teel_Formation_pmag_files/Teel_Formation_pmag_186_4.png, id=448, 395.4775pt x 282.05376pt>
File: Teel_Formation_pmag_files/Teel_Formation_pmag_186_4.png Graphic file (type png)
 <use Teel_Formation_pmag_files/Teel_Formation_pmag_186_4.png>
Package pdftex.def Info: Teel_Formation_pmag_files/Teel_Formation_pmag_186_4.png used on input line 1409.
(pdftex.def)             Requested size: 395.47653pt x 282.05305pt.
 [59 <./Teel_Formation_pmag_files/Teel_Formation_pmag_186_2.png>]
Underfull \hbox (badness 10000) in paragraph at lines 1411--1412

 []

<Teel_Formation_pmag_files/Teel_Formation_pmag_188_0.png, id=454, 481.8pt x 394.47375pt>
File: Teel_Formation_pmag_files/Teel_Formation_pmag_188_0.png Graphic file (type png)
 <use Teel_Formation_pmag_files/Teel_Formation_pmag_188_0.png>
Package pdftex.def Info: Teel_Formation_pmag_files/Teel_Formation_pmag_188_0.png used on input line 1419.
(pdftex.def)             Requested size: 481.79881pt x 394.47278pt.
 [60 <./Teel_Formation_pmag_files/Teel_Formation_pmag_186_4.png>]
Underfull \hbox (badness 10000) in paragraph at lines 1421--1422

 []

<Teel_Formation_pmag_files/Teel_Formation_pmag_189_0.png, id=460, 491.8375pt x 394.47375pt>
File: Teel_Formation_pmag_files/Teel_Formation_pmag_189_0.png Graphic file (type png)
 <use Teel_Formation_pmag_files/Teel_Formation_pmag_189_0.png>
Package pdftex.def Info: Teel_Formation_pmag_files/Teel_Formation_pmag_189_0.png used on input line 1425.
(pdftex.def)             Requested size: 491.83629pt x 394.47278pt.
 [61 <./Teel_Formation_pmag_files/Teel_Formation_pmag_188_0.png>]
Underfull \hbox (badness 10000) in paragraph at lines 1427--1428

 []

[62 <./Teel_Formation_pmag_files/Teel_Formation_pmag_189_0.png>] <Teel_Formation_pmag_files/Teel_Formation_pmag_195_0.png, id=473, 570.13pt x 582.175pt>
File: Teel_Formation_pmag_files/Teel_Formation_pmag_195_0.png Graphic file (type png)
 <use Teel_Formation_pmag_files/Teel_Formation_pmag_195_0.png>
Package pdftex.def Info: Teel_Formation_pmag_files/Teel_Formation_pmag_195_0.png used on input line 1487.
(pdftex.def)             Requested size: 570.12862pt x 582.17358pt.
 [63]
Underfull \hbox (badness 10000) in paragraph at lines 1489--1490

 []

<Teel_Formation_pmag_files/Teel_Formation_pmag_197_1.png, id=478, 345.29pt x 355.3275pt>
File: Teel_Formation_pmag_files/Teel_Formation_pmag_197_1.png Graphic file (type png)
 <use Teel_Formation_pmag_files/Teel_Formation_pmag_197_1.png>
Package pdftex.def Info: Teel_Formation_pmag_files/Teel_Formation_pmag_197_1.png used on input line 1500.
(pdftex.def)             Requested size: 345.28914pt x 355.32661pt.
 [64 <./Teel_Formation_pmag_files/Teel_Formation_pmag_195_0.png>]
Underfull \hbox (badness 10000) in paragraph at lines 1502--1503

 []

<Teel_Formation_pmag_files/Teel_Formation_pmag_197_2.png, id=485, 345.29pt x 355.3275pt>
File: Teel_Formation_pmag_files/Teel_Formation_pmag_197_2.png Graphic file (type png)
 <use Teel_Formation_pmag_files/Teel_Formation_pmag_197_2.png>
Package pdftex.def Info: Teel_Formation_pmag_files/Teel_Formation_pmag_197_2.png used on input line 1505.
(pdftex.def)             Requested size: 345.28914pt x 355.32661pt.
 [65 <./Teel_Formation_pmag_files/Teel_Formation_pmag_197_1.png>]
Underfull \hbox (badness 10000) in paragraph at lines 1507--1508

 []

<Teel_Formation_pmag_files/Teel_Formation_pmag_197_4.png, id=491, 395.4775pt x 282.05376pt>
File: Teel_Formation_pmag_files/Teel_Formation_pmag_197_4.png Graphic file (type png)
 <use Teel_Formation_pmag_files/Teel_Formation_pmag_197_4.png>
Package pdftex.def Info: Teel_Formation_pmag_files/Teel_Formation_pmag_197_4.png used on input line 1517.
(pdftex.def)             Requested size: 395.47653pt x 282.05305pt.
 [66 <./Teel_Formation_pmag_files/Teel_Formation_pmag_197_2.png>]
Underfull \hbox (badness 10000) in paragraph at lines 1519--1520

 []

LaTeX Font Info:    Try loading font information for OMS+cmr on input line 1552.
(/usr/local/texlive/2015/texmf-dist/tex/latex/base/omscmr.fd
File: omscmr.fd 2014/09/29 v2.5h Standard LaTeX font definitions
)
LaTeX Font Info:    Font shape `OMS/cmr/m/n' in size <10.95> not available
(Font)              Font shape `OMS/cmsy/m/n' tried instead on input line 1552.
 [67 <./Teel_Formation_pmag_files/Teel_Formation_pmag_197_4.png>] <Teel_Formation_pmag_files/Teel_Formation_pmag_208_0.png, id=505, 421.575pt x 505.89pt>
File: Teel_Formation_pmag_files/Teel_Formation_pmag_208_0.png Graphic file (type png)
 <use Teel_Formation_pmag_files/Teel_Formation_pmag_208_0.png>
Package pdftex.def Info: Teel_Formation_pmag_files/Teel_Formation_pmag_208_0.png used on input line 1583.
(pdftex.def)             Requested size: 421.57396pt x 505.88875pt.
 [68]
Underfull \hbox (badness 10000) in paragraph at lines 1585--1586

 []

<Teel_Formation_pmag_files/Teel_Formation_pmag_210_0.png, id=510, 404.51125pt x 437.635pt>
File: Teel_Formation_pmag_files/Teel_Formation_pmag_210_0.png Graphic file (type png)
 <use Teel_Formation_pmag_files/Teel_Formation_pmag_210_0.png>
Package pdftex.def Info: Teel_Formation_pmag_files/Teel_Formation_pmag_210_0.png used on input line 1593.
(pdftex.def)             Requested size: 404.51025pt x 437.63393pt.
 [69 <./Teel_Formation_pmag_files/Teel_Formation_pmag_208_0.png>]
Underfull \hbox (badness 10000) in paragraph at lines 1595--1596

 []

[70 <./Teel_Formation_pmag_files/Teel_Formation_pmag_210_0.png>] [71] [72] <Teel_Formation_pmag_files/Teel_Formation_pmag_218_0.png, id=529, 445.665pt x 420.57124pt>
File: Teel_Formation_pmag_files/Teel_Formation_pmag_218_0.png Graphic file (type png)
 <use Teel_Formation_pmag_files/Teel_Formation_pmag_218_0.png>
Package pdftex.def Info: Teel_Formation_pmag_files/Teel_Formation_pmag_218_0.png used on input line 1757.
(pdftex.def)             Requested size: 445.66391pt x 420.57022pt.
 [73]
Underfull \hbox (badness 10000) in paragraph at lines 1759--1760

 []

<Teel_Formation_pmag_files/Teel_Formation_pmag_222_0.png, id=535, 639.3486pt x 389.2944pt>
File: Teel_Formation_pmag_files/Teel_Formation_pmag_222_0.png Graphic file (type png)
 <use Teel_Formation_pmag_files/Teel_Formation_pmag_222_0.png>
Package pdftex.def Info: Teel_Formation_pmag_files/Teel_Formation_pmag_222_0.png used on input line 1769.
(pdftex.def)             Requested size: 639.34703pt x 389.29344pt.
 [74 <./Teel_Formation_pmag_files/Teel_Formation_pmag_218_0.png>]
Underfull \hbox (badness 10000) in paragraph at lines 1771--1772

 []

<Teel_Formation_pmag_files/Teel_Formation_pmag_225_1.png, id=542, 421.575pt x 505.89pt>
File: Teel_Formation_pmag_files/Teel_Formation_pmag_225_1.png Graphic file (type png)
 <use Teel_Formation_pmag_files/Teel_Formation_pmag_225_1.png>
Package pdftex.def Info: Teel_Formation_pmag_files/Teel_Formation_pmag_225_1.png used on input line 1802.
(pdftex.def)             Requested size: 421.57396pt x 505.88875pt.
 [75 <./Teel_Formation_pmag_files/Teel_Formation_pmag_222_0.png>]
Underfull \hbox (badness 10000) in paragraph at lines 1804--1805

 []

[76 <./Teel_Formation_pmag_files/Teel_Formation_pmag_225_1.png>] <Teel_Formation_pmag_files/Teel_Formation_pmag_228_0.png, id=554, 576.1525pt x 476.78125pt>
File: Teel_Formation_pmag_files/Teel_Formation_pmag_228_0.png Graphic file (type png)
 <use Teel_Formation_pmag_files/Teel_Formation_pmag_228_0.png>
Package pdftex.def Info: Teel_Formation_pmag_files/Teel_Formation_pmag_228_0.png used on input line 1821.
(pdftex.def)             Requested size: 576.15108pt x 476.78008pt.

Underfull \hbox (badness 10000) in paragraph at lines 1823--1824

 []

[77 <./Teel_Formation_pmag_files/Teel_Formation_pmag_228_0.png>] [78] <Teel_Formation_pmag_files/Teel_Formation_pmag_234_0.png, id=564, 624.3325pt x 366.36874pt>
File: Teel_Formation_pmag_files/Teel_Formation_pmag_234_0.png Graphic file (type png)
 <use Teel_Formation_pmag_files/Teel_Formation_pmag_234_0.png>
Package pdftex.def Info: Teel_Formation_pmag_files/Teel_Formation_pmag_234_0.png used on input line 1920.
(pdftex.def)             Requested size: 624.33098pt x 366.36784pt.

Underfull \hbox (badness 10000) in paragraph at lines 1922--1923

 []

[79 <./Teel_Formation_pmag_files/Teel_Formation_pmag_234_0.png>] <Teel_Formation_pmag_files/Teel_Formation_pmag_238_1.png, id=571, 904.37875pt x 547.04375pt>
File: Teel_Formation_pmag_files/Teel_Formation_pmag_238_1.png Graphic file (type png)
 <use Teel_Formation_pmag_files/Teel_Formation_pmag_238_1.png>
Package pdftex.def Info: Teel_Formation_pmag_files/Teel_Formation_pmag_238_1.png used on input line 1966.
(pdftex.def)             Requested size: 904.37656pt x 547.0424pt.

Underfull \hbox (badness 10000) in paragraph at lines 1968--1969

 []

[80 <./Teel_Formation_pmag_files/Teel_Formation_pmag_238_1.png>] <Teel_Formation_pmag_files/Teel_Formation_pmag_243_0.png, id=577, 714.67pt x 726.715pt>
File: Teel_Formation_pmag_files/Teel_Formation_pmag_243_0.png Graphic file (type png)
 <use Teel_Formation_pmag_files/Teel_Formation_pmag_243_0.png>
Package pdftex.def Info: Teel_Formation_pmag_files/Teel_Formation_pmag_243_0.png used on input line 2015.
(pdftex.def)             Requested size: 714.66824pt x 726.71321pt.
 [81]
Underfull \hbox (badness 10000) in paragraph at lines 2017--2018

 []

<Teel_Formation_pmag_files/Teel_Formation_pmag_245_0.png, id=582, 714.67pt x 726.715pt>
File: Teel_Formation_pmag_files/Teel_Formation_pmag_245_0.png Graphic file (type png)
 <use Teel_Formation_pmag_files/Teel_Formation_pmag_245_0.png>
Package pdftex.def Info: Teel_Formation_pmag_files/Teel_Formation_pmag_245_0.png used on input line 2023.
(pdftex.def)             Requested size: 714.66824pt x 726.71321pt.
 [82 <./Teel_Formation_pmag_files/Teel_Formation_pmag_243_0.png>]
Underfull \hbox (badness 10000) in paragraph at lines 2025--2026

 []

<Teel_Formation_pmag_files/Teel_Formation_pmag_247_0.png, id=588, 714.67pt x 726.715pt>
File: Teel_Formation_pmag_files/Teel_Formation_pmag_247_0.png Graphic file (type png)
 <use Teel_Formation_pmag_files/Teel_Formation_pmag_247_0.png>
Package pdftex.def Info: Teel_Formation_pmag_files/Teel_Formation_pmag_247_0.png used on input line 2034.
(pdftex.def)             Requested size: 714.66824pt x 726.71321pt.
 [83 <./Teel_Formation_pmag_files/Teel_Formation_pmag_245_0.png>]
Underfull \hbox (badness 10000) in paragraph at lines 2036--2037

 []

[84 <./Teel_Formation_pmag_files/Teel_Formation_pmag_247_0.png>]
Package atveryend Info: Empty hook `BeforeClearDocument' on input line 2123.
 [85]
Package atveryend Info: Empty hook `AfterLastShipout' on input line 2123.
 (/Users/taylorkilian/2016_Teel_Basalts/Code/.texpadtmp/Teel_Formation_pmag.aux)
Package atveryend Info: Executing hook `AtVeryEndDocument' on input line 2123.
Package atveryend Info: Executing hook `AtEndAfterFileList' on input line 2123.
Package rerunfilecheck Info: File `Teel_Formation_pmag.out' has not changed.
(rerunfilecheck)             Checksum: <no file>.


LaTeX Font Warning: Some font shapes were not available, defaults substituted.

Package atveryend Info: Empty hook `AtVeryVeryEnd' on input line 2123.
 ) 
Here is how much of TeX's memory you used:
 9275 strings out of 493089
 147278 string characters out of 6134842
 238872 words of memory out of 5000000
 12454 multiletter control sequences out of 15000+600000
 11626 words of font info for 45 fonts, out of 8000000 for 9000
 1141 hyphenation exceptions out of 8191
 36i,6n,35p,396b,480s stack positions out of 5000i,500n,10000p,200000b,80000s
</usr/local/texlive/2015/texmf-dist/fonts/type1/public/amsfonts/cm/cmbx10.pfb></usr/local/texlive/2015/texmf-dist/fonts/type1/public/amsfonts/cm/cmbx12.pfb></usr/local/texlive/2015/texmf-dist/fonts/type1/public/amsfonts/cm/cmr10.pfb></usr/local/texlive/2015/texmf-dist/fonts/type1/public/amsfonts/cm/cmr12.pfb></usr/local/texlive/2015/texmf-dist/fonts/type1/public/amsfonts/cm/cmr17.pfb></usr/local/texlive/2015/texmf-dist/fonts/type1/public/amsfonts/cm/cmr8.pfb></usr/local/texlive/2015/texmf-dist/fonts/type1/public/amsfonts/cm/cmsy10.pfb></usr/local/texlive/2015/texmf-dist/fonts/type1/public/amsfonts/cm/cmtt10.pfb>
Output written on /Users/taylorkilian/2016_Teel_Basalts/Code/.texpadtmp/Teel_Formation_pmag.pdf (85 pages, 3014063 bytes).
PDF statistics:
 666 PDF objects out of 1000 (max. 8388607)
 437 compressed objects within 5 object streams
 142 named destinations out of 1000 (max. 500000)
 422 words of extra memory for PDF output out of 10000 (max. 10000000)

